[2024-09-26T17:23:36.242+0000] {taskinstance.py:1157} INFO - Dependencies all met for dep_context=non-requeueable deps ti=<TaskInstance: flats.create_dims manual__2024-09-26T17:23:08.043218+00:00 [queued]>
[2024-09-26T17:23:36.250+0000] {taskinstance.py:1157} INFO - Dependencies all met for dep_context=requeueable deps ti=<TaskInstance: flats.create_dims manual__2024-09-26T17:23:08.043218+00:00 [queued]>
[2024-09-26T17:23:36.251+0000] {taskinstance.py:1359} INFO - Starting attempt 1 of 1
[2024-09-26T17:23:36.259+0000] {taskinstance.py:1380} INFO - Executing <Task(PostgresOperator): create_dims> on 2024-09-26 17:23:08.043218+00:00
[2024-09-26T17:23:36.264+0000] {standard_task_runner.py:57} INFO - Started process 817 to run task
[2024-09-26T17:23:36.268+0000] {standard_task_runner.py:84} INFO - Running: ['***', 'tasks', 'run', 'flats', 'create_dims', 'manual__2024-09-26T17:23:08.043218+00:00', '--job-id', '91', '--raw', '--subdir', 'DAGS_FOLDER/flats.py', '--cfg-path', '/tmp/tmp9hxg87o8']
[2024-09-26T17:23:36.271+0000] {standard_task_runner.py:85} INFO - Job 91: Subtask create_dims
[2024-09-26T17:23:36.307+0000] {task_command.py:415} INFO - Running <TaskInstance: flats.create_dims manual__2024-09-26T17:23:08.043218+00:00 [running]> on host 5096eb060c49
[2024-09-26T17:23:36.359+0000] {taskinstance.py:1660} INFO - Exporting env vars: AIRFLOW_CTX_DAG_OWNER='***' AIRFLOW_CTX_DAG_ID='flats' AIRFLOW_CTX_TASK_ID='create_dims' AIRFLOW_CTX_EXECUTION_DATE='2024-09-26T17:23:08.043218+00:00' AIRFLOW_CTX_TRY_NUMBER='1' AIRFLOW_CTX_DAG_RUN_ID='manual__2024-09-26T17:23:08.043218+00:00'
[2024-09-26T17:23:36.360+0000] {sql.py:274} INFO - Executing: INSERT INTO dim_text (description,processed_dttm,source) VALUES ('Квартира на набережной реки! Видовая дизайнерская студия с новым качественным ремонтом, укомплектованная всей необходимой мебелью и техникой в ЖК "Западный порт". Вся инфраструктура - рестораны, кафе, химчистка, аптека, фитнес, супермаркет.
Хорошая транспортная доступность, метро Фили 5 минут пешком, до делового центра Москва-Сити 10 мин. на авто.
Закрытая охраняемая территория, круглосуточное видеонаблюдение. Подземный паркинг. Вход и въезд строго через охрану и по пропускам.
Солнечная квартира с видом на Москва Сити.
Агентствам и Брокерам без клиента просьба не беспокоить!','2024-09-26 17:23:32','m2');
INSERT INTO dim_text (description,processed_dttm,source) VALUES ('Цена указана со скидкой 35%
В Нижегородском районе (ЮВАО) столицы продаётся 1-комнатная квартира площадью 34.6 кв.м без отделки. Квартира расположена на 32 этаже 37-этажного корпуса «3» в жилом комплексе комфорт-класса Level Нижегородская (компания Level Group).
Отличная транспортная доступность
- 10 мин. пешком до станции метро, МЦД - 4, БКЛ и МЦК «Нижегородская»
- 13 мин. пешком до станций метро «Андроновка» и «Перово»
- 10 мин. на авто до ТТК
- 14 мин. на авто до Садового кольца
Внутренняя инфраструктура и благоустройство
В проекте тщательно продумана внутренняя инфраструктура: на первых этажах появятся магазины, аптеки, салоны красоты и другие сервисы.
На внутренней территории комплекса предусмотрен закрытый двор 0,9 га, который будет включать в себя всё для комфортного досуга: детские площадки, зоны для занятий спортом и прогулок, приватные локации для работы и отдыха. Также на прилегающей территории жилого комплекса Level Нижегородская будет создан зеленый парк площадью 2,1 га.
Артикул 44412.','2024-09-26 17:23:32','m2');
INSERT INTO dim_district (district,processed_dttm,source) VALUES ('ЗАО','2024-09-26 17:23:32','m2');
INSERT INTO dim_district (district,processed_dttm,source) VALUES ('ЮВАО','2024-09-26 17:23:32','m2');
INSERT INTO dim_metro (metro_station,metro_time,processed_dttm,source) VALUES ('Фили',8,'2024-09-26 17:23:32','m2');
INSERT INTO dim_metro (metro_station,metro_time,processed_dttm,source) VALUES ('Нижегородская',18,'2024-09-26 17:23:32','m2');
INSERT INTO dim_seller (seller,seller_type,processed_dttm,source) VALUES ('Анастасия Малын','Агент','2024-09-26 17:23:32','m2');
INSERT INTO dim_seller (seller,seller_type,processed_dttm,source) VALUES (' СЗ "ЛЕВЕЛ НИЖЕГОРОДСКАЯ"Level Group','Застройщик','2024-09-26 17:23:32','m2');
INSERT INTO dim_advt (active,url,processed_dttm,source) VALUES (1,'https://m2.ru/moskva/nedvizhimost/prodazha-kvartiri-studii-26-m-19-20-etazh-481831b1-e812-4337-a7b4-9bb913ee420c/','2024-09-26 17:23:32','m2');
INSERT INTO dim_advt (active,url,processed_dttm,source) VALUES (1,'https://m2.ru/moskva/nedvizhimost/prodazha-1-komnatnoi-kvartiri-34-6-m-32-37-etazh-238eeee1-813d-43c1-aacd-d6e163914bf4/','2024-09-26 17:23:32','m2');
INSERT INTO dim_building (address,wall_material,max_floor,type,processed_dttm,source) VALUES ('Москва, ЗАО, Филёвский Парк, Большая Филёвская улица, 3к3','монолит',20,'новостройка','2024-09-26 17:23:32','m2');
INSERT INTO dim_building (address,wall_material,max_floor,type,processed_dttm,source) VALUES ('Москва, ЮВАО, Нижегородский район, Перовское шоссе, 21',NULL,37,'новостройка','2024-09-26 17:23:32','m2');
INSERT INTO dim_flat_params (floor,rooms,area,furniture,repair,kitchen_furniture,wcs,washing_machine,ceil_height,processed_dttm,source) VALUES (19,0.5,26.0,1.0,'Дизайнерский',1.0,1,1.0,2.7,'2024-09-26 17:23:32','m2');
INSERT INTO dim_flat_params (floor,rooms,area,furniture,repair,kitchen_furniture,wcs,washing_machine,ceil_height,processed_dttm,source) VALUES (32,1.0,34.6,NULL,NULL,NULL,1,NULL,2.85,'2024-09-26 17:23:32','m2');
INSERT INTO dim_geo (lat,lon,processed_dttm,source) VALUES (55.749152,37.518695,'2024-09-26 17:23:32','dadata');
INSERT INTO dim_geo (lat,lon,processed_dttm,source) VALUES (55.736144,37.746544,'2024-09-26 17:23:32','dadata');
[2024-09-26T17:23:36.368+0000] {base.py:73} INFO - Using connection ID 'postgres_conn' for task execution.
[2024-09-26T17:23:36.483+0000] {base.py:73} INFO - Using connection ID 'postgres_conn' for task execution.
[2024-09-26T17:23:36.798+0000] {sql.py:418} INFO - Running statement: INSERT INTO dim_text (description,processed_dttm,source) VALUES ('Квартира на набережной реки! Видовая дизайнерская студия с новым качественным ремонтом, укомплектованная всей необходимой мебелью и техникой в ЖК "Западный порт". Вся инфраструктура - рестораны, кафе, химчистка, аптека, фитнес, супермаркет.
Хорошая транспортная доступность, метро Фили 5 минут пешком, до делового центра Москва-Сити 10 мин. на авто.
Закрытая охраняемая территория, круглосуточное видеонаблюдение. Подземный паркинг. Вход и въезд строго через охрану и по пропускам.
Солнечная квартира с видом на Москва Сити.
Агентствам и Брокерам без клиента просьба не беспокоить!','2024-09-26 17:23:32','m2');
INSERT INTO dim_text (description,processed_dttm,source) VALUES ('Цена указана со скидкой 35%
В Нижегородском районе (ЮВАО) столицы продаётся 1-комнатная квартира площадью 34.6 кв.м без отделки. Квартира расположена на 32 этаже 37-этажного корпуса «3» в жилом комплексе комфорт-класса Level Нижегородская (компания Level Group).
Отличная транспортная доступность
- 10 мин. пешком до станции метро, МЦД - 4, БКЛ и МЦК «Нижегородская»
- 13 мин. пешком до станций метро «Андроновка» и «Перово»
- 10 мин. на авто до ТТК
- 14 мин. на авто до Садового кольца
Внутренняя инфраструктура и благоустройство
В проекте тщательно продумана внутренняя инфраструктура: на первых этажах появятся магазины, аптеки, салоны красоты и другие сервисы.
На внутренней территории комплекса предусмотрен закрытый двор 0,9 га, который будет включать в себя всё для комфортного досуга: детские площадки, зоны для занятий спортом и прогулок, приватные локации для работы и отдыха. Также на прилегающей территории жилого комплекса Level Нижегородская будет создан зеленый парк площадью 2,1 га.
Артикул 44412.','2024-09-26 17:23:32','m2');
INSERT INTO dim_district (district,processed_dttm,source) VALUES ('ЗАО','2024-09-26 17:23:32','m2');
INSERT INTO dim_district (district,processed_dttm,source) VALUES ('ЮВАО','2024-09-26 17:23:32','m2');
INSERT INTO dim_metro (metro_station,metro_time,processed_dttm,source) VALUES ('Фили',8,'2024-09-26 17:23:32','m2');
INSERT INTO dim_metro (metro_station,metro_time,processed_dttm,source) VALUES ('Нижегородская',18,'2024-09-26 17:23:32','m2');
INSERT INTO dim_seller (seller,seller_type,processed_dttm,source) VALUES ('Анастасия Малын','Агент','2024-09-26 17:23:32','m2');
INSERT INTO dim_seller (seller,seller_type,processed_dttm,source) VALUES (' СЗ "ЛЕВЕЛ НИЖЕГОРОДСКАЯ"Level Group','Застройщик','2024-09-26 17:23:32','m2');
INSERT INTO dim_advt (active,url,processed_dttm,source) VALUES (1,'https://m2.ru/moskva/nedvizhimost/prodazha-kvartiri-studii-26-m-19-20-etazh-481831b1-e812-4337-a7b4-9bb913ee420c/','2024-09-26 17:23:32','m2');
INSERT INTO dim_advt (active,url,processed_dttm,source) VALUES (1,'https://m2.ru/moskva/nedvizhimost/prodazha-1-komnatnoi-kvartiri-34-6-m-32-37-etazh-238eeee1-813d-43c1-aacd-d6e163914bf4/','2024-09-26 17:23:32','m2');
INSERT INTO dim_building (address,wall_material,max_floor,type,processed_dttm,source) VALUES ('Москва, ЗАО, Филёвский Парк, Большая Филёвская улица, 3к3','монолит',20,'новостройка','2024-09-26 17:23:32','m2');
INSERT INTO dim_building (address,wall_material,max_floor,type,processed_dttm,source) VALUES ('Москва, ЮВАО, Нижегородский район, Перовское шоссе, 21',NULL,37,'новостройка','2024-09-26 17:23:32','m2');
INSERT INTO dim_flat_params (floor,rooms,area,furniture,repair,kitchen_furniture,wcs,washing_machine,ceil_height,processed_dttm,source) VALUES (19,0.5,26.0,1.0,'Дизайнерский',1.0,1,1.0,2.7,'2024-09-26 17:23:32','m2');
INSERT INTO dim_flat_params (floor,rooms,area,furniture,repair,kitchen_furniture,wcs,washing_machine,ceil_height,processed_dttm,source) VALUES (32,1.0,34.6,NULL,NULL,NULL,1,NULL,2.85,'2024-09-26 17:23:32','m2');
INSERT INTO dim_geo (lat,lon,processed_dttm,source) VALUES (55.749152,37.518695,'2024-09-26 17:23:32','dadata');
INSERT INTO dim_geo (lat,lon,processed_dttm,source) VALUES (55.736144,37.746544,'2024-09-26 17:23:32','dadata');, parameters: None
[2024-09-26T17:23:36.946+0000] {sql.py:427} INFO - Rows affected: 1
[2024-09-26T17:23:37.005+0000] {taskinstance.py:1398} INFO - Marking task as SUCCESS. dag_id=flats, task_id=create_dims, execution_date=20240926T172308, start_date=20240926T172336, end_date=20240926T172337
[2024-09-26T17:23:37.045+0000] {local_task_job_runner.py:228} INFO - Task exited with return code 0
[2024-09-26T17:23:37.061+0000] {taskinstance.py:2776} INFO - 1 downstream tasks scheduled from follow-on schedule check
