[2024-09-29T09:11:47.658+0000] {taskinstance.py:1157} INFO - Dependencies all met for dep_context=non-requeueable deps ti=<TaskInstance: flats.create_facts manual__2024-09-29T09:10:16.431244+00:00 [queued]>
[2024-09-29T09:11:47.667+0000] {taskinstance.py:1157} INFO - Dependencies all met for dep_context=requeueable deps ti=<TaskInstance: flats.create_facts manual__2024-09-29T09:10:16.431244+00:00 [queued]>
[2024-09-29T09:11:47.667+0000] {taskinstance.py:1359} INFO - Starting attempt 1 of 1
[2024-09-29T09:11:47.680+0000] {taskinstance.py:1380} INFO - Executing <Task(PostgresOperator): create_facts> on 2024-09-29 09:10:16.431244+00:00
[2024-09-29T09:11:47.687+0000] {standard_task_runner.py:57} INFO - Started process 273 to run task
[2024-09-29T09:11:47.691+0000] {standard_task_runner.py:84} INFO - Running: ['***', 'tasks', 'run', 'flats', 'create_facts', 'manual__2024-09-29T09:10:16.431244+00:00', '--job-id', '220', '--raw', '--subdir', 'DAGS_FOLDER/flats.py', '--cfg-path', '/tmp/tmpcz30ztht']
[2024-09-29T09:11:47.694+0000] {standard_task_runner.py:85} INFO - Job 220: Subtask create_facts
[2024-09-29T09:11:47.740+0000] {task_command.py:415} INFO - Running <TaskInstance: flats.create_facts manual__2024-09-29T09:10:16.431244+00:00 [running]> on host 5096eb060c49
[2024-09-29T09:11:47.830+0000] {taskinstance.py:1660} INFO - Exporting env vars: AIRFLOW_CTX_DAG_OWNER='***' AIRFLOW_CTX_DAG_ID='flats' AIRFLOW_CTX_TASK_ID='create_facts' AIRFLOW_CTX_EXECUTION_DATE='2024-09-29T09:10:16.431244+00:00' AIRFLOW_CTX_TRY_NUMBER='1' AIRFLOW_CTX_DAG_RUN_ID='manual__2024-09-29T09:10:16.431244+00:00'
[2024-09-29T09:11:47.832+0000] {sql.py:274} INFO - Executing: INSERT INTO fact_flat (price,processed_dttm,source) VALUES (26000000,'2024-09-29 09:11:34','m2');
INSERT INTO fact_flat (price,processed_dttm,source) VALUES (26233527,'2024-09-29 09:11:34','m2');
INSERT INTO fact_flat (price,processed_dttm,source) VALUES (9800000,'2024-09-29 09:11:34','m2');
INSERT INTO fact_flat (price,processed_dttm,source) VALUES (22101000,'2024-09-29 09:11:34','m2');
INSERT INTO fact_flat (price,processed_dttm,source) VALUES (10800000,'2024-09-29 09:11:34','m2');
INSERT INTO fact_flat (price,processed_dttm,source) VALUES (11739189,'2024-09-29 09:11:34','m2');
INSERT INTO fact_flat (price,processed_dttm,source) VALUES (11999999,'2024-09-29 09:11:34','m2');
INSERT INTO fact_flat (price,processed_dttm,source) VALUES (27504646,'2024-09-29 09:11:34','m2');
INSERT INTO fact_flat (price,processed_dttm,source) VALUES (10000000,'2024-09-29 09:11:34','m2');
INSERT INTO fact_flat (price,processed_dttm,source) VALUES (18806848,'2024-09-29 09:11:34','m2');
INSERT INTO fact_flat (price,processed_dttm,source) VALUES (10000000,'2024-09-29 09:11:34','m2');
INSERT INTO fact_flat (price,processed_dttm,source) VALUES (28994747,'2024-09-29 09:11:34','m2');
INSERT INTO fact_flat (price,processed_dttm,source) VALUES (37000000,'2024-09-29 09:11:34','m2');
INSERT INTO fact_flat (price,processed_dttm,source) VALUES (14710605,'2024-09-29 09:11:34','m2');
INSERT INTO fact_flat (price,processed_dttm,source) VALUES (12900000,'2024-09-29 09:11:34','m2');
INSERT INTO fact_flat (price,processed_dttm,source) VALUES (20690307,'2024-09-29 09:11:34','m2');
INSERT INTO fact_flat (price,processed_dttm,source) VALUES (24900000,'2024-09-29 09:11:34','m2');
INSERT INTO fact_flat (price,processed_dttm,source) VALUES (30699596,'2024-09-29 09:11:34','m2');
INSERT INTO fact_flat (price,processed_dttm,source) VALUES (12500000,'2024-09-29 09:11:34','m2');
INSERT INTO fact_flat (price,processed_dttm,source) VALUES (16805556,'2024-09-29 09:11:34','m2');
INSERT INTO fact_flat (price,processed_dttm,source) VALUES (13500000,'2024-09-29 09:11:34','m2');
INSERT INTO fact_flat (price,processed_dttm,source) VALUES (11008557,'2024-09-29 09:11:34','m2');
INSERT INTO fact_flat (price,processed_dttm,source) VALUES (11100000,'2024-09-29 09:11:34','m2');
INSERT INTO fact_flat (price,processed_dttm,source) VALUES (10610865,'2024-09-29 09:11:34','m2');
INSERT INTO fact_flat (price,processed_dttm,source) VALUES (10900000,'2024-09-29 09:11:34','m2');
INSERT INTO fact_flat (price,processed_dttm,source) VALUES (37913211,'2024-09-29 09:11:34','m2');
INSERT INTO fact_flat (price,processed_dttm,source) VALUES (17500000,'2024-09-29 09:11:34','m2');
INSERT INTO fact_flat (price,processed_dttm,source) VALUES (24467369,'2024-09-29 09:11:34','m2');
INSERT INTO fact_flat (price,processed_dttm,source) VALUES (9630000,'2024-09-29 09:11:34','m2');
INSERT INTO fact_flat (price,processed_dttm,source) VALUES (20882727,'2024-09-29 09:11:34','m2');
INSERT INTO fact_flat (price,processed_dttm,source) VALUES (9900000,'2024-09-29 09:11:34','m2');
INSERT INTO fact_flat (price,processed_dttm,source) VALUES (10934160,'2024-09-29 09:11:34','m2');
INSERT INTO fact_flat (price,processed_dttm,source) VALUES (15300000,'2024-09-29 09:11:34','m2');
INSERT INTO fact_flat (price,processed_dttm,source) VALUES (20679192,'2024-09-29 09:11:34','m2');
INSERT INTO fact_flat (price,processed_dttm,source) VALUES (10800000,'2024-09-29 09:11:34','m2');
INSERT INTO fact_flat (price,processed_dttm,source) VALUES (11044961,'2024-09-29 09:11:34','m2');
INSERT INTO fact_flat (price,processed_dttm,source) VALUES (15750000,'2024-09-29 09:11:34','m2');
INSERT INTO fact_flat (price,processed_dttm,source) VALUES (33239389,'2024-09-29 09:11:34','m2');
INSERT INTO fact_flat (price,processed_dttm,source) VALUES (15000000,'2024-09-29 09:11:34','m2');
INSERT INTO fact_flat (price,processed_dttm,source) VALUES (12100702,'2024-09-29 09:11:34','m2');
INSERT INTO fact_flat (price,processed_dttm,source) VALUES (12500000,'2024-09-29 09:11:34','m2');
INSERT INTO fact_flat (price,processed_dttm,source) VALUES (29778216,'2024-09-29 09:11:34','m2');
INSERT INTO fact_flat (price,processed_dttm,source) VALUES (13500000,'2024-09-29 09:11:34','m2');
INSERT INTO fact_flat (price,processed_dttm,source) VALUES (10808480,'2024-09-29 09:11:34','m2');
INSERT INTO fact_flat (price,processed_dttm,source) VALUES (19900000,'2024-09-29 09:11:34','m2');
INSERT INTO fact_flat (price,processed_dttm,source) VALUES (10238020,'2024-09-29 09:11:34','m2');
INSERT INTO fact_flat (price,processed_dttm,source) VALUES (11000000,'2024-09-29 09:11:34','m2');
INSERT INTO fact_flat (price,processed_dttm,source) VALUES (19795778,'2024-09-29 09:11:34','m2');
INSERT INTO fact_flat (price,processed_dttm,source) VALUES (9500000,'2024-09-29 09:11:34','m2');
INSERT INTO fact_flat (price,processed_dttm,source) VALUES (18317220,'2024-09-29 09:11:34','m2');
INSERT INTO fact_flat (price,processed_dttm,source) VALUES (8280000,'2024-09-29 09:11:34','m2');
INSERT INTO fact_flat (price,processed_dttm,source) VALUES (19645497,'2024-09-29 09:11:34','m2');
INSERT INTO fact_flat (price,processed_dttm,source) VALUES (12000000,'2024-09-29 09:11:34','m2');
INSERT INTO fact_flat (price,processed_dttm,source) VALUES (8129100,'2024-09-29 09:11:34','m2');
INSERT INTO fact_flat (price,processed_dttm,source) VALUES (11500000,'2024-09-29 09:11:34','m2');
INSERT INTO fact_flat (price,processed_dttm,source) VALUES (26160000,'2024-09-29 09:11:34','m2');
INSERT INTO fact_flat (price,processed_dttm,source) VALUES (11500000,'2024-09-29 09:11:34','m2');
INSERT INTO fact_flat (price,processed_dttm,source) VALUES (23703219,'2024-09-29 09:11:34','m2');
INSERT INTO fact_flat (price,processed_dttm,source) VALUES (31000000,'2024-09-29 09:11:34','m2');
INSERT INTO fact_flat (price,processed_dttm,source) VALUES (7709818,'2024-09-29 09:11:34','m2');
INSERT INTO fact_flat (price,processed_dttm,source) VALUES (11200000,'2024-09-29 09:11:34','m2');
INSERT INTO fact_flat (price,processed_dttm,source) VALUES (11428109,'2024-09-29 09:11:34','m2');
INSERT INTO fact_flat (price,processed_dttm,source) VALUES (11500000,'2024-09-29 09:11:34','m2');
INSERT INTO fact_flat (price,processed_dttm,source) VALUES (7707794,'2024-09-29 09:11:34','m2');
INSERT INTO fact_flat (price,processed_dttm,source) VALUES (11500000,'2024-09-29 09:11:34','m2');
INSERT INTO fact_flat (price,processed_dttm,source) VALUES (17769386,'2024-09-29 09:11:34','m2');
INSERT INTO fact_flat (price,processed_dttm,source) VALUES (11900000,'2024-09-29 09:11:34','m2');
INSERT INTO fact_flat (price,processed_dttm,source) VALUES (21687565,'2024-09-29 09:11:34','m2');
INSERT INTO fact_flat (price,processed_dttm,source) VALUES (12000000,'2024-09-29 09:11:34','m2');
INSERT INTO fact_flat (price,processed_dttm,source) VALUES (22337739,'2024-09-29 09:11:34','m2');
INSERT INTO fact_flat (price,processed_dttm,source) VALUES (10280000,'2024-09-29 09:11:34','m2');
INSERT INTO fact_flat (price,processed_dttm,source) VALUES (24897460,'2024-09-29 09:11:34','m2');
INSERT INTO fact_flat (price,processed_dttm,source) VALUES (8550000,'2024-09-29 09:11:34','m2');
INSERT INTO fact_flat (price,processed_dttm,source) VALUES (23510576,'2024-09-29 09:11:34','m2');
INSERT INTO fact_flat (price,processed_dttm,source) VALUES (12500000,'2024-09-29 09:11:34','m2');
INSERT INTO fact_flat (price,processed_dttm,source) VALUES (20963460,'2024-09-29 09:11:34','m2');
INSERT INTO fact_flat (price,processed_dttm,source) VALUES (9300000,'2024-09-29 09:11:34','m2');
INSERT INTO fact_flat (price,processed_dttm,source) VALUES (12238932,'2024-09-29 09:11:34','m2');
INSERT INTO fact_flat (price,processed_dttm,source) VALUES (13000000,'2024-09-29 09:11:34','m2');
INSERT INTO fact_flat (price,processed_dttm,source) VALUES (18189091,'2024-09-29 09:11:34','m2');
INSERT INTO fact_flat (price,processed_dttm,source) VALUES (14500000,'2024-09-29 09:11:34','m2');
INSERT INTO fact_flat (price,processed_dttm,source) VALUES (10135769,'2024-09-29 09:11:34','m2');
INSERT INTO fact_flat (price,processed_dttm,source) VALUES (12000000,'2024-09-29 09:11:34','m2');
INSERT INTO fact_flat (price,processed_dttm,source) VALUES (9609594,'2024-09-29 09:11:34','m2');
INSERT INTO fact_flat (price,processed_dttm,source) VALUES (9690000,'2024-09-29 09:11:34','m2');
INSERT INTO fact_flat (price,processed_dttm,source) VALUES (24951975,'2024-09-29 09:11:34','m2');
INSERT INTO fact_flat (price,processed_dttm,source) VALUES (8800000,'2024-09-29 09:11:34','m2');
INSERT INTO fact_flat (price,processed_dttm,source) VALUES (8010118,'2024-09-29 09:11:34','m2');
INSERT INTO fact_flat (price,processed_dttm,source) VALUES (8700000,'2024-09-29 09:11:34','m2');
INSERT INTO fact_flat (price,processed_dttm,source) VALUES (14239867,'2024-09-29 09:11:34','m2');
INSERT INTO fact_flat (price,processed_dttm,source) VALUES (11500000,'2024-09-29 09:11:34','m2');
INSERT INTO fact_flat (price,processed_dttm,source) VALUES (29944893,'2024-09-29 09:11:34','m2');
INSERT INTO fact_flat (price,processed_dttm,source) VALUES (8800000,'2024-09-29 09:11:34','m2');
INSERT INTO fact_flat (price,processed_dttm,source) VALUES (15308283,'2024-09-29 09:11:34','m2');
INSERT INTO fact_flat (price,processed_dttm,source) VALUES (13200000,'2024-09-29 09:11:34','m2');
INSERT INTO fact_flat (price,processed_dttm,source) VALUES (17025746,'2024-09-29 09:11:34','m2');
INSERT INTO fact_flat (price,processed_dttm,source) VALUES (37000000,'2024-09-29 09:11:34','m2');
INSERT INTO fact_flat (price,processed_dttm,source) VALUES (22585833,'2024-09-29 09:11:34','m2');
INSERT INTO fact_flat (price,processed_dttm,source) VALUES (21000000,'2024-09-29 09:11:34','m2');
INSERT INTO fact_flat (price,processed_dttm,source) VALUES (24449909,'2024-09-29 09:11:34','m2');
INSERT INTO fact_flat (price,processed_dttm,source) VALUES (35500000,'2024-09-29 09:11:34','m2');
INSERT INTO fact_flat (price,processed_dttm,source) VALUES (9502950,'2024-09-29 09:11:34','m2');
INSERT INTO fact_flat (price,processed_dttm,source) VALUES (16900000,'2024-09-29 09:11:34','m2');
INSERT INTO fact_flat (price,processed_dttm,source) VALUES (11263882,'2024-09-29 09:11:34','m2');
INSERT INTO fact_flat (price,processed_dttm,source) VALUES (8990000,'2024-09-29 09:11:34','m2');
INSERT INTO fact_flat (price,processed_dttm,source) VALUES (10934160,'2024-09-29 09:11:34','m2');
INSERT INTO fact_flat (price,processed_dttm,source) VALUES (12500000,'2024-09-29 09:11:34','m2');
INSERT INTO fact_flat (price,processed_dttm,source) VALUES (11055924,'2024-09-29 09:11:34','m2');
INSERT INTO fact_flat (price,processed_dttm,source) VALUES (11500000,'2024-09-29 09:11:34','m2');
INSERT INTO fact_flat (price,processed_dttm,source) VALUES (30811418,'2024-09-29 09:11:34','m2');
INSERT INTO fact_flat (price,processed_dttm,source) VALUES (15500000,'2024-09-29 09:11:34','m2');
INSERT INTO fact_flat (price,processed_dttm,source) VALUES (21871746,'2024-09-29 09:11:34','m2');
INSERT INTO fact_flat (price,processed_dttm,source) VALUES (16000000,'2024-09-29 09:11:34','m2');
INSERT INTO fact_flat (price,processed_dttm,source) VALUES (8266637,'2024-09-29 09:11:34','m2');
INSERT INTO fact_flat (price,processed_dttm,source) VALUES (10650000,'2024-09-29 09:11:34','m2');
INSERT INTO fact_flat (price,processed_dttm,source) VALUES (10970000,'2024-09-29 09:11:34','m2');
INSERT INTO fact_flat (price,processed_dttm,source) VALUES (26400000,'2024-09-29 09:11:34','m2');
INSERT INTO fact_flat (price,processed_dttm,source) VALUES (29481287,'2024-09-29 09:11:34','m2');
INSERT INTO fact_flat (price,processed_dttm,source) VALUES (11900000,'2024-09-29 09:11:34','m2');
INSERT INTO fact_flat (price,processed_dttm,source) VALUES (10435461,'2024-09-29 09:11:34','m2');
INSERT INTO fact_flat (price,processed_dttm,source) VALUES (17830000,'2024-09-29 09:11:34','m2');
INSERT INTO fact_flat (price,processed_dttm,source) VALUES (11517616,'2024-09-29 09:11:34','m2');
INSERT INTO fact_flat (price,processed_dttm,source) VALUES (12700000,'2024-09-29 09:11:34','m2');
INSERT INTO fact_flat (price,processed_dttm,source) VALUES (10699310,'2024-09-29 09:11:34','m2');
INSERT INTO fact_flat (price,processed_dttm,source) VALUES (14990000,'2024-09-29 09:11:34','m2');
INSERT INTO fact_flat (price,processed_dttm,source) VALUES (9437161,'2024-09-29 09:11:34','m2');
INSERT INTO fact_flat (price,processed_dttm,source) VALUES (1499000000,'2024-09-29 09:11:34','m2');
INSERT INTO fact_flat (price,processed_dttm,source) VALUES (8713405,'2024-09-29 09:11:34','m2');
INSERT INTO fact_flat (price,processed_dttm,source) VALUES (250000000,'2024-09-29 09:11:34','m2');
INSERT INTO fact_flat (price,processed_dttm,source) VALUES (9609800,'2024-09-29 09:11:34','m2');
INSERT INTO fact_flat (price,processed_dttm,source) VALUES (11750000,'2024-09-29 09:11:34','m2');
INSERT INTO fact_flat (price,processed_dttm,source) VALUES (21078582,'2024-09-29 09:11:34','m2');
INSERT INTO fact_flat (price,processed_dttm,source) VALUES (15000000,'2024-09-29 09:11:34','m2');
INSERT INTO fact_flat (price,processed_dttm,source) VALUES (19381140,'2024-09-29 09:11:34','m2');
INSERT INTO fact_flat (price,processed_dttm,source) VALUES (25000000,'2024-09-29 09:11:34','m2');
INSERT INTO fact_flat (price,processed_dttm,source) VALUES (9566000,'2024-09-29 09:11:34','m2');
INSERT INTO fact_flat (price,processed_dttm,source) VALUES (10700000,'2024-09-29 09:11:34','m2');
INSERT INTO fact_flat (price,processed_dttm,source) VALUES (25098492,'2024-09-29 09:11:34','m2');
INSERT INTO fact_flat (price,processed_dttm,source) VALUES (29900000,'2024-09-29 09:11:34','m2');
INSERT INTO fact_flat (price,processed_dttm,source) VALUES (29292222,'2024-09-29 09:11:34','m2');
INSERT INTO fact_flat (price,processed_dttm,source) VALUES (15300000,'2024-09-29 09:11:34','m2');
INSERT INTO fact_flat (price,processed_dttm,source) VALUES (13386718,'2024-09-29 09:11:34','m2');
INSERT INTO fact_flat (price,processed_dttm,source) VALUES (15500000,'2024-09-29 09:11:34','m2');
INSERT INTO fact_flat (price,processed_dttm,source) VALUES (8100423,'2024-09-29 09:11:34','m2');
INSERT INTO fact_flat (price,processed_dttm,source) VALUES (29946000,'2024-09-29 09:11:34','m2');
INSERT INTO fact_flat (price,processed_dttm,source) VALUES (10745180,'2024-09-29 09:11:34','m2');
INSERT INTO fact_flat (price,processed_dttm,source) VALUES (13100000,'2024-09-29 09:11:34','m2');
INSERT INTO fact_flat (price,processed_dttm,source) VALUES (14895525,'2024-09-29 09:11:34','m2');
INSERT INTO fact_flat (price,processed_dttm,source) VALUES (12000000,'2024-09-29 09:11:34','m2');
INSERT INTO fact_flat (price,processed_dttm,source) VALUES (9400716,'2024-09-29 09:11:34','m2');
INSERT INTO fact_flat (price,processed_dttm,source) VALUES (450000000,'2024-09-29 09:11:34','m2');
INSERT INTO fact_flat (price,processed_dttm,source) VALUES (8216461,'2024-09-29 09:11:34','m2');
INSERT INTO fact_flat (price,processed_dttm,source) VALUES (42500000,'2024-09-29 09:11:34','m2');
INSERT INTO fact_flat (price,processed_dttm,source) VALUES (9745386,'2024-09-29 09:11:34','m2');
INSERT INTO fact_flat (price,processed_dttm,source) VALUES (12000000,'2024-09-29 09:11:34','m2');
INSERT INTO fact_flat (price,processed_dttm,source) VALUES (10306809,'2024-09-29 09:11:34','m2');
INSERT INTO fact_flat (price,processed_dttm,source) VALUES (10000000,'2024-09-29 09:11:34','m2');
INSERT INTO fact_flat (price,processed_dttm,source) VALUES (11956802,'2024-09-29 09:11:34','m2');
INSERT INTO fact_flat (price,processed_dttm,source) VALUES (12000000,'2024-09-29 09:11:34','m2');
INSERT INTO fact_flat (price,processed_dttm,source) VALUES (12922395,'2024-09-29 09:11:34','m2');
INSERT INTO fact_flat (price,processed_dttm,source) VALUES (21900000,'2024-09-29 09:11:34','m2');
INSERT INTO fact_flat (price,processed_dttm,source) VALUES (12146160,'2024-09-29 09:11:34','m2');
INSERT INTO fact_flat (price,processed_dttm,source) VALUES (12500000,'2024-09-29 09:11:34','m2');
INSERT INTO fact_flat (price,processed_dttm,source) VALUES (10242000,'2024-09-29 09:11:34','m2');
INSERT INTO fact_flat (price,processed_dttm,source) VALUES (15900000,'2024-09-29 09:11:34','m2');
INSERT INTO fact_flat (price,processed_dttm,source) VALUES (10947320,'2024-09-29 09:11:34','m2');
INSERT INTO fact_flat (price,processed_dttm,source) VALUES (10000000,'2024-09-29 09:11:34','m2');
INSERT INTO fact_flat (price,processed_dttm,source) VALUES (24593495,'2024-09-29 09:11:34','m2');
INSERT INTO fact_flat (price,processed_dttm,source) VALUES (7400000,'2024-09-29 09:11:34','m2');
INSERT INTO fact_flat (price,processed_dttm,source) VALUES (12716442,'2024-09-29 09:11:34','m2');
INSERT INTO fact_flat (price,processed_dttm,source) VALUES (16399999,'2024-09-29 09:11:34','m2');
INSERT INTO fact_flat (price,processed_dttm,source) VALUES (9739300,'2024-09-29 09:11:34','m2');
INSERT INTO fact_flat (price,processed_dttm,source) VALUES (12900000,'2024-09-29 09:11:34','m2');
INSERT INTO fact_flat (price,processed_dttm,source) VALUES (23470875,'2024-09-29 09:11:34','m2');
INSERT INTO fact_flat (price,processed_dttm,source) VALUES (24900000,'2024-09-29 09:11:34','m2');
INSERT INTO fact_flat (price,processed_dttm,source) VALUES (12798277,'2024-09-29 09:11:34','m2');
INSERT INTO fact_flat (price,processed_dttm,source) VALUES (18500000,'2024-09-29 09:11:34','m2');
INSERT INTO fact_flat (price,processed_dttm,source) VALUES (31152210,'2024-09-29 09:11:34','m2');
INSERT INTO fact_flat (price,processed_dttm,source) VALUES (39300000,'2024-09-29 09:11:34','m2');
INSERT INTO fact_flat (price,processed_dttm,source) VALUES (21144455,'2024-09-29 09:11:34','m2');
INSERT INTO fact_flat (price,processed_dttm,source) VALUES (15200000,'2024-09-29 09:11:34','m2');
INSERT INTO fact_flat (price,processed_dttm,source) VALUES (15334142,'2024-09-29 09:11:34','m2');
INSERT INTO fact_flat (price,processed_dttm,source) VALUES (17500000,'2024-09-29 09:11:34','m2');
INSERT INTO fact_flat (price,processed_dttm,source) VALUES (27776417,'2024-09-29 09:11:34','m2');
INSERT INTO fact_flat (price,processed_dttm,source) VALUES (8500000,'2024-09-29 09:11:34','m2');
INSERT INTO fact_flat (price,processed_dttm,source) VALUES (23469500,'2024-09-29 09:11:34','m2');
INSERT INTO fact_flat (price,processed_dttm,source) VALUES (8200000,'2024-09-29 09:11:34','m2');
INSERT INTO fact_flat (price,processed_dttm,source) VALUES (17941125,'2024-09-29 09:11:34','m2');
INSERT INTO fact_flat (price,processed_dttm,source) VALUES (14999999,'2024-09-29 09:11:34','m2');
INSERT INTO fact_flat (price,processed_dttm,source) VALUES (19469171,'2024-09-29 09:11:34','m2');
INSERT INTO fact_flat (price,processed_dttm,source) VALUES (24500000,'2024-09-29 09:11:34','m2');
INSERT INTO fact_flat (price,processed_dttm,source) VALUES (15070734,'2024-09-29 09:11:34','m2');
INSERT INTO fact_flat (price,processed_dttm,source) VALUES (15000000,'2024-09-29 09:11:34','m2');
INSERT INTO fact_flat (price,processed_dttm,source) VALUES (10961631,'2024-09-29 09:11:34','m2');
INSERT INTO fact_flat (price,processed_dttm,source) VALUES (11950000,'2024-09-29 09:11:34','m2');
INSERT INTO fact_flat (price,processed_dttm,source) VALUES (11772800,'2024-09-29 09:11:34','m2');
INSERT INTO fact_flat (price,processed_dttm,source) VALUES (17300000,'2024-09-29 09:11:34','m2');
INSERT INTO fact_flat (price,processed_dttm,source) VALUES (15512623,'2024-09-29 09:11:34','m2');
INSERT INTO fact_flat (price,processed_dttm,source) VALUES (14500000,'2024-09-29 09:11:34','m2');
INSERT INTO fact_flat (price,processed_dttm,source) VALUES (13819385,'2024-09-29 09:11:34','m2');
INSERT INTO fact_flat (price,processed_dttm,source) VALUES (13200000,'2024-09-29 09:11:34','m2');
INSERT INTO fact_flat (price,processed_dttm,source) VALUES (27875515,'2024-09-29 09:11:34','m2');
INSERT INTO fact_flat (price,processed_dttm,source) VALUES (11300000,'2024-09-29 09:11:34','m2');
INSERT INTO fact_flat (price,processed_dttm,source) VALUES (21054152,'2024-09-29 09:11:34','m2');
INSERT INTO fact_flat (price,processed_dttm,source) VALUES (15000000,'2024-09-29 09:11:34','m2');
INSERT INTO fact_flat (price,processed_dttm,source) VALUES (10522118,'2024-09-29 09:11:34','m2');
INSERT INTO fact_flat (price,processed_dttm,source) VALUES (9000000,'2024-09-29 09:11:34','m2');
INSERT INTO fact_flat (price,processed_dttm,source) VALUES (33470828,'2024-09-29 09:11:34','m2');
INSERT INTO fact_flat (price,processed_dttm,source) VALUES (14500000,'2024-09-29 09:11:34','m2');
INSERT INTO fact_flat (price,processed_dttm,source) VALUES (11176748,'2024-09-29 09:11:34','m2');
INSERT INTO fact_flat (price,processed_dttm,source) VALUES (13400000,'2024-09-29 09:11:34','m2');
INSERT INTO fact_flat (price,processed_dttm,source) VALUES (11381933,'2024-09-29 09:11:34','m2');
INSERT INTO fact_flat (price,processed_dttm,source) VALUES (13000000,'2024-09-29 09:11:34','m2');
INSERT INTO fact_flat (price,processed_dttm,source) VALUES (16054507,'2024-09-29 09:11:34','m2');
INSERT INTO fact_flat (price,processed_dttm,source) VALUES (15400000,'2024-09-29 09:11:34','m2');
INSERT INTO fact_flat (price,processed_dttm,source) VALUES (10064476,'2024-09-29 09:11:34','m2');
INSERT INTO fact_flat (price,processed_dttm,source) VALUES (9000000,'2024-09-29 09:11:34','m2');
INSERT INTO fact_flat (price,processed_dttm,source) VALUES (30241350,'2024-09-29 09:11:34','m2');
INSERT INTO fact_flat (price,processed_dttm,source) VALUES (9950000,'2024-09-29 09:11:34','m2');
INSERT INTO fact_flat (price,processed_dttm,source) VALUES (7174018,'2024-09-29 09:11:34','m2');
INSERT INTO fact_flat (price,processed_dttm,source) VALUES (9800000,'2024-09-29 09:11:34','m2');
INSERT INTO fact_flat (price,processed_dttm,source) VALUES (19861778,'2024-09-29 09:11:34','m2');
INSERT INTO fact_flat (price,processed_dttm,source) VALUES (10800000,'2024-09-29 09:11:34','m2');
INSERT INTO fact_flat (price,processed_dttm,source) VALUES (18791372,'2024-09-29 09:11:34','m2');
INSERT INTO fact_flat (price,processed_dttm,source) VALUES (11550000,'2024-09-29 09:11:34','m2');
INSERT INTO fact_flat (price,processed_dttm,source) VALUES (11415611,'2024-09-29 09:11:34','m2');
INSERT INTO fact_flat (price,processed_dttm,source) VALUES (34000000,'2024-09-29 09:11:34','m2');
INSERT INTO fact_flat (price,processed_dttm,source) VALUES (23685235,'2024-09-29 09:11:34','m2');
INSERT INTO fact_flat (price,processed_dttm,source) VALUES (22500000,'2024-09-29 09:11:34','m2');
INSERT INTO fact_flat (price,processed_dttm,source) VALUES (11476080,'2024-09-29 09:11:34','m2');
INSERT INTO fact_flat (price,processed_dttm,source) VALUES (32107152,'2024-09-29 09:11:34','m2');
INSERT INTO fact_flat (price,processed_dttm,source) VALUES (13277637,'2024-09-29 09:11:34','m2');
INSERT INTO fact_flat (price,processed_dttm,source) VALUES (12000000,'2024-09-29 09:11:34','m2');
INSERT INTO fact_flat (price,processed_dttm,source) VALUES (14293617,'2024-09-29 09:11:34','m2');
INSERT INTO fact_flat (price,processed_dttm,source) VALUES (15600000,'2024-09-29 09:11:34','m2');
INSERT INTO fact_flat (price,processed_dttm,source) VALUES (11206509,'2024-09-29 09:11:34','m2');
INSERT INTO fact_flat (price,processed_dttm,source) VALUES (15950000,'2024-09-29 09:11:34','m2');
INSERT INTO fact_flat (price,processed_dttm,source) VALUES (19429180,'2024-09-29 09:11:34','m2');
INSERT INTO fact_flat (price,processed_dttm,source) VALUES (11000000,'2024-09-29 09:11:34','m2');
INSERT INTO fact_flat (price,processed_dttm,source) VALUES (11066294,'2024-09-29 09:11:34','m2');
INSERT INTO fact_flat (price,processed_dttm,source) VALUES (15300000,'2024-09-29 09:11:34','m2');
INSERT INTO fact_flat (price,processed_dttm,source) VALUES (22244950,'2024-09-29 09:11:34','m2');
INSERT INTO fact_flat (price,processed_dttm,source) VALUES (8880000,'2024-09-29 09:11:34','m2');
INSERT INTO fact_flat (price,processed_dttm,source) VALUES (13415503,'2024-09-29 09:11:34','m2');
INSERT INTO fact_flat (price,processed_dttm,source) VALUES (12900000,'2024-09-29 09:11:34','m2');
INSERT INTO fact_flat (price,processed_dttm,source) VALUES (30384287,'2024-09-29 09:11:34','m2');
INSERT INTO fact_flat (price,processed_dttm,source) VALUES (10100000,'2024-09-29 09:11:34','m2');
INSERT INTO fact_flat (price,processed_dttm,source) VALUES (8663192,'2024-09-29 09:11:34','m2');
INSERT INTO fact_flat (price,processed_dttm,source) VALUES (10900000,'2024-09-29 09:11:34','m2');
INSERT INTO fact_flat (price,processed_dttm,source) VALUES (17996691,'2024-09-29 09:11:34','m2');
INSERT INTO fact_flat (price,processed_dttm,source) VALUES (12000000,'2024-09-29 09:11:34','m2');
INSERT INTO fact_flat (price,processed_dttm,source) VALUES (15646103,'2024-09-29 09:11:34','m2');
INSERT INTO fact_flat (price,processed_dttm,source) VALUES (14500000,'2024-09-29 09:11:34','m2');
INSERT INTO fact_flat (price,processed_dttm,source) VALUES (23699727,'2024-09-29 09:11:34','m2');
INSERT INTO fact_flat (price,processed_dttm,source) VALUES (16200000,'2024-09-29 09:11:34','m2');
INSERT INTO fact_flat (price,processed_dttm,source) VALUES (19060341,'2024-09-29 09:11:34','m2');
INSERT INTO fact_flat (price,processed_dttm,source) VALUES (10600000,'2024-09-29 09:11:34','m2');
INSERT INTO fact_flat (price,processed_dttm,source) VALUES (15209824,'2024-09-29 09:11:34','m2');
INSERT INTO fact_flat (price,processed_dttm,source) VALUES (8999000,'2024-09-29 09:11:34','m2');
INSERT INTO fact_flat (price,processed_dttm,source) VALUES (23577886,'2024-09-29 09:11:34','m2');
INSERT INTO fact_flat (price,processed_dttm,source) VALUES (13500000,'2024-09-29 09:11:34','m2');
INSERT INTO fact_flat (price,processed_dttm,source) VALUES (14417011,'2024-09-29 09:11:34','m2');
INSERT INTO fact_flat (price,processed_dttm,source) VALUES (14000000,'2024-09-29 09:11:34','m2');
INSERT INTO fact_flat (price,processed_dttm,source) VALUES (11819429,'2024-09-29 09:11:34','m2');
INSERT INTO fact_flat (price,processed_dttm,source) VALUES (14000000,'2024-09-29 09:11:34','m2');
INSERT INTO fact_flat (price,processed_dttm,source) VALUES (11289757,'2024-09-29 09:11:34','m2');
INSERT INTO fact_flat (price,processed_dttm,source) VALUES (13500000,'2024-09-29 09:11:34','m2');
INSERT INTO fact_flat (price,processed_dttm,source) VALUES (8822785,'2024-09-29 09:11:34','m2');
INSERT INTO fact_flat (price,processed_dttm,source) VALUES (9150000,'2024-09-29 09:11:34','m2');
INSERT INTO fact_flat (price,processed_dttm,source) VALUES (8206983,'2024-09-29 09:11:34','m2');
[2024-09-29T09:11:47.841+0000] {base.py:73} INFO - Using connection ID 'postgres_conn' for task execution.
[2024-09-29T09:11:48.176+0000] {base.py:73} INFO - Using connection ID 'postgres_conn' for task execution.
[2024-09-29T09:11:48.532+0000] {sql.py:418} INFO - Running statement: INSERT INTO fact_flat (price,processed_dttm,source) VALUES (26000000,'2024-09-29 09:11:34','m2');
INSERT INTO fact_flat (price,processed_dttm,source) VALUES (26233527,'2024-09-29 09:11:34','m2');
INSERT INTO fact_flat (price,processed_dttm,source) VALUES (9800000,'2024-09-29 09:11:34','m2');
INSERT INTO fact_flat (price,processed_dttm,source) VALUES (22101000,'2024-09-29 09:11:34','m2');
INSERT INTO fact_flat (price,processed_dttm,source) VALUES (10800000,'2024-09-29 09:11:34','m2');
INSERT INTO fact_flat (price,processed_dttm,source) VALUES (11739189,'2024-09-29 09:11:34','m2');
INSERT INTO fact_flat (price,processed_dttm,source) VALUES (11999999,'2024-09-29 09:11:34','m2');
INSERT INTO fact_flat (price,processed_dttm,source) VALUES (27504646,'2024-09-29 09:11:34','m2');
INSERT INTO fact_flat (price,processed_dttm,source) VALUES (10000000,'2024-09-29 09:11:34','m2');
INSERT INTO fact_flat (price,processed_dttm,source) VALUES (18806848,'2024-09-29 09:11:34','m2');
INSERT INTO fact_flat (price,processed_dttm,source) VALUES (10000000,'2024-09-29 09:11:34','m2');
INSERT INTO fact_flat (price,processed_dttm,source) VALUES (28994747,'2024-09-29 09:11:34','m2');
INSERT INTO fact_flat (price,processed_dttm,source) VALUES (37000000,'2024-09-29 09:11:34','m2');
INSERT INTO fact_flat (price,processed_dttm,source) VALUES (14710605,'2024-09-29 09:11:34','m2');
INSERT INTO fact_flat (price,processed_dttm,source) VALUES (12900000,'2024-09-29 09:11:34','m2');
INSERT INTO fact_flat (price,processed_dttm,source) VALUES (20690307,'2024-09-29 09:11:34','m2');
INSERT INTO fact_flat (price,processed_dttm,source) VALUES (24900000,'2024-09-29 09:11:34','m2');
INSERT INTO fact_flat (price,processed_dttm,source) VALUES (30699596,'2024-09-29 09:11:34','m2');
INSERT INTO fact_flat (price,processed_dttm,source) VALUES (12500000,'2024-09-29 09:11:34','m2');
INSERT INTO fact_flat (price,processed_dttm,source) VALUES (16805556,'2024-09-29 09:11:34','m2');
INSERT INTO fact_flat (price,processed_dttm,source) VALUES (13500000,'2024-09-29 09:11:34','m2');
INSERT INTO fact_flat (price,processed_dttm,source) VALUES (11008557,'2024-09-29 09:11:34','m2');
INSERT INTO fact_flat (price,processed_dttm,source) VALUES (11100000,'2024-09-29 09:11:34','m2');
INSERT INTO fact_flat (price,processed_dttm,source) VALUES (10610865,'2024-09-29 09:11:34','m2');
INSERT INTO fact_flat (price,processed_dttm,source) VALUES (10900000,'2024-09-29 09:11:34','m2');
INSERT INTO fact_flat (price,processed_dttm,source) VALUES (37913211,'2024-09-29 09:11:34','m2');
INSERT INTO fact_flat (price,processed_dttm,source) VALUES (17500000,'2024-09-29 09:11:34','m2');
INSERT INTO fact_flat (price,processed_dttm,source) VALUES (24467369,'2024-09-29 09:11:34','m2');
INSERT INTO fact_flat (price,processed_dttm,source) VALUES (9630000,'2024-09-29 09:11:34','m2');
INSERT INTO fact_flat (price,processed_dttm,source) VALUES (20882727,'2024-09-29 09:11:34','m2');
INSERT INTO fact_flat (price,processed_dttm,source) VALUES (9900000,'2024-09-29 09:11:34','m2');
INSERT INTO fact_flat (price,processed_dttm,source) VALUES (10934160,'2024-09-29 09:11:34','m2');
INSERT INTO fact_flat (price,processed_dttm,source) VALUES (15300000,'2024-09-29 09:11:34','m2');
INSERT INTO fact_flat (price,processed_dttm,source) VALUES (20679192,'2024-09-29 09:11:34','m2');
INSERT INTO fact_flat (price,processed_dttm,source) VALUES (10800000,'2024-09-29 09:11:34','m2');
INSERT INTO fact_flat (price,processed_dttm,source) VALUES (11044961,'2024-09-29 09:11:34','m2');
INSERT INTO fact_flat (price,processed_dttm,source) VALUES (15750000,'2024-09-29 09:11:34','m2');
INSERT INTO fact_flat (price,processed_dttm,source) VALUES (33239389,'2024-09-29 09:11:34','m2');
INSERT INTO fact_flat (price,processed_dttm,source) VALUES (15000000,'2024-09-29 09:11:34','m2');
INSERT INTO fact_flat (price,processed_dttm,source) VALUES (12100702,'2024-09-29 09:11:34','m2');
INSERT INTO fact_flat (price,processed_dttm,source) VALUES (12500000,'2024-09-29 09:11:34','m2');
INSERT INTO fact_flat (price,processed_dttm,source) VALUES (29778216,'2024-09-29 09:11:34','m2');
INSERT INTO fact_flat (price,processed_dttm,source) VALUES (13500000,'2024-09-29 09:11:34','m2');
INSERT INTO fact_flat (price,processed_dttm,source) VALUES (10808480,'2024-09-29 09:11:34','m2');
INSERT INTO fact_flat (price,processed_dttm,source) VALUES (19900000,'2024-09-29 09:11:34','m2');
INSERT INTO fact_flat (price,processed_dttm,source) VALUES (10238020,'2024-09-29 09:11:34','m2');
INSERT INTO fact_flat (price,processed_dttm,source) VALUES (11000000,'2024-09-29 09:11:34','m2');
INSERT INTO fact_flat (price,processed_dttm,source) VALUES (19795778,'2024-09-29 09:11:34','m2');
INSERT INTO fact_flat (price,processed_dttm,source) VALUES (9500000,'2024-09-29 09:11:34','m2');
INSERT INTO fact_flat (price,processed_dttm,source) VALUES (18317220,'2024-09-29 09:11:34','m2');
INSERT INTO fact_flat (price,processed_dttm,source) VALUES (8280000,'2024-09-29 09:11:34','m2');
INSERT INTO fact_flat (price,processed_dttm,source) VALUES (19645497,'2024-09-29 09:11:34','m2');
INSERT INTO fact_flat (price,processed_dttm,source) VALUES (12000000,'2024-09-29 09:11:34','m2');
INSERT INTO fact_flat (price,processed_dttm,source) VALUES (8129100,'2024-09-29 09:11:34','m2');
INSERT INTO fact_flat (price,processed_dttm,source) VALUES (11500000,'2024-09-29 09:11:34','m2');
INSERT INTO fact_flat (price,processed_dttm,source) VALUES (26160000,'2024-09-29 09:11:34','m2');
INSERT INTO fact_flat (price,processed_dttm,source) VALUES (11500000,'2024-09-29 09:11:34','m2');
INSERT INTO fact_flat (price,processed_dttm,source) VALUES (23703219,'2024-09-29 09:11:34','m2');
INSERT INTO fact_flat (price,processed_dttm,source) VALUES (31000000,'2024-09-29 09:11:34','m2');
INSERT INTO fact_flat (price,processed_dttm,source) VALUES (7709818,'2024-09-29 09:11:34','m2');
INSERT INTO fact_flat (price,processed_dttm,source) VALUES (11200000,'2024-09-29 09:11:34','m2');
INSERT INTO fact_flat (price,processed_dttm,source) VALUES (11428109,'2024-09-29 09:11:34','m2');
INSERT INTO fact_flat (price,processed_dttm,source) VALUES (11500000,'2024-09-29 09:11:34','m2');
INSERT INTO fact_flat (price,processed_dttm,source) VALUES (7707794,'2024-09-29 09:11:34','m2');
INSERT INTO fact_flat (price,processed_dttm,source) VALUES (11500000,'2024-09-29 09:11:34','m2');
INSERT INTO fact_flat (price,processed_dttm,source) VALUES (17769386,'2024-09-29 09:11:34','m2');
INSERT INTO fact_flat (price,processed_dttm,source) VALUES (11900000,'2024-09-29 09:11:34','m2');
INSERT INTO fact_flat (price,processed_dttm,source) VALUES (21687565,'2024-09-29 09:11:34','m2');
INSERT INTO fact_flat (price,processed_dttm,source) VALUES (12000000,'2024-09-29 09:11:34','m2');
INSERT INTO fact_flat (price,processed_dttm,source) VALUES (22337739,'2024-09-29 09:11:34','m2');
INSERT INTO fact_flat (price,processed_dttm,source) VALUES (10280000,'2024-09-29 09:11:34','m2');
INSERT INTO fact_flat (price,processed_dttm,source) VALUES (24897460,'2024-09-29 09:11:34','m2');
INSERT INTO fact_flat (price,processed_dttm,source) VALUES (8550000,'2024-09-29 09:11:34','m2');
INSERT INTO fact_flat (price,processed_dttm,source) VALUES (23510576,'2024-09-29 09:11:34','m2');
INSERT INTO fact_flat (price,processed_dttm,source) VALUES (12500000,'2024-09-29 09:11:34','m2');
INSERT INTO fact_flat (price,processed_dttm,source) VALUES (20963460,'2024-09-29 09:11:34','m2');
INSERT INTO fact_flat (price,processed_dttm,source) VALUES (9300000,'2024-09-29 09:11:34','m2');
INSERT INTO fact_flat (price,processed_dttm,source) VALUES (12238932,'2024-09-29 09:11:34','m2');
INSERT INTO fact_flat (price,processed_dttm,source) VALUES (13000000,'2024-09-29 09:11:34','m2');
INSERT INTO fact_flat (price,processed_dttm,source) VALUES (18189091,'2024-09-29 09:11:34','m2');
INSERT INTO fact_flat (price,processed_dttm,source) VALUES (14500000,'2024-09-29 09:11:34','m2');
INSERT INTO fact_flat (price,processed_dttm,source) VALUES (10135769,'2024-09-29 09:11:34','m2');
INSERT INTO fact_flat (price,processed_dttm,source) VALUES (12000000,'2024-09-29 09:11:34','m2');
INSERT INTO fact_flat (price,processed_dttm,source) VALUES (9609594,'2024-09-29 09:11:34','m2');
INSERT INTO fact_flat (price,processed_dttm,source) VALUES (9690000,'2024-09-29 09:11:34','m2');
INSERT INTO fact_flat (price,processed_dttm,source) VALUES (24951975,'2024-09-29 09:11:34','m2');
INSERT INTO fact_flat (price,processed_dttm,source) VALUES (8800000,'2024-09-29 09:11:34','m2');
INSERT INTO fact_flat (price,processed_dttm,source) VALUES (8010118,'2024-09-29 09:11:34','m2');
INSERT INTO fact_flat (price,processed_dttm,source) VALUES (8700000,'2024-09-29 09:11:34','m2');
INSERT INTO fact_flat (price,processed_dttm,source) VALUES (14239867,'2024-09-29 09:11:34','m2');
INSERT INTO fact_flat (price,processed_dttm,source) VALUES (11500000,'2024-09-29 09:11:34','m2');
INSERT INTO fact_flat (price,processed_dttm,source) VALUES (29944893,'2024-09-29 09:11:34','m2');
INSERT INTO fact_flat (price,processed_dttm,source) VALUES (8800000,'2024-09-29 09:11:34','m2');
INSERT INTO fact_flat (price,processed_dttm,source) VALUES (15308283,'2024-09-29 09:11:34','m2');
INSERT INTO fact_flat (price,processed_dttm,source) VALUES (13200000,'2024-09-29 09:11:34','m2');
INSERT INTO fact_flat (price,processed_dttm,source) VALUES (17025746,'2024-09-29 09:11:34','m2');
INSERT INTO fact_flat (price,processed_dttm,source) VALUES (37000000,'2024-09-29 09:11:34','m2');
INSERT INTO fact_flat (price,processed_dttm,source) VALUES (22585833,'2024-09-29 09:11:34','m2');
INSERT INTO fact_flat (price,processed_dttm,source) VALUES (21000000,'2024-09-29 09:11:34','m2');
INSERT INTO fact_flat (price,processed_dttm,source) VALUES (24449909,'2024-09-29 09:11:34','m2');
INSERT INTO fact_flat (price,processed_dttm,source) VALUES (35500000,'2024-09-29 09:11:34','m2');
INSERT INTO fact_flat (price,processed_dttm,source) VALUES (9502950,'2024-09-29 09:11:34','m2');
INSERT INTO fact_flat (price,processed_dttm,source) VALUES (16900000,'2024-09-29 09:11:34','m2');
INSERT INTO fact_flat (price,processed_dttm,source) VALUES (11263882,'2024-09-29 09:11:34','m2');
INSERT INTO fact_flat (price,processed_dttm,source) VALUES (8990000,'2024-09-29 09:11:34','m2');
INSERT INTO fact_flat (price,processed_dttm,source) VALUES (10934160,'2024-09-29 09:11:34','m2');
INSERT INTO fact_flat (price,processed_dttm,source) VALUES (12500000,'2024-09-29 09:11:34','m2');
INSERT INTO fact_flat (price,processed_dttm,source) VALUES (11055924,'2024-09-29 09:11:34','m2');
INSERT INTO fact_flat (price,processed_dttm,source) VALUES (11500000,'2024-09-29 09:11:34','m2');
INSERT INTO fact_flat (price,processed_dttm,source) VALUES (30811418,'2024-09-29 09:11:34','m2');
INSERT INTO fact_flat (price,processed_dttm,source) VALUES (15500000,'2024-09-29 09:11:34','m2');
INSERT INTO fact_flat (price,processed_dttm,source) VALUES (21871746,'2024-09-29 09:11:34','m2');
INSERT INTO fact_flat (price,processed_dttm,source) VALUES (16000000,'2024-09-29 09:11:34','m2');
INSERT INTO fact_flat (price,processed_dttm,source) VALUES (8266637,'2024-09-29 09:11:34','m2');
INSERT INTO fact_flat (price,processed_dttm,source) VALUES (10650000,'2024-09-29 09:11:34','m2');
INSERT INTO fact_flat (price,processed_dttm,source) VALUES (10970000,'2024-09-29 09:11:34','m2');
INSERT INTO fact_flat (price,processed_dttm,source) VALUES (26400000,'2024-09-29 09:11:34','m2');
INSERT INTO fact_flat (price,processed_dttm,source) VALUES (29481287,'2024-09-29 09:11:34','m2');
INSERT INTO fact_flat (price,processed_dttm,source) VALUES (11900000,'2024-09-29 09:11:34','m2');
INSERT INTO fact_flat (price,processed_dttm,source) VALUES (10435461,'2024-09-29 09:11:34','m2');
INSERT INTO fact_flat (price,processed_dttm,source) VALUES (17830000,'2024-09-29 09:11:34','m2');
INSERT INTO fact_flat (price,processed_dttm,source) VALUES (11517616,'2024-09-29 09:11:34','m2');
INSERT INTO fact_flat (price,processed_dttm,source) VALUES (12700000,'2024-09-29 09:11:34','m2');
INSERT INTO fact_flat (price,processed_dttm,source) VALUES (10699310,'2024-09-29 09:11:34','m2');
INSERT INTO fact_flat (price,processed_dttm,source) VALUES (14990000,'2024-09-29 09:11:34','m2');
INSERT INTO fact_flat (price,processed_dttm,source) VALUES (9437161,'2024-09-29 09:11:34','m2');
INSERT INTO fact_flat (price,processed_dttm,source) VALUES (1499000000,'2024-09-29 09:11:34','m2');
INSERT INTO fact_flat (price,processed_dttm,source) VALUES (8713405,'2024-09-29 09:11:34','m2');
INSERT INTO fact_flat (price,processed_dttm,source) VALUES (250000000,'2024-09-29 09:11:34','m2');
INSERT INTO fact_flat (price,processed_dttm,source) VALUES (9609800,'2024-09-29 09:11:34','m2');
INSERT INTO fact_flat (price,processed_dttm,source) VALUES (11750000,'2024-09-29 09:11:34','m2');
INSERT INTO fact_flat (price,processed_dttm,source) VALUES (21078582,'2024-09-29 09:11:34','m2');
INSERT INTO fact_flat (price,processed_dttm,source) VALUES (15000000,'2024-09-29 09:11:34','m2');
INSERT INTO fact_flat (price,processed_dttm,source) VALUES (19381140,'2024-09-29 09:11:34','m2');
INSERT INTO fact_flat (price,processed_dttm,source) VALUES (25000000,'2024-09-29 09:11:34','m2');
INSERT INTO fact_flat (price,processed_dttm,source) VALUES (9566000,'2024-09-29 09:11:34','m2');
INSERT INTO fact_flat (price,processed_dttm,source) VALUES (10700000,'2024-09-29 09:11:34','m2');
INSERT INTO fact_flat (price,processed_dttm,source) VALUES (25098492,'2024-09-29 09:11:34','m2');
INSERT INTO fact_flat (price,processed_dttm,source) VALUES (29900000,'2024-09-29 09:11:34','m2');
INSERT INTO fact_flat (price,processed_dttm,source) VALUES (29292222,'2024-09-29 09:11:34','m2');
INSERT INTO fact_flat (price,processed_dttm,source) VALUES (15300000,'2024-09-29 09:11:34','m2');
INSERT INTO fact_flat (price,processed_dttm,source) VALUES (13386718,'2024-09-29 09:11:34','m2');
INSERT INTO fact_flat (price,processed_dttm,source) VALUES (15500000,'2024-09-29 09:11:34','m2');
INSERT INTO fact_flat (price,processed_dttm,source) VALUES (8100423,'2024-09-29 09:11:34','m2');
INSERT INTO fact_flat (price,processed_dttm,source) VALUES (29946000,'2024-09-29 09:11:34','m2');
INSERT INTO fact_flat (price,processed_dttm,source) VALUES (10745180,'2024-09-29 09:11:34','m2');
INSERT INTO fact_flat (price,processed_dttm,source) VALUES (13100000,'2024-09-29 09:11:34','m2');
INSERT INTO fact_flat (price,processed_dttm,source) VALUES (14895525,'2024-09-29 09:11:34','m2');
INSERT INTO fact_flat (price,processed_dttm,source) VALUES (12000000,'2024-09-29 09:11:34','m2');
INSERT INTO fact_flat (price,processed_dttm,source) VALUES (9400716,'2024-09-29 09:11:34','m2');
INSERT INTO fact_flat (price,processed_dttm,source) VALUES (450000000,'2024-09-29 09:11:34','m2');
INSERT INTO fact_flat (price,processed_dttm,source) VALUES (8216461,'2024-09-29 09:11:34','m2');
INSERT INTO fact_flat (price,processed_dttm,source) VALUES (42500000,'2024-09-29 09:11:34','m2');
INSERT INTO fact_flat (price,processed_dttm,source) VALUES (9745386,'2024-09-29 09:11:34','m2');
INSERT INTO fact_flat (price,processed_dttm,source) VALUES (12000000,'2024-09-29 09:11:34','m2');
INSERT INTO fact_flat (price,processed_dttm,source) VALUES (10306809,'2024-09-29 09:11:34','m2');
INSERT INTO fact_flat (price,processed_dttm,source) VALUES (10000000,'2024-09-29 09:11:34','m2');
INSERT INTO fact_flat (price,processed_dttm,source) VALUES (11956802,'2024-09-29 09:11:34','m2');
INSERT INTO fact_flat (price,processed_dttm,source) VALUES (12000000,'2024-09-29 09:11:34','m2');
INSERT INTO fact_flat (price,processed_dttm,source) VALUES (12922395,'2024-09-29 09:11:34','m2');
INSERT INTO fact_flat (price,processed_dttm,source) VALUES (21900000,'2024-09-29 09:11:34','m2');
INSERT INTO fact_flat (price,processed_dttm,source) VALUES (12146160,'2024-09-29 09:11:34','m2');
INSERT INTO fact_flat (price,processed_dttm,source) VALUES (12500000,'2024-09-29 09:11:34','m2');
INSERT INTO fact_flat (price,processed_dttm,source) VALUES (10242000,'2024-09-29 09:11:34','m2');
INSERT INTO fact_flat (price,processed_dttm,source) VALUES (15900000,'2024-09-29 09:11:34','m2');
INSERT INTO fact_flat (price,processed_dttm,source) VALUES (10947320,'2024-09-29 09:11:34','m2');
INSERT INTO fact_flat (price,processed_dttm,source) VALUES (10000000,'2024-09-29 09:11:34','m2');
INSERT INTO fact_flat (price,processed_dttm,source) VALUES (24593495,'2024-09-29 09:11:34','m2');
INSERT INTO fact_flat (price,processed_dttm,source) VALUES (7400000,'2024-09-29 09:11:34','m2');
INSERT INTO fact_flat (price,processed_dttm,source) VALUES (12716442,'2024-09-29 09:11:34','m2');
INSERT INTO fact_flat (price,processed_dttm,source) VALUES (16399999,'2024-09-29 09:11:34','m2');
INSERT INTO fact_flat (price,processed_dttm,source) VALUES (9739300,'2024-09-29 09:11:34','m2');
INSERT INTO fact_flat (price,processed_dttm,source) VALUES (12900000,'2024-09-29 09:11:34','m2');
INSERT INTO fact_flat (price,processed_dttm,source) VALUES (23470875,'2024-09-29 09:11:34','m2');
INSERT INTO fact_flat (price,processed_dttm,source) VALUES (24900000,'2024-09-29 09:11:34','m2');
INSERT INTO fact_flat (price,processed_dttm,source) VALUES (12798277,'2024-09-29 09:11:34','m2');
INSERT INTO fact_flat (price,processed_dttm,source) VALUES (18500000,'2024-09-29 09:11:34','m2');
INSERT INTO fact_flat (price,processed_dttm,source) VALUES (31152210,'2024-09-29 09:11:34','m2');
INSERT INTO fact_flat (price,processed_dttm,source) VALUES (39300000,'2024-09-29 09:11:34','m2');
INSERT INTO fact_flat (price,processed_dttm,source) VALUES (21144455,'2024-09-29 09:11:34','m2');
INSERT INTO fact_flat (price,processed_dttm,source) VALUES (15200000,'2024-09-29 09:11:34','m2');
INSERT INTO fact_flat (price,processed_dttm,source) VALUES (15334142,'2024-09-29 09:11:34','m2');
INSERT INTO fact_flat (price,processed_dttm,source) VALUES (17500000,'2024-09-29 09:11:34','m2');
INSERT INTO fact_flat (price,processed_dttm,source) VALUES (27776417,'2024-09-29 09:11:34','m2');
INSERT INTO fact_flat (price,processed_dttm,source) VALUES (8500000,'2024-09-29 09:11:34','m2');
INSERT INTO fact_flat (price,processed_dttm,source) VALUES (23469500,'2024-09-29 09:11:34','m2');
INSERT INTO fact_flat (price,processed_dttm,source) VALUES (8200000,'2024-09-29 09:11:34','m2');
INSERT INTO fact_flat (price,processed_dttm,source) VALUES (17941125,'2024-09-29 09:11:34','m2');
INSERT INTO fact_flat (price,processed_dttm,source) VALUES (14999999,'2024-09-29 09:11:34','m2');
INSERT INTO fact_flat (price,processed_dttm,source) VALUES (19469171,'2024-09-29 09:11:34','m2');
INSERT INTO fact_flat (price,processed_dttm,source) VALUES (24500000,'2024-09-29 09:11:34','m2');
INSERT INTO fact_flat (price,processed_dttm,source) VALUES (15070734,'2024-09-29 09:11:34','m2');
INSERT INTO fact_flat (price,processed_dttm,source) VALUES (15000000,'2024-09-29 09:11:34','m2');
INSERT INTO fact_flat (price,processed_dttm,source) VALUES (10961631,'2024-09-29 09:11:34','m2');
INSERT INTO fact_flat (price,processed_dttm,source) VALUES (11950000,'2024-09-29 09:11:34','m2');
INSERT INTO fact_flat (price,processed_dttm,source) VALUES (11772800,'2024-09-29 09:11:34','m2');
INSERT INTO fact_flat (price,processed_dttm,source) VALUES (17300000,'2024-09-29 09:11:34','m2');
INSERT INTO fact_flat (price,processed_dttm,source) VALUES (15512623,'2024-09-29 09:11:34','m2');
INSERT INTO fact_flat (price,processed_dttm,source) VALUES (14500000,'2024-09-29 09:11:34','m2');
INSERT INTO fact_flat (price,processed_dttm,source) VALUES (13819385,'2024-09-29 09:11:34','m2');
INSERT INTO fact_flat (price,processed_dttm,source) VALUES (13200000,'2024-09-29 09:11:34','m2');
INSERT INTO fact_flat (price,processed_dttm,source) VALUES (27875515,'2024-09-29 09:11:34','m2');
INSERT INTO fact_flat (price,processed_dttm,source) VALUES (11300000,'2024-09-29 09:11:34','m2');
INSERT INTO fact_flat (price,processed_dttm,source) VALUES (21054152,'2024-09-29 09:11:34','m2');
INSERT INTO fact_flat (price,processed_dttm,source) VALUES (15000000,'2024-09-29 09:11:34','m2');
INSERT INTO fact_flat (price,processed_dttm,source) VALUES (10522118,'2024-09-29 09:11:34','m2');
INSERT INTO fact_flat (price,processed_dttm,source) VALUES (9000000,'2024-09-29 09:11:34','m2');
INSERT INTO fact_flat (price,processed_dttm,source) VALUES (33470828,'2024-09-29 09:11:34','m2');
INSERT INTO fact_flat (price,processed_dttm,source) VALUES (14500000,'2024-09-29 09:11:34','m2');
INSERT INTO fact_flat (price,processed_dttm,source) VALUES (11176748,'2024-09-29 09:11:34','m2');
INSERT INTO fact_flat (price,processed_dttm,source) VALUES (13400000,'2024-09-29 09:11:34','m2');
INSERT INTO fact_flat (price,processed_dttm,source) VALUES (11381933,'2024-09-29 09:11:34','m2');
INSERT INTO fact_flat (price,processed_dttm,source) VALUES (13000000,'2024-09-29 09:11:34','m2');
INSERT INTO fact_flat (price,processed_dttm,source) VALUES (16054507,'2024-09-29 09:11:34','m2');
INSERT INTO fact_flat (price,processed_dttm,source) VALUES (15400000,'2024-09-29 09:11:34','m2');
INSERT INTO fact_flat (price,processed_dttm,source) VALUES (10064476,'2024-09-29 09:11:34','m2');
INSERT INTO fact_flat (price,processed_dttm,source) VALUES (9000000,'2024-09-29 09:11:34','m2');
INSERT INTO fact_flat (price,processed_dttm,source) VALUES (30241350,'2024-09-29 09:11:34','m2');
INSERT INTO fact_flat (price,processed_dttm,source) VALUES (9950000,'2024-09-29 09:11:34','m2');
INSERT INTO fact_flat (price,processed_dttm,source) VALUES (7174018,'2024-09-29 09:11:34','m2');
INSERT INTO fact_flat (price,processed_dttm,source) VALUES (9800000,'2024-09-29 09:11:34','m2');
INSERT INTO fact_flat (price,processed_dttm,source) VALUES (19861778,'2024-09-29 09:11:34','m2');
INSERT INTO fact_flat (price,processed_dttm,source) VALUES (10800000,'2024-09-29 09:11:34','m2');
INSERT INTO fact_flat (price,processed_dttm,source) VALUES (18791372,'2024-09-29 09:11:34','m2');
INSERT INTO fact_flat (price,processed_dttm,source) VALUES (11550000,'2024-09-29 09:11:34','m2');
INSERT INTO fact_flat (price,processed_dttm,source) VALUES (11415611,'2024-09-29 09:11:34','m2');
INSERT INTO fact_flat (price,processed_dttm,source) VALUES (34000000,'2024-09-29 09:11:34','m2');
INSERT INTO fact_flat (price,processed_dttm,source) VALUES (23685235,'2024-09-29 09:11:34','m2');
INSERT INTO fact_flat (price,processed_dttm,source) VALUES (22500000,'2024-09-29 09:11:34','m2');
INSERT INTO fact_flat (price,processed_dttm,source) VALUES (11476080,'2024-09-29 09:11:34','m2');
INSERT INTO fact_flat (price,processed_dttm,source) VALUES (32107152,'2024-09-29 09:11:34','m2');
INSERT INTO fact_flat (price,processed_dttm,source) VALUES (13277637,'2024-09-29 09:11:34','m2');
INSERT INTO fact_flat (price,processed_dttm,source) VALUES (12000000,'2024-09-29 09:11:34','m2');
INSERT INTO fact_flat (price,processed_dttm,source) VALUES (14293617,'2024-09-29 09:11:34','m2');
INSERT INTO fact_flat (price,processed_dttm,source) VALUES (15600000,'2024-09-29 09:11:34','m2');
INSERT INTO fact_flat (price,processed_dttm,source) VALUES (11206509,'2024-09-29 09:11:34','m2');
INSERT INTO fact_flat (price,processed_dttm,source) VALUES (15950000,'2024-09-29 09:11:34','m2');
INSERT INTO fact_flat (price,processed_dttm,source) VALUES (19429180,'2024-09-29 09:11:34','m2');
INSERT INTO fact_flat (price,processed_dttm,source) VALUES (11000000,'2024-09-29 09:11:34','m2');
INSERT INTO fact_flat (price,processed_dttm,source) VALUES (11066294,'2024-09-29 09:11:34','m2');
INSERT INTO fact_flat (price,processed_dttm,source) VALUES (15300000,'2024-09-29 09:11:34','m2');
INSERT INTO fact_flat (price,processed_dttm,source) VALUES (22244950,'2024-09-29 09:11:34','m2');
INSERT INTO fact_flat (price,processed_dttm,source) VALUES (8880000,'2024-09-29 09:11:34','m2');
INSERT INTO fact_flat (price,processed_dttm,source) VALUES (13415503,'2024-09-29 09:11:34','m2');
INSERT INTO fact_flat (price,processed_dttm,source) VALUES (12900000,'2024-09-29 09:11:34','m2');
INSERT INTO fact_flat (price,processed_dttm,source) VALUES (30384287,'2024-09-29 09:11:34','m2');
INSERT INTO fact_flat (price,processed_dttm,source) VALUES (10100000,'2024-09-29 09:11:34','m2');
INSERT INTO fact_flat (price,processed_dttm,source) VALUES (8663192,'2024-09-29 09:11:34','m2');
INSERT INTO fact_flat (price,processed_dttm,source) VALUES (10900000,'2024-09-29 09:11:34','m2');
INSERT INTO fact_flat (price,processed_dttm,source) VALUES (17996691,'2024-09-29 09:11:34','m2');
INSERT INTO fact_flat (price,processed_dttm,source) VALUES (12000000,'2024-09-29 09:11:34','m2');
INSERT INTO fact_flat (price,processed_dttm,source) VALUES (15646103,'2024-09-29 09:11:34','m2');
INSERT INTO fact_flat (price,processed_dttm,source) VALUES (14500000,'2024-09-29 09:11:34','m2');
INSERT INTO fact_flat (price,processed_dttm,source) VALUES (23699727,'2024-09-29 09:11:34','m2');
INSERT INTO fact_flat (price,processed_dttm,source) VALUES (16200000,'2024-09-29 09:11:34','m2');
INSERT INTO fact_flat (price,processed_dttm,source) VALUES (19060341,'2024-09-29 09:11:34','m2');
INSERT INTO fact_flat (price,processed_dttm,source) VALUES (10600000,'2024-09-29 09:11:34','m2');
INSERT INTO fact_flat (price,processed_dttm,source) VALUES (15209824,'2024-09-29 09:11:34','m2');
INSERT INTO fact_flat (price,processed_dttm,source) VALUES (8999000,'2024-09-29 09:11:34','m2');
INSERT INTO fact_flat (price,processed_dttm,source) VALUES (23577886,'2024-09-29 09:11:34','m2');
INSERT INTO fact_flat (price,processed_dttm,source) VALUES (13500000,'2024-09-29 09:11:34','m2');
INSERT INTO fact_flat (price,processed_dttm,source) VALUES (14417011,'2024-09-29 09:11:34','m2');
INSERT INTO fact_flat (price,processed_dttm,source) VALUES (14000000,'2024-09-29 09:11:34','m2');
INSERT INTO fact_flat (price,processed_dttm,source) VALUES (11819429,'2024-09-29 09:11:34','m2');
INSERT INTO fact_flat (price,processed_dttm,source) VALUES (14000000,'2024-09-29 09:11:34','m2');
INSERT INTO fact_flat (price,processed_dttm,source) VALUES (11289757,'2024-09-29 09:11:34','m2');
INSERT INTO fact_flat (price,processed_dttm,source) VALUES (13500000,'2024-09-29 09:11:34','m2');
INSERT INTO fact_flat (price,processed_dttm,source) VALUES (8822785,'2024-09-29 09:11:34','m2');
INSERT INTO fact_flat (price,processed_dttm,source) VALUES (9150000,'2024-09-29 09:11:34','m2');
INSERT INTO fact_flat (price,processed_dttm,source) VALUES (8206983,'2024-09-29 09:11:34','m2');, parameters: None
[2024-09-29T09:11:48.727+0000] {sql.py:427} INFO - Rows affected: 1
[2024-09-29T09:11:48.800+0000] {taskinstance.py:1398} INFO - Marking task as SUCCESS. dag_id=flats, task_id=create_facts, execution_date=20240929T091016, start_date=20240929T091147, end_date=20240929T091148
[2024-09-29T09:11:48.855+0000] {local_task_job_runner.py:228} INFO - Task exited with return code 0
[2024-09-29T09:11:48.872+0000] {taskinstance.py:2776} INFO - 0 downstream tasks scheduled from follow-on schedule check
