[2024-09-29T08:28:06.238+0000] {taskinstance.py:1157} INFO - Dependencies all met for dep_context=non-requeueable deps ti=<TaskInstance: flats.get_flats manual__2024-09-29T08:26:53.190628+00:00 [queued]>
[2024-09-29T08:28:06.278+0000] {taskinstance.py:1157} INFO - Dependencies all met for dep_context=requeueable deps ti=<TaskInstance: flats.get_flats manual__2024-09-29T08:26:53.190628+00:00 [queued]>
[2024-09-29T08:28:06.279+0000] {taskinstance.py:1359} INFO - Starting attempt 1 of 1
[2024-09-29T08:28:06.351+0000] {taskinstance.py:1380} INFO - Executing <Task(PythonOperator): get_flats> on 2024-09-29 08:26:53.190628+00:00
[2024-09-29T08:28:06.385+0000] {standard_task_runner.py:57} INFO - Started process 7758 to run task
[2024-09-29T08:28:06.482+0000] {standard_task_runner.py:84} INFO - Running: ['***', 'tasks', 'run', 'flats', 'get_flats', 'manual__2024-09-29T08:26:53.190628+00:00', '--job-id', '205', '--raw', '--subdir', 'DAGS_FOLDER/flats.py', '--cfg-path', '/tmp/tmprf2g7z4s']
[2024-09-29T08:28:06.505+0000] {standard_task_runner.py:85} INFO - Job 205: Subtask get_flats
[2024-09-29T08:28:06.929+0000] {task_command.py:415} INFO - Running <TaskInstance: flats.get_flats manual__2024-09-29T08:26:53.190628+00:00 [running]> on host 5096eb060c49
[2024-09-29T08:28:07.330+0000] {taskinstance.py:1660} INFO - Exporting env vars: AIRFLOW_CTX_DAG_OWNER='***' AIRFLOW_CTX_DAG_ID='flats' AIRFLOW_CTX_TASK_ID='get_flats' AIRFLOW_CTX_EXECUTION_DATE='2024-09-29T08:26:53.190628+00:00' AIRFLOW_CTX_TRY_NUMBER='1' AIRFLOW_CTX_DAG_RUN_ID='manual__2024-09-29T08:26:53.190628+00:00'
[2024-09-29T08:28:07.401+0000] {logging_mixin.py:151} WARNING - Exception in thread Thread-1:
[2024-09-29T08:28:07.403+0000] {logging_mixin.py:151} WARNING - Traceback (most recent call last):
[2024-09-29T08:28:07.404+0000] {logging_mixin.py:151} WARNING -   File "/usr/local/lib/python3.8/threading.py", line 932, in _bootstrap_inner
[2024-09-29T08:28:07.406+0000] {logging_mixin.py:151} WARNING -     self.run()
[2024-09-29T08:28:07.407+0000] {logging_mixin.py:151} WARNING -   File "/usr/local/lib/python3.8/threading.py", line 870, in run
[2024-09-29T08:28:07.408+0000] {logging_mixin.py:151} WARNING -     self._target(*self._args, **self._kwargs)
[2024-09-29T08:28:07.409+0000] {logging_mixin.py:151} WARNING -   File "/opt/***/dags/parser.py", line 121, in get_flat
[2024-09-29T08:28:07.415+0000] {logging_mixin.py:151} WARNING -     r = requests.get(url['links'])
[2024-09-29T08:28:07.417+0000] {logging_mixin.py:151} WARNING - TypeError: string indices must be integers
[2024-09-29T08:28:07.440+0000] {logging_mixin.py:151} WARNING - Exception in thread Thread-2:
[2024-09-29T08:28:07.446+0000] {logging_mixin.py:151} WARNING - Traceback (most recent call last):
[2024-09-29T08:28:07.448+0000] {logging_mixin.py:151} WARNING -   File "/usr/local/lib/python3.8/threading.py", line 932, in _bootstrap_inner
[2024-09-29T08:28:07.450+0000] {logging_mixin.py:151} WARNING -     self.run()
[2024-09-29T08:28:07.452+0000] {logging_mixin.py:151} WARNING -   File "/usr/local/lib/python3.8/threading.py", line 870, in run
[2024-09-29T08:28:07.453+0000] {logging_mixin.py:151} WARNING -     self._target(*self._args, **self._kwargs)
[2024-09-29T08:28:07.453+0000] {logging_mixin.py:151} WARNING -   File "/opt/***/dags/parser.py", line 121, in get_flat
[2024-09-29T08:28:07.457+0000] {logging_mixin.py:151} WARNING -     r = requests.get(url['links'])
[2024-09-29T08:28:07.458+0000] {logging_mixin.py:151} WARNING - TypeError: string indices must be integers
[2024-09-29T08:28:07.462+0000] {logging_mixin.py:151} WARNING - Exception in thread Thread-3:
[2024-09-29T08:28:07.463+0000] {logging_mixin.py:151} WARNING - Traceback (most recent call last):
[2024-09-29T08:28:07.465+0000] {logging_mixin.py:151} WARNING -   File "/usr/local/lib/python3.8/threading.py", line 932, in _bootstrap_inner
[2024-09-29T08:28:07.468+0000] {logging_mixin.py:151} WARNING -     self.run()
[2024-09-29T08:28:07.469+0000] {logging_mixin.py:151} WARNING -   File "/usr/local/lib/python3.8/threading.py", line 870, in run
[2024-09-29T08:28:07.470+0000] {logging_mixin.py:151} WARNING -     self._target(*self._args, **self._kwargs)
[2024-09-29T08:28:07.471+0000] {logging_mixin.py:151} WARNING -   File "/opt/***/dags/parser.py", line 121, in get_flat
[2024-09-29T08:28:07.472+0000] {logging_mixin.py:151} WARNING -     r = requests.get(url['links'])
[2024-09-29T08:28:07.473+0000] {logging_mixin.py:151} WARNING - TypeError: string indices must be integers
[2024-09-29T08:28:07.474+0000] {logging_mixin.py:151} WARNING - Exception in thread Thread-4:
[2024-09-29T08:28:07.475+0000] {logging_mixin.py:151} WARNING - Traceback (most recent call last):
[2024-09-29T08:28:07.476+0000] {logging_mixin.py:151} WARNING -   File "/usr/local/lib/python3.8/threading.py", line 932, in _bootstrap_inner
[2024-09-29T08:28:07.477+0000] {logging_mixin.py:151} WARNING -     self.run()
[2024-09-29T08:28:07.478+0000] {logging_mixin.py:151} WARNING -   File "/usr/local/lib/python3.8/threading.py", line 870, in run
[2024-09-29T08:28:07.481+0000] {logging_mixin.py:151} WARNING -     self._target(*self._args, **self._kwargs)
[2024-09-29T08:28:07.481+0000] {logging_mixin.py:151} WARNING -   File "/opt/***/dags/parser.py", line 121, in get_flat
[2024-09-29T08:28:07.483+0000] {logging_mixin.py:151} WARNING -     r = requests.get(url['links'])
[2024-09-29T08:28:07.484+0000] {logging_mixin.py:151} WARNING - TypeError: string indices must be integers
[2024-09-29T08:28:07.487+0000] {logging_mixin.py:151} WARNING - Exception in thread Thread-5:
[2024-09-29T08:28:07.489+0000] {logging_mixin.py:151} WARNING - Traceback (most recent call last):
[2024-09-29T08:28:07.491+0000] {logging_mixin.py:151} WARNING -   File "/usr/local/lib/python3.8/threading.py", line 932, in _bootstrap_inner
[2024-09-29T08:28:07.493+0000] {logging_mixin.py:151} WARNING -     self.run()
[2024-09-29T08:28:07.495+0000] {logging_mixin.py:151} WARNING -   File "/usr/local/lib/python3.8/threading.py", line 870, in run
[2024-09-29T08:28:07.500+0000] {logging_mixin.py:151} WARNING -     self._target(*self._args, **self._kwargs)
[2024-09-29T08:28:07.501+0000] {logging_mixin.py:151} WARNING -   File "/opt/***/dags/parser.py", line 121, in get_flat
[2024-09-29T08:28:07.504+0000] {logging_mixin.py:151} WARNING -     r = requests.get(url['links'])
[2024-09-29T08:28:07.506+0000] {logging_mixin.py:151} WARNING - TypeError: string indices must be integers
[2024-09-29T08:28:07.508+0000] {logging_mixin.py:151} WARNING - Exception in thread Thread-6:
[2024-09-29T08:28:07.509+0000] {logging_mixin.py:151} WARNING - Traceback (most recent call last):
[2024-09-29T08:28:07.509+0000] {logging_mixin.py:151} WARNING -   File "/usr/local/lib/python3.8/threading.py", line 932, in _bootstrap_inner
[2024-09-29T08:28:07.510+0000] {logging_mixin.py:151} WARNING -     self.run()
[2024-09-29T08:28:07.511+0000] {logging_mixin.py:151} WARNING -   File "/usr/local/lib/python3.8/threading.py", line 870, in run
[2024-09-29T08:28:07.512+0000] {logging_mixin.py:151} WARNING -     self._target(*self._args, **self._kwargs)
[2024-09-29T08:28:07.512+0000] {logging_mixin.py:151} WARNING -   File "/opt/***/dags/parser.py", line 121, in get_flat
[2024-09-29T08:28:07.514+0000] {logging_mixin.py:151} WARNING -     r = requests.get(url['links'])
[2024-09-29T08:28:07.515+0000] {logging_mixin.py:151} WARNING - TypeError: string indices must be integers
[2024-09-29T08:28:07.516+0000] {logging_mixin.py:151} WARNING - Exception in thread Thread-7:
[2024-09-29T08:28:07.517+0000] {logging_mixin.py:151} WARNING - Traceback (most recent call last):
[2024-09-29T08:28:07.518+0000] {logging_mixin.py:151} WARNING -   File "/usr/local/lib/python3.8/threading.py", line 932, in _bootstrap_inner
[2024-09-29T08:28:07.519+0000] {logging_mixin.py:151} WARNING -     self.run()
[2024-09-29T08:28:07.519+0000] {logging_mixin.py:151} WARNING -   File "/usr/local/lib/python3.8/threading.py", line 870, in run
[2024-09-29T08:28:07.520+0000] {logging_mixin.py:151} WARNING -     self._target(*self._args, **self._kwargs)
[2024-09-29T08:28:07.520+0000] {logging_mixin.py:151} WARNING -   File "/opt/***/dags/parser.py", line 121, in get_flat
[2024-09-29T08:28:07.523+0000] {logging_mixin.py:151} WARNING -     r = requests.get(url['links'])
[2024-09-29T08:28:07.524+0000] {logging_mixin.py:151} WARNING - TypeError: string indices must be integers
[2024-09-29T08:28:07.525+0000] {logging_mixin.py:151} WARNING - Exception in thread Thread-8:
[2024-09-29T08:28:07.529+0000] {logging_mixin.py:151} WARNING - Traceback (most recent call last):
[2024-09-29T08:28:07.530+0000] {logging_mixin.py:151} WARNING -   File "/usr/local/lib/python3.8/threading.py", line 932, in _bootstrap_inner
[2024-09-29T08:28:07.533+0000] {logging_mixin.py:151} WARNING -     self.run()
[2024-09-29T08:28:07.534+0000] {logging_mixin.py:151} WARNING -   File "/usr/local/lib/python3.8/threading.py", line 870, in run
[2024-09-29T08:28:07.536+0000] {logging_mixin.py:151} WARNING -     self._target(*self._args, **self._kwargs)
[2024-09-29T08:28:07.537+0000] {logging_mixin.py:151} WARNING -   File "/opt/***/dags/parser.py", line 121, in get_flat
[2024-09-29T08:28:07.538+0000] {logging_mixin.py:151} WARNING -     r = requests.get(url['links'])
[2024-09-29T08:28:07.539+0000] {logging_mixin.py:151} WARNING - TypeError: string indices must be integers
[2024-09-29T08:28:07.541+0000] {logging_mixin.py:151} WARNING - Exception in thread Thread-9:
[2024-09-29T08:28:07.541+0000] {logging_mixin.py:151} WARNING - Traceback (most recent call last):
[2024-09-29T08:28:07.542+0000] {logging_mixin.py:151} WARNING -   File "/usr/local/lib/python3.8/threading.py", line 932, in _bootstrap_inner
[2024-09-29T08:28:07.542+0000] {logging_mixin.py:151} WARNING -     self.run()
[2024-09-29T08:28:07.543+0000] {logging_mixin.py:151} WARNING -   File "/usr/local/lib/python3.8/threading.py", line 870, in run
[2024-09-29T08:28:07.543+0000] {logging_mixin.py:151} WARNING -     self._target(*self._args, **self._kwargs)
[2024-09-29T08:28:07.544+0000] {logging_mixin.py:151} WARNING -   File "/opt/***/dags/parser.py", line 121, in get_flat
[2024-09-29T08:28:07.545+0000] {logging_mixin.py:151} WARNING -     r = requests.get(url['links'])
[2024-09-29T08:28:07.545+0000] {logging_mixin.py:151} WARNING - TypeError: string indices must be integers
[2024-09-29T08:28:07.549+0000] {logging_mixin.py:151} WARNING - Exception in thread Thread-10:
[2024-09-29T08:28:07.551+0000] {logging_mixin.py:151} WARNING - Traceback (most recent call last):
[2024-09-29T08:28:07.552+0000] {logging_mixin.py:151} WARNING -   File "/usr/local/lib/python3.8/threading.py", line 932, in _bootstrap_inner
[2024-09-29T08:28:07.553+0000] {logging_mixin.py:151} WARNING -     self.run()
[2024-09-29T08:28:07.555+0000] {logging_mixin.py:151} WARNING -   File "/usr/local/lib/python3.8/threading.py", line 870, in run
[2024-09-29T08:28:07.559+0000] {logging_mixin.py:151} WARNING -     self._target(*self._args, **self._kwargs)
[2024-09-29T08:28:07.560+0000] {logging_mixin.py:151} WARNING -   File "/opt/***/dags/parser.py", line 121, in get_flat
[2024-09-29T08:28:07.562+0000] {logging_mixin.py:151} WARNING -     r = requests.get(url['links'])
[2024-09-29T08:28:07.563+0000] {logging_mixin.py:151} WARNING - TypeError: string indices must be integers
[2024-09-29T08:28:07.564+0000] {logging_mixin.py:151} WARNING - Exception in thread Thread-11:
[2024-09-29T08:28:07.564+0000] {logging_mixin.py:151} WARNING - Traceback (most recent call last):
[2024-09-29T08:28:07.565+0000] {logging_mixin.py:151} WARNING -   File "/usr/local/lib/python3.8/threading.py", line 932, in _bootstrap_inner
[2024-09-29T08:28:07.566+0000] {logging_mixin.py:151} WARNING -     self.run()
[2024-09-29T08:28:07.567+0000] {logging_mixin.py:151} WARNING -   File "/usr/local/lib/python3.8/threading.py", line 870, in run
[2024-09-29T08:28:07.568+0000] {logging_mixin.py:151} WARNING -     self._target(*self._args, **self._kwargs)
[2024-09-29T08:28:07.568+0000] {logging_mixin.py:151} WARNING -   File "/opt/***/dags/parser.py", line 121, in get_flat
[2024-09-29T08:28:07.570+0000] {logging_mixin.py:151} WARNING -     r = requests.get(url['links'])
[2024-09-29T08:28:07.570+0000] {logging_mixin.py:151} WARNING - TypeError: string indices must be integers
[2024-09-29T08:28:07.571+0000] {logging_mixin.py:151} WARNING - Exception in thread Thread-12:
[2024-09-29T08:28:07.572+0000] {logging_mixin.py:151} WARNING - Traceback (most recent call last):
[2024-09-29T08:28:07.573+0000] {logging_mixin.py:151} WARNING -   File "/usr/local/lib/python3.8/threading.py", line 932, in _bootstrap_inner
[2024-09-29T08:28:07.574+0000] {logging_mixin.py:151} WARNING -     self.run()
[2024-09-29T08:28:07.575+0000] {logging_mixin.py:151} WARNING -   File "/usr/local/lib/python3.8/threading.py", line 870, in run
[2024-09-29T08:28:07.576+0000] {logging_mixin.py:151} WARNING -     self._target(*self._args, **self._kwargs)
[2024-09-29T08:28:07.577+0000] {logging_mixin.py:151} WARNING -   File "/opt/***/dags/parser.py", line 121, in get_flat
[2024-09-29T08:28:07.579+0000] {logging_mixin.py:151} WARNING -     r = requests.get(url['links'])
[2024-09-29T08:28:07.579+0000] {logging_mixin.py:151} WARNING - TypeError: string indices must be integers
[2024-09-29T08:28:07.581+0000] {logging_mixin.py:151} WARNING - Exception in thread Thread-13:
[2024-09-29T08:28:07.581+0000] {logging_mixin.py:151} WARNING - Traceback (most recent call last):
[2024-09-29T08:28:07.582+0000] {logging_mixin.py:151} WARNING -   File "/usr/local/lib/python3.8/threading.py", line 932, in _bootstrap_inner
[2024-09-29T08:28:07.583+0000] {logging_mixin.py:151} WARNING -     self.run()
[2024-09-29T08:28:07.584+0000] {logging_mixin.py:151} WARNING -   File "/usr/local/lib/python3.8/threading.py", line 870, in run
[2024-09-29T08:28:07.585+0000] {logging_mixin.py:151} WARNING -     self._target(*self._args, **self._kwargs)
[2024-09-29T08:28:07.587+0000] {logging_mixin.py:151} WARNING -   File "/opt/***/dags/parser.py", line 121, in get_flat
[2024-09-29T08:28:07.601+0000] {logging_mixin.py:151} WARNING -     r = requests.get(url['links'])
[2024-09-29T08:28:07.609+0000] {logging_mixin.py:151} WARNING - TypeError: string indices must be integers
[2024-09-29T08:28:07.614+0000] {logging_mixin.py:151} WARNING - Exception in thread Thread-14:
[2024-09-29T08:28:07.618+0000] {logging_mixin.py:151} WARNING - Traceback (most recent call last):
[2024-09-29T08:28:07.619+0000] {logging_mixin.py:151} WARNING -   File "/usr/local/lib/python3.8/threading.py", line 932, in _bootstrap_inner
[2024-09-29T08:28:07.620+0000] {logging_mixin.py:151} WARNING -     self.run()
[2024-09-29T08:28:07.621+0000] {logging_mixin.py:151} WARNING -   File "/usr/local/lib/python3.8/threading.py", line 870, in run
[2024-09-29T08:28:07.623+0000] {logging_mixin.py:151} WARNING -     self._target(*self._args, **self._kwargs)
[2024-09-29T08:28:07.627+0000] {logging_mixin.py:151} WARNING -   File "/opt/***/dags/parser.py", line 121, in get_flat
[2024-09-29T08:28:07.630+0000] {logging_mixin.py:151} WARNING -     r = requests.get(url['links'])
[2024-09-29T08:28:07.631+0000] {logging_mixin.py:151} WARNING - TypeError: string indices must be integers
[2024-09-29T08:28:07.632+0000] {logging_mixin.py:151} WARNING - Exception in thread Thread-15:
[2024-09-29T08:28:07.632+0000] {logging_mixin.py:151} WARNING - Traceback (most recent call last):
[2024-09-29T08:28:07.633+0000] {logging_mixin.py:151} WARNING -   File "/usr/local/lib/python3.8/threading.py", line 932, in _bootstrap_inner
[2024-09-29T08:28:07.636+0000] {logging_mixin.py:151} WARNING -     self.run()
[2024-09-29T08:28:07.637+0000] {logging_mixin.py:151} WARNING -   File "/usr/local/lib/python3.8/threading.py", line 870, in run
[2024-09-29T08:28:07.638+0000] {logging_mixin.py:151} WARNING -     self._target(*self._args, **self._kwargs)
[2024-09-29T08:28:07.640+0000] {logging_mixin.py:151} WARNING -   File "/opt/***/dags/parser.py", line 121, in get_flat
[2024-09-29T08:28:07.641+0000] {logging_mixin.py:151} WARNING -     r = requests.get(url['links'])
[2024-09-29T08:28:07.642+0000] {logging_mixin.py:151} WARNING - TypeError: string indices must be integers
[2024-09-29T08:28:07.644+0000] {logging_mixin.py:151} WARNING - Exception in thread Thread-16:
[2024-09-29T08:28:07.646+0000] {logging_mixin.py:151} WARNING - Traceback (most recent call last):
[2024-09-29T08:28:07.647+0000] {logging_mixin.py:151} WARNING -   File "/usr/local/lib/python3.8/threading.py", line 932, in _bootstrap_inner
[2024-09-29T08:28:07.649+0000] {logging_mixin.py:151} WARNING -     self.run()
[2024-09-29T08:28:07.651+0000] {logging_mixin.py:151} WARNING -   File "/usr/local/lib/python3.8/threading.py", line 870, in run
[2024-09-29T08:28:07.653+0000] {logging_mixin.py:151} WARNING -     self._target(*self._args, **self._kwargs)
[2024-09-29T08:28:07.658+0000] {logging_mixin.py:151} WARNING -   File "/opt/***/dags/parser.py", line 121, in get_flat
[2024-09-29T08:28:07.662+0000] {logging_mixin.py:151} WARNING -     r = requests.get(url['links'])
[2024-09-29T08:28:07.663+0000] {logging_mixin.py:151} WARNING - TypeError: string indices must be integers
[2024-09-29T08:28:07.664+0000] {logging_mixin.py:151} WARNING - Exception in thread Thread-17:
[2024-09-29T08:28:07.665+0000] {logging_mixin.py:151} WARNING - Traceback (most recent call last):
[2024-09-29T08:28:07.666+0000] {logging_mixin.py:151} WARNING -   File "/usr/local/lib/python3.8/threading.py", line 932, in _bootstrap_inner
[2024-09-29T08:28:07.667+0000] {logging_mixin.py:151} WARNING -     self.run()
[2024-09-29T08:28:07.668+0000] {logging_mixin.py:151} WARNING -   File "/usr/local/lib/python3.8/threading.py", line 870, in run
[2024-09-29T08:28:07.669+0000] {logging_mixin.py:151} WARNING -     self._target(*self._args, **self._kwargs)
[2024-09-29T08:28:07.670+0000] {logging_mixin.py:151} WARNING -   File "/opt/***/dags/parser.py", line 121, in get_flat
[2024-09-29T08:28:07.671+0000] {logging_mixin.py:151} WARNING -     r = requests.get(url['links'])
[2024-09-29T08:28:07.671+0000] {logging_mixin.py:151} WARNING - TypeError: string indices must be integers
[2024-09-29T08:28:07.673+0000] {logging_mixin.py:151} WARNING - Exception in thread Thread-18:
[2024-09-29T08:28:07.674+0000] {logging_mixin.py:151} WARNING - Traceback (most recent call last):
[2024-09-29T08:28:07.674+0000] {logging_mixin.py:151} WARNING -   File "/usr/local/lib/python3.8/threading.py", line 932, in _bootstrap_inner
[2024-09-29T08:28:07.675+0000] {logging_mixin.py:151} WARNING -     self.run()
[2024-09-29T08:28:07.678+0000] {logging_mixin.py:151} WARNING -   File "/usr/local/lib/python3.8/threading.py", line 870, in run
[2024-09-29T08:28:07.680+0000] {logging_mixin.py:151} WARNING -     self._target(*self._args, **self._kwargs)
[2024-09-29T08:28:07.682+0000] {logging_mixin.py:151} WARNING -   File "/opt/***/dags/parser.py", line 121, in get_flat
[2024-09-29T08:28:07.686+0000] {logging_mixin.py:151} WARNING -     r = requests.get(url['links'])
[2024-09-29T08:28:07.687+0000] {logging_mixin.py:151} WARNING - TypeError: string indices must be integers
[2024-09-29T08:28:07.689+0000] {logging_mixin.py:151} WARNING - Exception in thread Thread-19:
[2024-09-29T08:28:07.691+0000] {logging_mixin.py:151} WARNING - Traceback (most recent call last):
[2024-09-29T08:28:07.694+0000] {logging_mixin.py:151} WARNING -   File "/usr/local/lib/python3.8/threading.py", line 932, in _bootstrap_inner
[2024-09-29T08:28:07.696+0000] {logging_mixin.py:151} WARNING -     self.run()
[2024-09-29T08:28:07.697+0000] {logging_mixin.py:151} WARNING -   File "/usr/local/lib/python3.8/threading.py", line 870, in run
[2024-09-29T08:28:07.698+0000] {logging_mixin.py:151} WARNING -     self._target(*self._args, **self._kwargs)
[2024-09-29T08:28:07.698+0000] {logging_mixin.py:151} WARNING -   File "/opt/***/dags/parser.py", line 121, in get_flat
[2024-09-29T08:28:07.701+0000] {logging_mixin.py:151} WARNING -     r = requests.get(url['links'])
[2024-09-29T08:28:07.702+0000] {logging_mixin.py:151} WARNING - TypeError: string indices must be integers
[2024-09-29T08:28:07.704+0000] {logging_mixin.py:151} WARNING - Exception in thread Thread-20:
[2024-09-29T08:28:07.705+0000] {logging_mixin.py:151} WARNING - Traceback (most recent call last):
[2024-09-29T08:28:07.705+0000] {logging_mixin.py:151} WARNING -   File "/usr/local/lib/python3.8/threading.py", line 932, in _bootstrap_inner
[2024-09-29T08:28:07.706+0000] {logging_mixin.py:151} WARNING -     self.run()
[2024-09-29T08:28:07.707+0000] {logging_mixin.py:151} WARNING -   File "/usr/local/lib/python3.8/threading.py", line 870, in run
[2024-09-29T08:28:07.708+0000] {logging_mixin.py:151} WARNING -     self._target(*self._args, **self._kwargs)
[2024-09-29T08:28:07.709+0000] {logging_mixin.py:151} WARNING -   File "/opt/***/dags/parser.py", line 121, in get_flat
[2024-09-29T08:28:07.710+0000] {logging_mixin.py:151} WARNING -     r = requests.get(url['links'])
[2024-09-29T08:28:07.711+0000] {logging_mixin.py:151} WARNING - TypeError: string indices must be integers
[2024-09-29T08:28:07.713+0000] {logging_mixin.py:151} WARNING - Exception in thread Thread-21:
[2024-09-29T08:28:07.714+0000] {logging_mixin.py:151} WARNING - Traceback (most recent call last):
[2024-09-29T08:28:07.717+0000] {logging_mixin.py:151} WARNING -   File "/usr/local/lib/python3.8/threading.py", line 932, in _bootstrap_inner
[2024-09-29T08:28:07.718+0000] {logging_mixin.py:151} WARNING -     self.run()
[2024-09-29T08:28:07.719+0000] {logging_mixin.py:151} WARNING -   File "/usr/local/lib/python3.8/threading.py", line 870, in run
[2024-09-29T08:28:07.722+0000] {logging_mixin.py:151} WARNING -     self._target(*self._args, **self._kwargs)
[2024-09-29T08:28:07.724+0000] {logging_mixin.py:151} WARNING -   File "/opt/***/dags/parser.py", line 121, in get_flat
[2024-09-29T08:28:07.726+0000] {logging_mixin.py:151} WARNING -     r = requests.get(url['links'])
[2024-09-29T08:28:07.727+0000] {logging_mixin.py:151} WARNING - TypeError: string indices must be integers
[2024-09-29T08:28:07.729+0000] {logging_mixin.py:151} WARNING - Exception in thread Thread-22:
[2024-09-29T08:28:07.730+0000] {logging_mixin.py:151} WARNING - Traceback (most recent call last):
[2024-09-29T08:28:07.731+0000] {logging_mixin.py:151} WARNING -   File "/usr/local/lib/python3.8/threading.py", line 932, in _bootstrap_inner
[2024-09-29T08:28:07.735+0000] {logging_mixin.py:151} WARNING -     self.run()
[2024-09-29T08:28:07.739+0000] {logging_mixin.py:151} WARNING -   File "/usr/local/lib/python3.8/threading.py", line 870, in run
[2024-09-29T08:28:07.742+0000] {logging_mixin.py:151} WARNING -     self._target(*self._args, **self._kwargs)
[2024-09-29T08:28:07.744+0000] {logging_mixin.py:151} WARNING -   File "/opt/***/dags/parser.py", line 121, in get_flat
[2024-09-29T08:28:07.763+0000] {logging_mixin.py:151} WARNING -     r = requests.get(url['links'])
[2024-09-29T08:28:07.765+0000] {logging_mixin.py:151} WARNING - TypeError: string indices must be integers
[2024-09-29T08:28:07.769+0000] {logging_mixin.py:151} WARNING - Exception in thread Thread-23:
[2024-09-29T08:28:07.770+0000] {logging_mixin.py:151} WARNING - Traceback (most recent call last):
[2024-09-29T08:28:07.770+0000] {logging_mixin.py:151} WARNING -   File "/usr/local/lib/python3.8/threading.py", line 932, in _bootstrap_inner
[2024-09-29T08:28:07.771+0000] {logging_mixin.py:151} WARNING -     self.run()
[2024-09-29T08:28:07.772+0000] {logging_mixin.py:151} WARNING -   File "/usr/local/lib/python3.8/threading.py", line 870, in run
[2024-09-29T08:28:07.773+0000] {logging_mixin.py:151} WARNING -     self._target(*self._args, **self._kwargs)
[2024-09-29T08:28:07.774+0000] {logging_mixin.py:151} WARNING -   File "/opt/***/dags/parser.py", line 121, in get_flat
[2024-09-29T08:28:07.776+0000] {logging_mixin.py:151} WARNING -     r = requests.get(url['links'])
[2024-09-29T08:28:07.777+0000] {logging_mixin.py:151} WARNING - TypeError: string indices must be integers
[2024-09-29T08:28:07.778+0000] {logging_mixin.py:151} WARNING - Exception in thread Thread-24:
[2024-09-29T08:28:07.780+0000] {logging_mixin.py:151} WARNING - Traceback (most recent call last):
[2024-09-29T08:28:07.780+0000] {logging_mixin.py:151} WARNING -   File "/usr/local/lib/python3.8/threading.py", line 932, in _bootstrap_inner
[2024-09-29T08:28:07.782+0000] {logging_mixin.py:151} WARNING -     self.run()
[2024-09-29T08:28:07.784+0000] {logging_mixin.py:151} WARNING -   File "/usr/local/lib/python3.8/threading.py", line 870, in run
[2024-09-29T08:28:07.786+0000] {logging_mixin.py:151} WARNING -     self._target(*self._args, **self._kwargs)
[2024-09-29T08:28:07.788+0000] {logging_mixin.py:151} WARNING -   File "/opt/***/dags/parser.py", line 121, in get_flat
[2024-09-29T08:28:07.790+0000] {logging_mixin.py:151} WARNING -     r = requests.get(url['links'])
[2024-09-29T08:28:07.791+0000] {logging_mixin.py:151} WARNING - TypeError: string indices must be integers
[2024-09-29T08:28:07.792+0000] {logging_mixin.py:151} WARNING - Exception in thread Thread-25:
[2024-09-29T08:28:07.793+0000] {logging_mixin.py:151} WARNING - Traceback (most recent call last):
[2024-09-29T08:28:07.794+0000] {logging_mixin.py:151} WARNING -   File "/usr/local/lib/python3.8/threading.py", line 932, in _bootstrap_inner
[2024-09-29T08:28:07.795+0000] {logging_mixin.py:151} WARNING -     self.run()
[2024-09-29T08:28:07.796+0000] {logging_mixin.py:151} WARNING -   File "/usr/local/lib/python3.8/threading.py", line 870, in run
[2024-09-29T08:28:07.798+0000] {logging_mixin.py:151} WARNING -     self._target(*self._args, **self._kwargs)
[2024-09-29T08:28:07.798+0000] {logging_mixin.py:151} WARNING -   File "/opt/***/dags/parser.py", line 121, in get_flat
[2024-09-29T08:28:07.800+0000] {logging_mixin.py:151} WARNING -     r = requests.get(url['links'])
[2024-09-29T08:28:07.801+0000] {logging_mixin.py:151} WARNING - TypeError: string indices must be integers
[2024-09-29T08:28:07.802+0000] {logging_mixin.py:151} WARNING - Exception in thread Thread-26:
[2024-09-29T08:28:07.803+0000] {logging_mixin.py:151} WARNING - Traceback (most recent call last):
[2024-09-29T08:28:07.803+0000] {logging_mixin.py:151} WARNING -   File "/usr/local/lib/python3.8/threading.py", line 932, in _bootstrap_inner
[2024-09-29T08:28:07.805+0000] {logging_mixin.py:151} WARNING -     self.run()
[2024-09-29T08:28:07.806+0000] {logging_mixin.py:151} WARNING -   File "/usr/local/lib/python3.8/threading.py", line 870, in run
[2024-09-29T08:28:07.807+0000] {logging_mixin.py:151} WARNING -     self._target(*self._args, **self._kwargs)
[2024-09-29T08:28:07.807+0000] {logging_mixin.py:151} WARNING -   File "/opt/***/dags/parser.py", line 121, in get_flat
[2024-09-29T08:28:07.809+0000] {logging_mixin.py:151} WARNING -     r = requests.get(url['links'])
[2024-09-29T08:28:07.810+0000] {logging_mixin.py:151} WARNING - TypeError: string indices must be integers
[2024-09-29T08:28:07.812+0000] {logging_mixin.py:151} WARNING - Exception in thread Thread-27:
[2024-09-29T08:28:07.813+0000] {logging_mixin.py:151} WARNING - Traceback (most recent call last):
[2024-09-29T08:28:07.814+0000] {logging_mixin.py:151} WARNING -   File "/usr/local/lib/python3.8/threading.py", line 932, in _bootstrap_inner
[2024-09-29T08:28:07.815+0000] {logging_mixin.py:151} WARNING -     self.run()
[2024-09-29T08:28:07.816+0000] {logging_mixin.py:151} WARNING -   File "/usr/local/lib/python3.8/threading.py", line 870, in run
[2024-09-29T08:28:07.822+0000] {logging_mixin.py:151} WARNING -     self._target(*self._args, **self._kwargs)
[2024-09-29T08:28:07.823+0000] {logging_mixin.py:151} WARNING -   File "/opt/***/dags/parser.py", line 121, in get_flat
[2024-09-29T08:28:07.825+0000] {logging_mixin.py:151} WARNING -     r = requests.get(url['links'])
[2024-09-29T08:28:07.827+0000] {logging_mixin.py:151} WARNING - TypeError: string indices must be integers
[2024-09-29T08:28:07.830+0000] {logging_mixin.py:151} WARNING - Exception in thread Thread-28:
[2024-09-29T08:28:07.831+0000] {logging_mixin.py:151} WARNING - Traceback (most recent call last):
[2024-09-29T08:28:07.831+0000] {logging_mixin.py:151} WARNING -   File "/usr/local/lib/python3.8/threading.py", line 932, in _bootstrap_inner
[2024-09-29T08:28:07.832+0000] {logging_mixin.py:151} WARNING -     self.run()
[2024-09-29T08:28:07.833+0000] {logging_mixin.py:151} WARNING -   File "/usr/local/lib/python3.8/threading.py", line 870, in run
[2024-09-29T08:28:07.835+0000] {logging_mixin.py:151} WARNING -     self._target(*self._args, **self._kwargs)
[2024-09-29T08:28:07.840+0000] {logging_mixin.py:151} WARNING -   File "/opt/***/dags/parser.py", line 121, in get_flat
[2024-09-29T08:28:07.854+0000] {logging_mixin.py:151} WARNING -     r = requests.get(url['links'])
[2024-09-29T08:28:07.856+0000] {logging_mixin.py:151} WARNING - TypeError: string indices must be integers
[2024-09-29T08:28:07.859+0000] {logging_mixin.py:151} WARNING - Exception in thread Thread-29:
[2024-09-29T08:28:07.860+0000] {logging_mixin.py:151} WARNING - Traceback (most recent call last):
[2024-09-29T08:28:07.861+0000] {logging_mixin.py:151} WARNING -   File "/usr/local/lib/python3.8/threading.py", line 932, in _bootstrap_inner
[2024-09-29T08:28:07.862+0000] {logging_mixin.py:151} WARNING -     self.run()
[2024-09-29T08:28:07.864+0000] {logging_mixin.py:151} WARNING -   File "/usr/local/lib/python3.8/threading.py", line 870, in run
[2024-09-29T08:28:07.866+0000] {logging_mixin.py:151} WARNING -     self._target(*self._args, **self._kwargs)
[2024-09-29T08:28:07.867+0000] {logging_mixin.py:151} WARNING -   File "/opt/***/dags/parser.py", line 121, in get_flat
[2024-09-29T08:28:07.870+0000] {logging_mixin.py:151} WARNING -     r = requests.get(url['links'])
[2024-09-29T08:28:07.871+0000] {logging_mixin.py:151} WARNING - TypeError: string indices must be integers
[2024-09-29T08:28:07.873+0000] {logging_mixin.py:151} WARNING - Exception in thread Thread-30:
[2024-09-29T08:28:07.875+0000] {logging_mixin.py:151} WARNING - Traceback (most recent call last):
[2024-09-29T08:28:07.876+0000] {logging_mixin.py:151} WARNING -   File "/usr/local/lib/python3.8/threading.py", line 932, in _bootstrap_inner
[2024-09-29T08:28:07.878+0000] {logging_mixin.py:151} WARNING -     self.run()
[2024-09-29T08:28:07.878+0000] {logging_mixin.py:151} WARNING -   File "/usr/local/lib/python3.8/threading.py", line 870, in run
[2024-09-29T08:28:07.882+0000] {logging_mixin.py:151} WARNING -     self._target(*self._args, **self._kwargs)
[2024-09-29T08:28:07.884+0000] {logging_mixin.py:151} WARNING -   File "/opt/***/dags/parser.py", line 121, in get_flat
[2024-09-29T08:28:07.887+0000] {logging_mixin.py:151} WARNING -     r = requests.get(url['links'])
[2024-09-29T08:28:07.888+0000] {logging_mixin.py:151} WARNING - TypeError: string indices must be integers
[2024-09-29T08:28:07.888+0000] {python.py:194} INFO - Done. Returned value was: None
[2024-09-29T08:28:07.933+0000] {taskinstance.py:1398} INFO - Marking task as SUCCESS. dag_id=flats, task_id=get_flats, execution_date=20240929T082653, start_date=20240929T082806, end_date=20240929T082807
[2024-09-29T08:28:08.027+0000] {local_task_job_runner.py:228} INFO - Task exited with return code 0
[2024-09-29T08:28:08.108+0000] {taskinstance.py:2776} INFO - 0 downstream tasks scheduled from follow-on schedule check
