[2024-09-29T08:22:16.439+0000] {taskinstance.py:1157} INFO - Dependencies all met for dep_context=non-requeueable deps ti=<TaskInstance: flats.create_fact_table manual__2024-09-29T08:21:18.325782+00:00 [queued]>
[2024-09-29T08:22:16.492+0000] {taskinstance.py:1157} INFO - Dependencies all met for dep_context=requeueable deps ti=<TaskInstance: flats.create_fact_table manual__2024-09-29T08:21:18.325782+00:00 [queued]>
[2024-09-29T08:22:16.497+0000] {taskinstance.py:1359} INFO - Starting attempt 1 of 1
[2024-09-29T08:22:16.594+0000] {taskinstance.py:1380} INFO - Executing <Task(PostgresOperator): create_fact_table> on 2024-09-29 08:21:18.325782+00:00
[2024-09-29T08:22:16.625+0000] {standard_task_runner.py:57} INFO - Started process 7607 to run task
[2024-09-29T08:22:16.678+0000] {standard_task_runner.py:84} INFO - Running: ['***', 'tasks', 'run', 'flats', 'create_fact_table', 'manual__2024-09-29T08:21:18.325782+00:00', '--job-id', '200', '--raw', '--subdir', 'DAGS_FOLDER/flats.py', '--cfg-path', '/tmp/tmpedq2d__h']
[2024-09-29T08:22:16.754+0000] {standard_task_runner.py:85} INFO - Job 200: Subtask create_fact_table
[2024-09-29T08:22:17.642+0000] {task_command.py:415} INFO - Running <TaskInstance: flats.create_fact_table manual__2024-09-29T08:21:18.325782+00:00 [running]> on host 5096eb060c49
[2024-09-29T08:22:18.327+0000] {taskinstance.py:1660} INFO - Exporting env vars: AIRFLOW_CTX_DAG_OWNER='***' AIRFLOW_CTX_DAG_ID='flats' AIRFLOW_CTX_TASK_ID='create_fact_table' AIRFLOW_CTX_EXECUTION_DATE='2024-09-29T08:21:18.325782+00:00' AIRFLOW_CTX_TRY_NUMBER='1' AIRFLOW_CTX_DAG_RUN_ID='manual__2024-09-29T08:21:18.325782+00:00'
[2024-09-29T08:22:18.342+0000] {sql.py:274} INFO - Executing: 
    CREATE TABLE IF NOT EXISTS fact_flat (
        metro_id SERIAL,
        text_id SERIAL,
        seller_id SERIAL,
        advt_id SERIAL,
        building_id SERIAL,
        flat_params_id SERIAL,
        district_id SERIAL,
        geo_id SERIAL,
        price DECIMAL,
        processed_dttm DATE NOT NULL,
        source VARCHAR(20) NOT NULL
    )
[2024-09-29T08:22:18.404+0000] {base.py:73} INFO - Using connection ID 'postgres_conn' for task execution.
[2024-09-29T08:22:19.273+0000] {base.py:73} INFO - Using connection ID 'postgres_conn' for task execution.
[2024-09-29T08:22:20.092+0000] {sql.py:418} INFO - Running statement: 
    CREATE TABLE IF NOT EXISTS fact_flat (
        metro_id SERIAL,
        text_id SERIAL,
        seller_id SERIAL,
        advt_id SERIAL,
        building_id SERIAL,
        flat_params_id SERIAL,
        district_id SERIAL,
        geo_id SERIAL,
        price DECIMAL,
        processed_dttm DATE NOT NULL,
        source VARCHAR(20) NOT NULL
    ), parameters: None
[2024-09-29T08:22:20.313+0000] {taskinstance.py:1398} INFO - Marking task as SUCCESS. dag_id=flats, task_id=create_fact_table, execution_date=20240929T082118, start_date=20240929T082216, end_date=20240929T082220
[2024-09-29T08:22:20.425+0000] {local_task_job_runner.py:228} INFO - Task exited with return code 0
[2024-09-29T08:22:20.605+0000] {taskinstance.py:2776} INFO - 0 downstream tasks scheduled from follow-on schedule check
