[2024-09-29T07:31:07.285+0000] {taskinstance.py:1157} INFO - Dependencies all met for dep_context=non-requeueable deps ti=<TaskInstance: flats.get_links manual__2024-09-29T07:30:54.887347+00:00 [queued]>
[2024-09-29T07:31:07.294+0000] {taskinstance.py:1157} INFO - Dependencies all met for dep_context=requeueable deps ti=<TaskInstance: flats.get_links manual__2024-09-29T07:30:54.887347+00:00 [queued]>
[2024-09-29T07:31:07.294+0000] {taskinstance.py:1359} INFO - Starting attempt 1 of 1
[2024-09-29T07:31:07.308+0000] {taskinstance.py:1380} INFO - Executing <Task(PythonOperator): get_links> on 2024-09-29 07:30:54.887347+00:00
[2024-09-29T07:31:07.315+0000] {standard_task_runner.py:57} INFO - Started process 6522 to run task
[2024-09-29T07:31:07.319+0000] {standard_task_runner.py:84} INFO - Running: ['***', 'tasks', 'run', 'flats', 'get_links', 'manual__2024-09-29T07:30:54.887347+00:00', '--job-id', '162', '--raw', '--subdir', 'DAGS_FOLDER/flats.py', '--cfg-path', '/tmp/tmpnumbswiw']
[2024-09-29T07:31:07.321+0000] {standard_task_runner.py:85} INFO - Job 162: Subtask get_links
[2024-09-29T07:31:07.410+0000] {task_command.py:415} INFO - Running <TaskInstance: flats.get_links manual__2024-09-29T07:30:54.887347+00:00 [running]> on host 5096eb060c49
[2024-09-29T07:31:07.650+0000] {taskinstance.py:1660} INFO - Exporting env vars: AIRFLOW_CTX_DAG_OWNER='***' AIRFLOW_CTX_DAG_ID='flats' AIRFLOW_CTX_TASK_ID='get_links' AIRFLOW_CTX_EXECUTION_DATE='2024-09-29T07:30:54.887347+00:00' AIRFLOW_CTX_TRY_NUMBER='1' AIRFLOW_CTX_DAG_RUN_ID='manual__2024-09-29T07:30:54.887347+00:00'
[2024-09-29T07:31:10.136+0000] {logging_mixin.py:151} INFO - https://m2.ru/moskva/nedvizhimost/prodazha-kvartiri-studii-26-m-19-20-etazh-481831b1-e812-4337-a7b4-9bb913ee420c/
[2024-09-29T07:31:10.137+0000] {logging_mixin.py:151} INFO - вторичка
[2024-09-29T07:31:10.140+0000] {logging_mixin.py:151} INFO - https://m2.ru/moskva/nedvizhimost/prodazha-kvartiri-studii-22-m-18-24-etazh-a36e3b93-1e67-4466-bb5b-34eec21b6032/
[2024-09-29T07:31:10.141+0000] {logging_mixin.py:151} INFO - новостройка
[2024-09-29T07:31:10.142+0000] {logging_mixin.py:151} INFO - https://m2.ru/moskva/nedvizhimost/prodazha-1-komnatnoi-kvartiri-40-2-m-8-15-etazh-271ef989-6381-4654-b8fe-d62823eed5b5/
[2024-09-29T07:31:10.143+0000] {logging_mixin.py:151} INFO - вторичка
[2024-09-29T07:31:10.144+0000] {logging_mixin.py:151} INFO - https://m2.ru/moskva/nedvizhimost/prodazha-1-komnatnoi-kvartiri-35-8-m-15-24-etazh-8e7cc4ae-1227-40d1-bfc7-97da1965a883/
[2024-09-29T07:31:10.144+0000] {logging_mixin.py:151} INFO - новостройка
[2024-09-29T07:31:10.145+0000] {logging_mixin.py:151} INFO - https://m2.ru/moskva/nedvizhimost/prodazha-3-komnatnoi-kvartiri-57-2-m-9-9-etazh-6b744124-020a-4988-997e-d62d1d819573/
[2024-09-29T07:31:10.145+0000] {logging_mixin.py:151} INFO - вторичка
[2024-09-29T07:31:10.147+0000] {logging_mixin.py:151} INFO - https://m2.ru/moskva/nedvizhimost/prodazha-kvartiri-studii-22-9-m-18-24-etazh-90540126-12ff-481e-ba04-9cf9d66fef46/
[2024-09-29T07:31:10.148+0000] {logging_mixin.py:151} INFO - новостройка
[2024-09-29T07:31:10.148+0000] {logging_mixin.py:151} INFO - https://m2.ru/moskva/nedvizhimost/prodazha-mnogokomnatnoi-kvartiri-129-7-m-4-8-etazh-6cf3d53e-0db8-49c3-ab47-2a6a89dd18a6/
[2024-09-29T07:31:10.149+0000] {logging_mixin.py:151} INFO - вторичка
[2024-09-29T07:31:10.149+0000] {logging_mixin.py:151} INFO - https://m2.ru/moskva/nedvizhimost/prodazha-kvartiri-studii-22-8-m-24-24-etazh-01c980c2-24ab-4cab-b754-d0c8ecb920d0/
[2024-09-29T07:31:10.150+0000] {logging_mixin.py:151} INFO - новостройка
[2024-09-29T07:31:10.151+0000] {logging_mixin.py:151} INFO - https://m2.ru/moskva/nedvizhimost/prodazha-mnogokomnatnoi-kvartiri-360-m-5-5-etazh-850ce3e6-3b96-4232-987e-fbadca795955/
[2024-09-29T07:31:10.152+0000] {logging_mixin.py:151} INFO - вторичка
[2024-09-29T07:31:10.153+0000] {logging_mixin.py:151} INFO - https://m2.ru/moskva/nedvizhimost/prodazha-kvartiri-studii-28-5-m-2-21-etazh-26bfea5c-1653-4573-9275-cc4a42768ce1/
[2024-09-29T07:31:10.154+0000] {logging_mixin.py:151} INFO - новостройка
[2024-09-29T07:31:10.154+0000] {logging_mixin.py:151} INFO - https://m2.ru/moskva/nedvizhimost/prodazha-2-komnatnoi-kvartiri-238-m-4-4-etazh-70451269-5dd9-40ee-902b-7c6ba1c1b5ab/
[2024-09-29T07:31:10.155+0000] {logging_mixin.py:151} INFO - вторичка
[2024-09-29T07:31:10.155+0000] {logging_mixin.py:151} INFO - https://m2.ru/moskva/nedvizhimost/prodazha-1-komnatnoi-kvartiri-37-3-m-7-21-etazh-0945d3d6-ea29-4571-8689-9ef2521cd667/
[2024-09-29T07:31:10.155+0000] {logging_mixin.py:151} INFO - новостройка
[2024-09-29T07:31:10.156+0000] {logging_mixin.py:151} INFO - https://m2.ru/moskva/nedvizhimost/prodazha-2-komnatnoi-kvartiri-67-6-m-6-16-etazh-181ee8f1-0a1c-4f01-9e38-cd677bab0316/
[2024-09-29T07:31:10.156+0000] {logging_mixin.py:151} INFO - вторичка
[2024-09-29T07:31:10.157+0000] {logging_mixin.py:151} INFO - https://m2.ru/moskva/nedvizhimost/prodazha-1-komnatnoi-kvartiri-34-6-m-19-24-etazh-d5c2f004-5e40-43b4-b435-59475452faac/
[2024-09-29T07:31:10.157+0000] {logging_mixin.py:151} INFO - новостройка
[2024-09-29T07:31:10.157+0000] {logging_mixin.py:151} INFO - https://m2.ru/moskva/nedvizhimost/prodazha-1-komnatnoi-kvartiri-39-m-14-16-etazh-48fbaa77-9c5b-4833-855b-c28082b9dc85/
[2024-09-29T07:31:10.158+0000] {logging_mixin.py:151} INFO - вторичка
[2024-09-29T07:31:10.158+0000] {logging_mixin.py:151} INFO - https://m2.ru/moskva/nedvizhimost/prodazha-3-komnatnoi-kvartiri-79-3-m-6-30-etazh-50fa3255-994b-440c-958f-d4655fec3cd1/
[2024-09-29T07:31:10.159+0000] {logging_mixin.py:151} INFO - новостройка
[2024-09-29T07:31:10.159+0000] {logging_mixin.py:151} INFO - https://m2.ru/moskva/nedvizhimost/prodazha-kvartiri-studii-12-1-m-1-3-etazh-9b78e2ea-67af-4bf4-b34e-aa93fda0f991/
[2024-09-29T07:31:10.159+0000] {logging_mixin.py:151} INFO - вторичка
[2024-09-29T07:31:10.160+0000] {logging_mixin.py:151} INFO - https://m2.ru/moskva/nedvizhimost/prodazha-1-komnatnoi-kvartiri-33-8-m-3-12-etazh-3f38fcfe-cca8-4e1d-b7dc-8c008ebe735f/
[2024-09-29T07:31:10.160+0000] {logging_mixin.py:151} INFO - новостройка
[2024-09-29T07:31:10.161+0000] {logging_mixin.py:151} INFO - https://m2.ru/moskva/nedvizhimost/prodazha-kvartiri-studii-26-m-29-32-etazh-01df444c-8b90-4b73-96c9-f86e5113eab2/
[2024-09-29T07:31:10.161+0000] {logging_mixin.py:151} INFO - вторичка
[2024-09-29T07:31:10.162+0000] {logging_mixin.py:151} INFO - https://m2.ru/moskva/nedvizhimost/prodazha-1-komnatnoi-kvartiri-29-3-m-14-42-etazh-24f0d437-3fce-45b7-923d-53b27d91a504/
[2024-09-29T07:31:10.162+0000] {logging_mixin.py:151} INFO - новостройка
[2024-09-29T07:31:12.574+0000] {logging_mixin.py:151} INFO - https://m2.ru/moskva/nedvizhimost/prodazha-kvartiri-studii-19-2-m-1-3-etazh-1ecf3850-0231-41ff-9533-42e1f0c10c7a/
[2024-09-29T07:31:12.575+0000] {logging_mixin.py:151} INFO - вторичка
[2024-09-29T07:31:12.576+0000] {logging_mixin.py:151} INFO - https://m2.ru/moskva/nedvizhimost/prodazha-kvartiri-studii-18-9-m-22-43-etazh-6a7d76f4-f342-4216-ba1b-5d77698e8fb7/
[2024-09-29T07:31:12.576+0000] {logging_mixin.py:151} INFO - новостройка
[2024-09-29T07:31:12.576+0000] {logging_mixin.py:151} INFO - https://m2.ru/moskva/nedvizhimost/prodazha-1-komnatnoi-kvartiri-41-m-14-25-etazh-d8a51503-eac8-476a-a80c-705ef2a47b25/
[2024-09-29T07:31:12.577+0000] {logging_mixin.py:151} INFO - вторичка
[2024-09-29T07:31:12.577+0000] {logging_mixin.py:151} INFO - https://m2.ru/moskva/nedvizhimost/prodazha-kvartiri-studii-24-8-m-18-19-etazh-a12f36d8-94f1-46fe-b816-893e2b72a70e/
[2024-09-29T07:31:12.577+0000] {logging_mixin.py:151} INFO - новостройка
[2024-09-29T07:31:12.578+0000] {logging_mixin.py:151} INFO - https://m2.ru/moskva/nedvizhimost/prodazha-1-komnatnoi-kvartiri-35-m-2-13-etazh-d3946783-6479-409e-bb63-d2346a7b69dc/
[2024-09-29T07:31:12.578+0000] {logging_mixin.py:151} INFO - вторичка
[2024-09-29T07:31:12.579+0000] {logging_mixin.py:151} INFO - https://m2.ru/moskva/nedvizhimost/prodazha-1-komnatnoi-kvartiri-39-2-m-10-21-etazh-91f81a15-9626-4040-95f7-7fcc954cd6c7/
[2024-09-29T07:31:12.579+0000] {logging_mixin.py:151} INFO - новостройка
[2024-09-29T07:31:12.580+0000] {logging_mixin.py:151} INFO - https://m2.ru/moskva/nedvizhimost/prodazha-kvartiri-studii-30-m-7-7-etazh-0647b57c-78b7-4ca8-8179-bebd78878352/
[2024-09-29T07:31:12.580+0000] {logging_mixin.py:151} INFO - вторичка
[2024-09-29T07:31:12.580+0000] {logging_mixin.py:151} INFO - https://m2.ru/moskva/nedvizhimost/prodazha-2-komnatnoi-kvartiri-42-7-m-14-24-etazh-13cbdd7a-817d-485e-abe9-80c59b6a4d66/
[2024-09-29T07:31:12.581+0000] {logging_mixin.py:151} INFO - новостройка
[2024-09-29T07:31:12.581+0000] {logging_mixin.py:151} INFO - https://m2.ru/moskva/nedvizhimost/prodazha-kvartiri-studii-25-5-m-4-8-etazh-b0a2fca5-9f6d-4d5f-a157-f34360e7339d/
[2024-09-29T07:31:12.581+0000] {logging_mixin.py:151} INFO - вторичка
[2024-09-29T07:31:12.582+0000] {logging_mixin.py:151} INFO - https://m2.ru/moskva/nedvizhimost/prodazha-1-komnatnoi-kvartiri-38-7-m-7-24-etazh-f3c0b8fb-0ae1-4c03-88b4-ab4e61136508/
[2024-09-29T07:31:12.582+0000] {logging_mixin.py:151} INFO - новостройка
[2024-09-29T07:31:12.582+0000] {logging_mixin.py:151} INFO - https://m2.ru/moskva/nedvizhimost/prodazha-2-komnatnoi-kvartiri-58-9-m-21-37-etazh-d869683b-4558-4315-9bec-9d8876a61576/
[2024-09-29T07:31:12.583+0000] {logging_mixin.py:151} INFO - вторичка
[2024-09-29T07:31:12.583+0000] {logging_mixin.py:151} INFO - https://m2.ru/moskva/nedvizhimost/prodazha-kvartiri-studii-21-8-m-36-37-etazh-879692d9-1450-4da9-847a-4d719b65bedb/
[2024-09-29T07:31:12.583+0000] {logging_mixin.py:151} INFO - новостройка
[2024-09-29T07:31:12.584+0000] {logging_mixin.py:151} INFO - https://m2.ru/moskva/nedvizhimost/prodazha-2-komnatnoi-kvartiri-47-3-m-24-31-etazh-1b190c29-cddc-4532-8efa-85b53b781d25/
[2024-09-29T07:31:12.584+0000] {logging_mixin.py:151} INFO - вторичка
[2024-09-29T07:31:12.584+0000] {logging_mixin.py:151} INFO - https://m2.ru/moskva/nedvizhimost/prodazha-kvartiri-studii-29-6-m-3-21-etazh-6f7ee4b3-8eef-4e01-a2a4-7113d58b754f/
[2024-09-29T07:31:12.585+0000] {logging_mixin.py:151} INFO - новостройка
[2024-09-29T07:31:12.585+0000] {logging_mixin.py:151} INFO - https://m2.ru/moskva/nedvizhimost/prodazha-kvartiri-studii-24-m-25-33-etazh-8128252b-3a33-4d3b-9ca8-6e57b5fa8773/
[2024-09-29T07:31:12.585+0000] {logging_mixin.py:151} INFO - вторичка
[2024-09-29T07:31:12.586+0000] {logging_mixin.py:151} INFO - https://m2.ru/moskva/nedvizhimost/prodazha-2-komnatnoi-kvartiri-37-9-m-12-30-etazh-40a71f07-f0e1-4fd8-83a4-0b30079eabcf/
[2024-09-29T07:31:12.586+0000] {logging_mixin.py:151} INFO - новостройка
[2024-09-29T07:31:12.586+0000] {logging_mixin.py:151} INFO - https://m2.ru/moskva/nedvizhimost/prodazha-kvartiri-studii-29-m-19-37-etazh-d9441315-cb58-4568-8823-c698d9716728/
[2024-09-29T07:31:12.587+0000] {logging_mixin.py:151} INFO - вторичка
[2024-09-29T07:31:12.587+0000] {logging_mixin.py:151} INFO - https://m2.ru/moskva/nedvizhimost/prodazha-1-komnatnoi-kvartiri-29-2-m-26-42-etazh-9edc8167-d5ff-4025-9f88-cd66c8039488/
[2024-09-29T07:31:12.587+0000] {logging_mixin.py:151} INFO - новостройка
[2024-09-29T07:31:12.588+0000] {logging_mixin.py:151} INFO - https://m2.ru/moskva/nedvizhimost/prodazha-1-komnatnoi-kvartiri-35-m-8-14-etazh-d3984490-2d54-4ed2-bdbd-c43f46d06673/
[2024-09-29T07:31:12.588+0000] {logging_mixin.py:151} INFO - вторичка
[2024-09-29T07:31:12.588+0000] {logging_mixin.py:151} INFO - https://m2.ru/moskva/nedvizhimost/prodazha-1-komnatnoi-kvartiri-33-9-m-26-26-etazh-3730b25f-db76-4e7b-8154-a1ea20b24b58/
[2024-09-29T07:31:12.589+0000] {logging_mixin.py:151} INFO - новостройка
[2024-09-29T07:31:14.473+0000] {logging_mixin.py:151} INFO - https://m2.ru/moskva/nedvizhimost/prodazha-kvartiri-studii-32-4-m-7-15-etazh-4fbd1f01-3143-45e8-9936-7bab06ab772a/
[2024-09-29T07:31:14.473+0000] {logging_mixin.py:151} INFO - вторичка
[2024-09-29T07:31:14.474+0000] {logging_mixin.py:151} INFO - https://m2.ru/moskva/nedvizhimost/prodazha-kvartiri-studii-23-5-m-19-21-etazh-82ce7503-6a3e-4b88-aa8b-236690ce13f1/
[2024-09-29T07:31:14.474+0000] {logging_mixin.py:151} INFO - новостройка
[2024-09-29T07:31:14.475+0000] {logging_mixin.py:151} INFO - https://m2.ru/moskva/nedvizhimost/prodazha-2-komnatnoi-kvartiri-55-4-m-14-18-etazh-16581bd2-d180-40be-bc4a-f7077a44c6e5/
[2024-09-29T07:31:14.475+0000] {logging_mixin.py:151} INFO - вторичка
[2024-09-29T07:31:14.475+0000] {logging_mixin.py:151} INFO - https://m2.ru/moskva/nedvizhimost/prodazha-kvartiri-studii-21-4-m-8-9-etazh-2594442c-040f-4e73-97f9-a47ce321df72/
[2024-09-29T07:31:14.475+0000] {logging_mixin.py:151} INFO - новостройка
[2024-09-29T07:31:14.476+0000] {logging_mixin.py:151} INFO - https://m2.ru/moskva/nedvizhimost/prodazha-2-komnatnoi-kvartiri-50-m-10-14-etazh-7c86ed06-dc1e-4a41-8176-a921aa88354f/
[2024-09-29T07:31:14.476+0000] {logging_mixin.py:151} INFO - вторичка
[2024-09-29T07:31:14.477+0000] {logging_mixin.py:151} INFO - https://m2.ru/moskva/nedvizhimost/prodazha-kvartiri-studii-22-6-m-9-24-etazh-755cf4f0-a926-46f2-851b-b8191494cb9d/
[2024-09-29T07:31:14.477+0000] {logging_mixin.py:151} INFO - новостройка
[2024-09-29T07:31:14.479+0000] {logging_mixin.py:151} INFO - https://m2.ru/moskva/nedvizhimost/prodazha-kvartiri-studii-27-4-m-24-27-etazh-114ce655-dfdb-487b-9069-7c88a087b06b/
[2024-09-29T07:31:14.479+0000] {logging_mixin.py:151} INFO - вторичка
[2024-09-29T07:31:14.480+0000] {logging_mixin.py:151} INFO - https://m2.ru/moskva/nedvizhimost/prodazha-1-komnatnoi-kvartiri-34-2-m-8-24-etazh-45f46a37-d815-4d6f-b025-a54c145b08ca/
[2024-09-29T07:31:14.481+0000] {logging_mixin.py:151} INFO - новостройка
[2024-09-29T07:31:14.482+0000] {logging_mixin.py:151} INFO - https://m2.ru/moskva/nedvizhimost/prodazha-1-komnatnoi-kvartiri-37-9-m-12-17-etazh-fda7c9c4-5802-4a9e-9ba5-9a8e9dd6096b/
[2024-09-29T07:31:14.483+0000] {logging_mixin.py:151} INFO - вторичка
[2024-09-29T07:31:14.484+0000] {logging_mixin.py:151} INFO - https://m2.ru/moskva/nedvizhimost/prodazha-kvartiri-studii-26-6-m-5-21-etazh-72a30ad9-76db-415b-ad90-d0128a25b9b1/
[2024-09-29T07:31:14.485+0000] {logging_mixin.py:151} INFO - новостройка
[2024-09-29T07:31:14.486+0000] {logging_mixin.py:151} INFO - https://m2.ru/moskva/nedvizhimost/prodazha-1-komnatnoi-kvartiri-40-m-17-17-etazh-559235e1-dc87-491f-9ab7-60187934b729/
[2024-09-29T07:31:14.486+0000] {logging_mixin.py:151} INFO - вторичка
[2024-09-29T07:31:14.491+0000] {logging_mixin.py:151} INFO - https://m2.ru/moskva/nedvizhimost/prodazha-1-komnatnoi-kvartiri-37-7-m-2-24-etazh-766831d9-7d70-45ee-b1f1-63a9f8261722/
[2024-09-29T07:31:14.492+0000] {logging_mixin.py:151} INFO - новостройка
[2024-09-29T07:31:14.493+0000] {logging_mixin.py:151} INFO - https://m2.ru/moskva/nedvizhimost/prodazha-kvartiri-studii-24-1-m-1-3-etazh-f3f473fb-a2da-453c-bc7d-9ccf6389732f/
[2024-09-29T07:31:14.493+0000] {logging_mixin.py:151} INFO - вторичка
[2024-09-29T07:31:14.493+0000] {logging_mixin.py:151} INFO - https://m2.ru/moskva/nedvizhimost/prodazha-kvartiri-studii-26-4-m-6-7-etazh-b7cef0ee-d96a-4754-9a16-e0ec92bf5c4e/
[2024-09-29T07:31:14.493+0000] {logging_mixin.py:151} INFO - новостройка
[2024-09-29T07:31:14.494+0000] {logging_mixin.py:151} INFO - https://m2.ru/moskva/nedvizhimost/prodazha-kvartiri-studii-22-5-m-6-8-etazh-57059e03-62d4-4714-8a29-6301c45385f6/
[2024-09-29T07:31:14.495+0000] {logging_mixin.py:151} INFO - вторичка
[2024-09-29T07:31:14.495+0000] {logging_mixin.py:151} INFO - https://m2.ru/moskva/nedvizhimost/prodazha-2-komnatnoi-kvartiri-46-3-m-5-19-etazh-ba4e789d-f181-4dac-a848-627728641e0a/
[2024-09-29T07:31:14.496+0000] {logging_mixin.py:151} INFO - новостройка
[2024-09-29T07:31:14.498+0000] {logging_mixin.py:151} INFO - https://m2.ru/moskva/nedvizhimost/prodazha-3-komnatnoi-kvartiri-56-3-m-5-9-etazh-7f139f28-71db-4fc3-b6e9-286340e801ee/
[2024-09-29T07:31:14.498+0000] {logging_mixin.py:151} INFO - вторичка
[2024-09-29T07:31:14.499+0000] {logging_mixin.py:151} INFO - https://m2.ru/moskva/nedvizhimost/prodazha-1-komnatnoi-kvartiri-43-9-m-16-27-etazh-a24afe40-596a-42df-abdc-68d5e68dec18/
[2024-09-29T07:31:14.500+0000] {logging_mixin.py:151} INFO - новостройка
[2024-09-29T07:31:14.501+0000] {logging_mixin.py:151} INFO - https://m2.ru/moskva/nedvizhimost/prodazha-kvartiri-studii-19-6-m-8-15-etazh-d3a98447-2f6c-49f2-bb42-94134f261335/
[2024-09-29T07:31:14.502+0000] {logging_mixin.py:151} INFO - вторичка
[2024-09-29T07:31:14.503+0000] {logging_mixin.py:151} INFO - https://m2.ru/moskva/nedvizhimost/prodazha-kvartiri-studii-22-2-m-13-24-etazh-ecc1fa9e-05a8-446a-b144-e1fc01631155/
[2024-09-29T07:31:14.504+0000] {logging_mixin.py:151} INFO - новостройка
[2024-09-29T07:31:15.928+0000] {logging_mixin.py:151} INFO - https://m2.ru/moskva/nedvizhimost/prodazha-1-komnatnoi-kvartiri-38-m-16-17-etazh-5ddb367b-6549-4f5d-81e5-310aec8ae453/
[2024-09-29T07:31:15.928+0000] {logging_mixin.py:151} INFO - вторичка
[2024-09-29T07:31:15.929+0000] {logging_mixin.py:151} INFO - https://m2.ru/moskva/nedvizhimost/prodazha-1-komnatnoi-kvartiri-35-3-m-8-24-etazh-0122af23-35bf-4814-9df7-57b7462fe3fe/
[2024-09-29T07:31:15.929+0000] {logging_mixin.py:151} INFO - новостройка
[2024-09-29T07:31:15.930+0000] {logging_mixin.py:151} INFO - https://m2.ru/moskva/nedvizhimost/prodazha-kvartiri-studii-26-m-16-25-etazh-927187fc-def8-43c9-8f0f-44db142ad742/
[2024-09-29T07:31:15.930+0000] {logging_mixin.py:151} INFO - вторичка
[2024-09-29T07:31:15.931+0000] {logging_mixin.py:151} INFO - https://m2.ru/moskva/nedvizhimost/prodazha-1-komnatnoi-kvartiri-35-9-m-16-24-etazh-0386a829-96be-4279-993b-1ed35e0f3ebb/
[2024-09-29T07:31:15.931+0000] {logging_mixin.py:151} INFO - новостройка
[2024-09-29T07:31:15.931+0000] {logging_mixin.py:151} INFO - https://m2.ru/moskva/nedvizhimost/prodazha-2-komnatnoi-kvartiri-71-4-m-11-14-etazh-2078fcca-11d4-427b-b43a-7d6c86740737/
[2024-09-29T07:31:15.932+0000] {logging_mixin.py:151} INFO - вторичка
[2024-09-29T07:31:15.932+0000] {logging_mixin.py:151} INFO - https://m2.ru/moskva/nedvizhimost/prodazha-kvartiri-studii-28-3-m-2-31-etazh-dbaa6d9e-4715-412b-90cd-d23d6aa1e05e/
[2024-09-29T07:31:15.932+0000] {logging_mixin.py:151} INFO - новостройка
[2024-09-29T07:31:15.933+0000] {logging_mixin.py:151} INFO - https://m2.ru/moskva/nedvizhimost/prodazha-2-komnatnoi-kvartiri-55-7-m-4-5-etazh-e9dad7dc-8a35-4e74-bfa4-f203f5422670/
[2024-09-29T07:31:15.933+0000] {logging_mixin.py:151} INFO - вторичка
[2024-09-29T07:31:15.934+0000] {logging_mixin.py:151} INFO - https://m2.ru/moskva/nedvizhimost/prodazha-1-komnatnoi-kvartiri-37-3-m-24-24-etazh-d5245cff-747c-47c2-91ac-c864e36331de/
[2024-09-29T07:31:15.934+0000] {logging_mixin.py:151} INFO - новостройка
[2024-09-29T07:31:15.935+0000] {logging_mixin.py:151} INFO - https://m2.ru/moskva/nedvizhimost/prodazha-kvartiri-studii-27-m-5-7-etazh-f4c471b0-d482-48ba-b668-f29b8ed51ccf/
[2024-09-29T07:31:15.935+0000] {logging_mixin.py:151} INFO - вторичка
[2024-09-29T07:31:15.935+0000] {logging_mixin.py:151} INFO - https://m2.ru/moskva/nedvizhimost/prodazha-1-komnatnoi-kvartiri-33-9-m-22-24-etazh-0761ced3-9464-4805-97be-e2b2adbd2970/
[2024-09-29T07:31:15.936+0000] {logging_mixin.py:151} INFO - новостройка
[2024-09-29T07:31:15.937+0000] {logging_mixin.py:151} INFO - https://m2.ru/moskva/nedvizhimost/prodazha-1-komnatnoi-kvartiri-27-2-m-11-12-etazh-d3aef532-38fc-4547-aff2-b353344d9ddf/
[2024-09-29T07:31:15.937+0000] {logging_mixin.py:151} INFO - вторичка
[2024-09-29T07:31:15.938+0000] {logging_mixin.py:151} INFO - https://m2.ru/moskva/nedvizhimost/prodazha-1-komnatnoi-kvartiri-36-6-m-9-24-etazh-ac8a891b-c405-4f59-823a-89b7fb9f1b43/
[2024-09-29T07:31:15.939+0000] {logging_mixin.py:151} INFO - новостройка
[2024-09-29T07:31:15.939+0000] {logging_mixin.py:151} INFO - https://m2.ru/moskva/nedvizhimost/prodazha-1-komnatnoi-kvartiri-38-5-m-7-14-etazh-d30c1422-8b6e-4442-bc45-3ba5fe975246/
[2024-09-29T07:31:15.939+0000] {logging_mixin.py:151} INFO - вторичка
[2024-09-29T07:31:15.940+0000] {logging_mixin.py:151} INFO - https://m2.ru/moskva/nedvizhimost/prodazha-kvartiri-studii-20-9-m-8-24-etazh-b2434ef4-2cc7-410a-a225-a5f98d7456ef/
[2024-09-29T07:31:15.940+0000] {logging_mixin.py:151} INFO - новостройка
[2024-09-29T07:31:15.941+0000] {logging_mixin.py:151} INFO - https://m2.ru/moskva/nedvizhimost/prodazha-1-komnatnoi-kvartiri-40-m-24-32-etazh-f5e8b516-213c-490b-9e4b-fab2ac5c840d/
[2024-09-29T07:31:15.941+0000] {logging_mixin.py:151} INFO - вторичка
[2024-09-29T07:31:15.941+0000] {logging_mixin.py:151} INFO - https://m2.ru/moskva/nedvizhimost/prodazha-1-komnatnoi-kvartiri-35-9-m-12-24-etazh-e4890802-ecb3-44e1-ae07-d62689ad3c51/
[2024-09-29T07:31:15.942+0000] {logging_mixin.py:151} INFO - новостройка
[2024-09-29T07:31:15.942+0000] {logging_mixin.py:151} INFO - https://m2.ru/moskva/nedvizhimost/prodazha-kvartiri-studii-30-m-17-25-etazh-353ce116-6991-4dd8-8ac6-0e0a7d9d0406/
[2024-09-29T07:31:15.942+0000] {logging_mixin.py:151} INFO - вторичка
[2024-09-29T07:31:15.943+0000] {logging_mixin.py:151} INFO - https://m2.ru/moskva/nedvizhimost/prodazha-1-komnatnoi-kvartiri-43-5-m-11-17-etazh-e83ecb59-438e-440c-a984-24a7db38c2ef/
[2024-09-29T07:31:15.943+0000] {logging_mixin.py:151} INFO - новостройка
[2024-09-29T07:31:15.944+0000] {logging_mixin.py:151} INFO - https://m2.ru/moskva/nedvizhimost/prodazha-1-komnatnoi-kvartiri-38-m-20-22-etazh-dfbdd85e-7d16-48e3-adc2-b43d2c111c22/
[2024-09-29T07:31:15.944+0000] {logging_mixin.py:151} INFO - вторичка
[2024-09-29T07:31:15.944+0000] {logging_mixin.py:151} INFO - https://m2.ru/moskva/nedvizhimost/prodazha-1-komnatnoi-kvartiri-30-3-m-3-12-etazh-2098165d-05cc-4fd7-adf3-5f592e763037/
[2024-09-29T07:31:15.945+0000] {logging_mixin.py:151} INFO - новостройка
[2024-09-29T07:31:17.613+0000] {logging_mixin.py:151} INFO - https://m2.ru/moskva/nedvizhimost/prodazha-1-komnatnoi-kvartiri-31-m-1-10-etazh-22c3dbbe-9521-465d-ba25-07539fe3b9e1/
[2024-09-29T07:31:17.613+0000] {logging_mixin.py:151} INFO - вторичка
[2024-09-29T07:31:17.614+0000] {logging_mixin.py:151} INFO - https://m2.ru/moskva/nedvizhimost/prodazha-kvartiri-studii-24-3-m-13-28-etazh-3556d6c7-1dd9-4277-80d4-80920a2f2dfd/
[2024-09-29T07:31:17.614+0000] {logging_mixin.py:151} INFO - новостройка
[2024-09-29T07:31:17.614+0000] {logging_mixin.py:151} INFO - https://m2.ru/moskva/nedvizhimost/prodazha-1-komnatnoi-kvartiri-54-m-8-14-etazh-8b671980-1d15-4762-b386-f3fe6e20fb3e/
[2024-09-29T07:31:17.615+0000] {logging_mixin.py:151} INFO - вторичка
[2024-09-29T07:31:17.615+0000] {logging_mixin.py:151} INFO - https://m2.ru/moskva/nedvizhimost/prodazha-kvartiri-studii-21-9-m-40-48-etazh-5c957472-c6d5-426c-b809-1ea03328abed/
[2024-09-29T07:31:17.615+0000] {logging_mixin.py:151} INFO - новостройка
[2024-09-29T07:31:17.616+0000] {logging_mixin.py:151} INFO - https://m2.ru/moskva/nedvizhimost/prodazha-1-komnatnoi-kvartiri-14-5-m-3-3-etazh-6bcc3851-1cde-4e6f-9141-56474e4915f3/
[2024-09-29T07:31:17.616+0000] {logging_mixin.py:151} INFO - вторичка
[2024-09-29T07:31:17.616+0000] {logging_mixin.py:151} INFO - https://m2.ru/moskva/nedvizhimost/prodazha-1-komnatnoi-kvartiri-41-3-m-35-57-etazh-54c4293c-ee38-44a7-ba2b-a5eb057e0269/
[2024-09-29T07:31:17.617+0000] {logging_mixin.py:151} INFO - новостройка
[2024-09-29T07:31:17.618+0000] {logging_mixin.py:151} INFO - https://m2.ru/moskva/nedvizhimost/prodazha-1-komnatnoi-kvartiri-38-m-9-14-etazh-69896d0f-4cb3-4245-a55f-a39ac2c1fb6c/
[2024-09-29T07:31:17.618+0000] {logging_mixin.py:151} INFO - вторичка
[2024-09-29T07:31:17.618+0000] {logging_mixin.py:151} INFO - https://m2.ru/moskva/nedvizhimost/prodazha-1-komnatnoi-kvartiri-29-4-m-26-42-etazh-10f63e8a-144a-4fbf-bc11-db7ff969e5b3/
[2024-09-29T07:31:17.618+0000] {logging_mixin.py:151} INFO - новостройка
[2024-09-29T07:31:17.619+0000] {logging_mixin.py:151} INFO - https://m2.ru/moskva/nedvizhimost/prodazha-kvartiri-studii-25-m-14-30-etazh-668bd756-e4bf-4ca6-87d7-610ce11dd98e/
[2024-09-29T07:31:17.619+0000] {logging_mixin.py:151} INFO - вторичка
[2024-09-29T07:31:17.620+0000] {logging_mixin.py:151} INFO - https://m2.ru/moskva/nedvizhimost/prodazha-2-komnatnoi-kvartiri-64-5-m-23-24-etazh-117a8fd9-5816-49d0-b5de-249b89b13a1f/
[2024-09-29T07:31:17.620+0000] {logging_mixin.py:151} INFO - новостройка
[2024-09-29T07:31:17.620+0000] {logging_mixin.py:151} INFO - https://m2.ru/moskva/nedvizhimost/prodazha-2-komnatnoi-kvartiri-46-m-1-9-etazh-56d8f1c4-8ee2-4a9e-b5fd-e1e607352d88/
[2024-09-29T07:31:17.621+0000] {logging_mixin.py:151} INFO - вторичка
[2024-09-29T07:31:17.621+0000] {logging_mixin.py:151} INFO - https://m2.ru/moskva/nedvizhimost/prodazha-1-komnatnoi-kvartiri-36-6-m-15-24-etazh-ca8c6440-388d-4497-9b36-e70df77e83ac/
[2024-09-29T07:31:17.621+0000] {logging_mixin.py:151} INFO - новостройка
[2024-09-29T07:31:17.622+0000] {logging_mixin.py:151} INFO - https://m2.ru/moskva/nedvizhimost/prodazha-3-komnatnoi-kvartiri-73-m-1-17-etazh-e31e6f3f-7b26-40c2-90b4-6da17c14bb09/
[2024-09-29T07:31:17.622+0000] {logging_mixin.py:151} INFO - вторичка
[2024-09-29T07:31:17.623+0000] {logging_mixin.py:151} INFO - https://m2.ru/moskva/nedvizhimost/prodazha-3-komnatnoi-kvartiri-98-3-m-6-46-etazh-13f87560-8a19-4bee-b91e-f9a301b1ad87/
[2024-09-29T07:31:17.623+0000] {logging_mixin.py:151} INFO - новостройка
[2024-09-29T07:31:17.623+0000] {logging_mixin.py:151} INFO - https://m2.ru/moskva/nedvizhimost/prodazha-2-komnatnoi-kvartiri-37-8-m-9-9-etazh-773015ed-adf9-4615-bd2b-858d05720ad4/
[2024-09-29T07:31:17.624+0000] {logging_mixin.py:151} INFO - вторичка
[2024-09-29T07:31:17.624+0000] {logging_mixin.py:151} INFO - https://m2.ru/moskva/nedvizhimost/prodazha-2-komnatnoi-kvartiri-64-6-m-10-27-etazh-846786d8-e8c8-41c4-aec5-f061781ee0e6/
[2024-09-29T07:31:17.624+0000] {logging_mixin.py:151} INFO - новостройка
[2024-09-29T07:31:17.625+0000] {logging_mixin.py:151} INFO - https://m2.ru/moskva/nedvizhimost/prodazha-1-komnatnoi-kvartiri-37-2-m-8-14-etazh-6b4e7ec8-758f-415b-9d12-697050aa56d3/
[2024-09-29T07:31:17.625+0000] {logging_mixin.py:151} INFO - вторичка
[2024-09-29T07:31:17.625+0000] {logging_mixin.py:151} INFO - https://m2.ru/moskva/nedvizhimost/prodazha-kvartiri-studii-22-9-m-13-24-etazh-3c8a04d0-1a08-4740-8026-b19f4ed51192/
[2024-09-29T07:31:17.626+0000] {logging_mixin.py:151} INFO - новостройка
[2024-09-29T07:31:17.626+0000] {logging_mixin.py:151} INFO - https://m2.ru/moskva/nedvizhimost/prodazha-2-komnatnoi-kvartiri-45-m-8-12-etazh-d9c0568e-16b7-4b86-b5f3-bd9079f5ec68/
[2024-09-29T07:31:17.626+0000] {logging_mixin.py:151} INFO - вторичка
[2024-09-29T07:31:17.627+0000] {logging_mixin.py:151} INFO - https://m2.ru/moskva/nedvizhimost/prodazha-1-komnatnoi-kvartiri-37-5-m-9-57-etazh-d94610fe-6aa0-44e7-97bd-1852fc55e88a/
[2024-09-29T07:31:17.627+0000] {logging_mixin.py:151} INFO - новостройка
[2024-09-29T07:31:19.405+0000] {logging_mixin.py:151} INFO - https://m2.ru/moskva/nedvizhimost/prodazha-2-komnatnoi-kvartiri-45-2-m-5-5-etazh-7350f41d-9859-450b-aa75-ac6ec42df1a7/
[2024-09-29T07:31:19.406+0000] {logging_mixin.py:151} INFO - вторичка
[2024-09-29T07:31:19.407+0000] {logging_mixin.py:151} INFO - https://m2.ru/moskva/nedvizhimost/prodazha-1-komnatnoi-kvartiri-37-7-m-3-24-etazh-11b88e8e-e4c8-4269-aaa1-28a54acc83c4/
[2024-09-29T07:31:19.407+0000] {logging_mixin.py:151} INFO - новостройка
[2024-09-29T07:31:19.407+0000] {logging_mixin.py:151} INFO - https://m2.ru/moskva/nedvizhimost/prodazha-3-komnatnoi-kvartiri-67-4-m-2-14-etazh-8e3be58f-b671-434a-8e4a-43ba01afdcea/
[2024-09-29T07:31:19.408+0000] {logging_mixin.py:151} INFO - вторичка
[2024-09-29T07:31:19.408+0000] {logging_mixin.py:151} INFO - https://m2.ru/moskva/nedvizhimost/prodazha-3-komnatnoi-kvartiri-60-6-m-16-24-etazh-125a84da-4f54-4c41-86d0-f0d5f7f95ae0/
[2024-09-29T07:31:19.408+0000] {logging_mixin.py:151} INFO - новостройка
[2024-09-29T07:31:19.409+0000] {logging_mixin.py:151} INFO - https://m2.ru/moskva/nedvizhimost/prodazha-3-komnatnoi-kvartiri-76-4-m-6-16-etazh-046fb93d-a321-4076-bd45-d486d368d208/
[2024-09-29T07:31:19.409+0000] {logging_mixin.py:151} INFO - вторичка
[2024-09-29T07:31:19.409+0000] {logging_mixin.py:151} INFO - https://m2.ru/moskva/nedvizhimost/prodazha-kvartiri-studii-22-m-18-24-etazh-493854a7-9b70-4341-95af-03e2babf5764/
[2024-09-29T07:31:19.410+0000] {logging_mixin.py:151} INFO - новостройка
[2024-09-29T07:31:19.410+0000] {logging_mixin.py:151} INFO - https://m2.ru/moskva/nedvizhimost/prodazha-2-komnatnoi-kvartiri-64-5-m-12-34-etazh-50ddb619-4aea-472d-8ecc-4dd33d6d0558/
[2024-09-29T07:31:19.410+0000] {logging_mixin.py:151} INFO - вторичка
[2024-09-29T07:31:19.411+0000] {logging_mixin.py:151} INFO - https://m2.ru/moskva/nedvizhimost/prodazha-2-komnatnoi-kvartiri-40-4-m-38-42-etazh-d768f661-34c7-43ec-b1dc-7457142ce9f2/
[2024-09-29T07:31:19.411+0000] {logging_mixin.py:151} INFO - новостройка
[2024-09-29T07:31:19.412+0000] {logging_mixin.py:151} INFO - https://m2.ru/moskva/nedvizhimost/prodazha-1-komnatnoi-kvartiri-38-m-8-17-etazh-b94dccde-803b-4ef5-9acd-7814fade6208/
[2024-09-29T07:31:19.412+0000] {logging_mixin.py:151} INFO - вторичка
[2024-09-29T07:31:19.413+0000] {logging_mixin.py:151} INFO - https://m2.ru/moskva/nedvizhimost/prodazha-2-komnatnoi-kvartiri-61-3-m-20-29-etazh-8884ce69-0760-4c0a-bdb3-026a7f02c928/
[2024-09-29T07:31:19.413+0000] {logging_mixin.py:151} INFO - новостройка
[2024-09-29T07:31:19.413+0000] {logging_mixin.py:151} INFO - https://m2.ru/moskva/nedvizhimost/prodazha-1-komnatnoi-kvartiri-31-m-3-5-etazh-0be9073d-ff6f-4b6a-b560-91a2889c7a2c/
[2024-09-29T07:31:19.413+0000] {logging_mixin.py:151} INFO - вторичка
[2024-09-29T07:31:19.414+0000] {logging_mixin.py:151} INFO - https://m2.ru/moskva/nedvizhimost/prodazha-kvartiri-studii-20-9-m-20-24-etazh-9f407e29-1a55-49a8-9775-c38d56e2e1a9/
[2024-09-29T07:31:19.414+0000] {logging_mixin.py:151} INFO - новостройка
[2024-09-29T07:31:19.415+0000] {logging_mixin.py:151} INFO - https://m2.ru/moskva/nedvizhimost/prodazha-2-komnatnoi-kvartiri-44-3-m-1-9-etazh-eeb93c44-d517-4a37-8381-c8ff9ea6c2b3/
[2024-09-29T07:31:19.415+0000] {logging_mixin.py:151} INFO - вторичка
[2024-09-29T07:31:19.415+0000] {logging_mixin.py:151} INFO - https://m2.ru/moskva/nedvizhimost/prodazha-2-komnatnoi-kvartiri-56-6-m-13-25-etazh-3ce22d8c-66f9-4e08-913d-70629f0a717b/
[2024-09-29T07:31:19.415+0000] {logging_mixin.py:151} INFO - новостройка
[2024-09-29T07:31:19.416+0000] {logging_mixin.py:151} INFO - https://m2.ru/moskva/nedvizhimost/prodazha-1-komnatnoi-kvartiri-35-1-m-3-12-etazh-e7ebe2df-4ceb-461f-9818-86f58ed5b9df/
[2024-09-29T07:31:19.416+0000] {logging_mixin.py:151} INFO - вторичка
[2024-09-29T07:31:19.417+0000] {logging_mixin.py:151} INFO - https://m2.ru/moskva/nedvizhimost/prodazha-2-komnatnoi-kvartiri-62-7-m-10-15-etazh-8249d61f-b05a-46bb-9e61-b9dc34e1e80d/
[2024-09-29T07:31:19.417+0000] {logging_mixin.py:151} INFO - новостройка
[2024-09-29T07:31:19.418+0000] {logging_mixin.py:151} INFO - https://m2.ru/moskva/nedvizhimost/prodazha-2-komnatnoi-kvartiri-40-m-11-14-etazh-74984dd2-2b0d-401c-84c7-9ae73a24fc9c/
[2024-09-29T07:31:19.418+0000] {logging_mixin.py:151} INFO - вторичка
[2024-09-29T07:31:19.419+0000] {logging_mixin.py:151} INFO - https://m2.ru/moskva/nedvizhimost/prodazha-1-komnatnoi-kvartiri-44-1-m-27-46-etazh-067170f9-d308-4844-b721-c69caf0c8939/
[2024-09-29T07:31:19.419+0000] {logging_mixin.py:151} INFO - новостройка
[2024-09-29T07:31:19.419+0000] {logging_mixin.py:151} INFO - https://m2.ru/moskva/nedvizhimost/prodazha-4-komnatnoi-kvartiri-96-1-m-2-37-etazh-74466a56-9a89-41eb-8bb2-ac691a054f6d/
[2024-09-29T07:31:19.420+0000] {logging_mixin.py:151} INFO - вторичка
[2024-09-29T07:31:19.423+0000] {logging_mixin.py:151} INFO - https://m2.ru/moskva/nedvizhimost/prodazha-2-komnatnoi-kvartiri-73-3-m-9-46-etazh-f9923b8c-18c0-4590-ad41-1c22345c8ab8/
[2024-09-29T07:31:19.424+0000] {logging_mixin.py:151} INFO - новостройка
[2024-09-29T07:31:20.882+0000] {logging_mixin.py:151} INFO - https://m2.ru/moskva/nedvizhimost/prodazha-2-komnatnoi-kvartiri-53-6-m-8-17-etazh-1894d6f8-1ad9-46f8-94b2-c21f8f99e96f/
[2024-09-29T07:31:20.883+0000] {logging_mixin.py:151} INFO - вторичка
[2024-09-29T07:31:20.883+0000] {logging_mixin.py:151} INFO - https://m2.ru/moskva/nedvizhimost/prodazha-1-komnatnoi-kvartiri-35-3-m-24-24-etazh-faeb5bda-bad6-4c98-9273-ec6f1c95aa64/
[2024-09-29T07:31:20.884+0000] {logging_mixin.py:151} INFO - новостройка
[2024-09-29T07:31:20.884+0000] {logging_mixin.py:151} INFO - https://m2.ru/moskva/nedvizhimost/prodazha-2-komnatnoi-kvartiri-62-8-m-9-15-etazh-e1e7813a-7ede-4d7d-ae96-86d599cac1cb/
[2024-09-29T07:31:20.884+0000] {logging_mixin.py:151} INFO - вторичка
[2024-09-29T07:31:20.885+0000] {logging_mixin.py:151} INFO - https://m2.ru/moskva/nedvizhimost/prodazha-2-komnatnoi-kvartiri-52-3-m-14-24-etazh-e8613a18-06cd-4f74-a39e-4d6f0bd3874b/
[2024-09-29T07:31:20.885+0000] {logging_mixin.py:151} INFO - новостройка
[2024-09-29T07:31:20.885+0000] {logging_mixin.py:151} INFO - https://m2.ru/moskva/nedvizhimost/prodazha-2-komnatnoi-kvartiri-54-7-m-5-6-etazh-ae37dae8-532e-46a5-9701-f2d2683f46d1/
[2024-09-29T07:31:20.886+0000] {logging_mixin.py:151} INFO - вторичка
[2024-09-29T07:31:20.886+0000] {logging_mixin.py:151} INFO - https://m2.ru/moskva/nedvizhimost/prodazha-1-komnatnoi-kvartiri-40-3-m-40-55-etazh-103f634a-add2-4648-9d46-9f916b35e08f/
[2024-09-29T07:31:20.886+0000] {logging_mixin.py:151} INFO - новостройка
[2024-09-29T07:31:20.887+0000] {logging_mixin.py:151} INFO - https://m2.ru/moskva/nedvizhimost/prodazha-1-komnatnoi-kvartiri-38-m-14-19-etazh-3c623a6a-7282-4f0e-acc4-fd7d7aedf10f/
[2024-09-29T07:31:20.887+0000] {logging_mixin.py:151} INFO - вторичка
[2024-09-29T07:31:20.888+0000] {logging_mixin.py:151} INFO - https://m2.ru/moskva/nedvizhimost/prodazha-1-komnatnoi-kvartiri-41-1-m-3-23-etazh-95b339b3-5f94-430b-9b7c-380e866c1c9b/
[2024-09-29T07:31:20.888+0000] {logging_mixin.py:151} INFO - новостройка
[2024-09-29T07:31:20.889+0000] {logging_mixin.py:151} INFO - https://m2.ru/moskva/nedvizhimost/prodazha-1-komnatnoi-kvartiri-38-m-6-17-etazh-9b2e3818-ec0f-403a-83c0-36c106a01b77/
[2024-09-29T07:31:20.889+0000] {logging_mixin.py:151} INFO - вторичка
[2024-09-29T07:31:20.889+0000] {logging_mixin.py:151} INFO - https://m2.ru/moskva/nedvizhimost/prodazha-2-komnatnoi-kvartiri-74-8-m-14-25-etazh-7e6a1379-9e00-444f-adde-942b8f23ecc6/
[2024-09-29T07:31:20.890+0000] {logging_mixin.py:151} INFO - новостройка
[2024-09-29T07:31:20.890+0000] {logging_mixin.py:151} INFO - https://m2.ru/moskva/nedvizhimost/prodazha-kvartiri-studii-22-4-m-15-23-etazh-f3ecf7fa-74cc-4510-859c-1a8fffe85e7e/
[2024-09-29T07:31:20.890+0000] {logging_mixin.py:151} INFO - вторичка
[2024-09-29T07:31:20.891+0000] {logging_mixin.py:151} INFO - https://m2.ru/moskva/nedvizhimost/prodazha-3-komnatnoi-kvartiri-60-5-m-16-24-etazh-caa000d7-9999-4b48-b088-4045fd48bf87/
[2024-09-29T07:31:20.891+0000] {logging_mixin.py:151} INFO - новостройка
[2024-09-29T07:31:20.891+0000] {logging_mixin.py:151} INFO - https://m2.ru/moskva/nedvizhimost/prodazha-1-komnatnoi-kvartiri-45-m-17-34-etazh-0260cc4e-8364-43d3-8bdd-11fecb6031ec/
[2024-09-29T07:31:20.892+0000] {logging_mixin.py:151} INFO - вторичка
[2024-09-29T07:31:20.892+0000] {logging_mixin.py:151} INFO - https://m2.ru/moskva/nedvizhimost/prodazha-1-komnatnoi-kvartiri-45-5-m-15-17-etazh-8d511be8-f1a1-4846-86f5-4b76d32d08a9/
[2024-09-29T07:31:20.892+0000] {logging_mixin.py:151} INFO - новостройка
[2024-09-29T07:31:20.893+0000] {logging_mixin.py:151} INFO - https://m2.ru/moskva/nedvizhimost/prodazha-kvartiri-studii-27-m-21-32-etazh-6f63f960-5581-4b6b-a263-13b3aff68e8b/
[2024-09-29T07:31:20.893+0000] {logging_mixin.py:151} INFO - вторичка
[2024-09-29T07:31:20.893+0000] {logging_mixin.py:151} INFO - https://m2.ru/moskva/nedvizhimost/prodazha-kvartiri-studii-25-9-m-2-16-etazh-bc1e8abe-9507-43a0-aa99-89ecd3c934c1/
[2024-09-29T07:31:20.894+0000] {logging_mixin.py:151} INFO - новостройка
[2024-09-29T07:31:20.894+0000] {logging_mixin.py:151} INFO - https://m2.ru/moskva/nedvizhimost/prodazha-2-komnatnoi-kvartiri-56-6-m-5-17-etazh-690bdd0c-c17b-4398-b183-455c1df5eed6/
[2024-09-29T07:31:20.894+0000] {logging_mixin.py:151} INFO - вторичка
[2024-09-29T07:31:20.895+0000] {logging_mixin.py:151} INFO - https://m2.ru/moskva/nedvizhimost/prodazha-1-komnatnoi-kvartiri-34-7-m-12-24-etazh-70fc1743-a87c-425b-8207-ee456e6c3f2a/
[2024-09-29T07:31:20.895+0000] {logging_mixin.py:151} INFO - новостройка
[2024-09-29T07:31:20.895+0000] {logging_mixin.py:151} INFO - https://m2.ru/moskva/nedvizhimost/prodazha-2-komnatnoi-kvartiri-58-m-11-17-etazh-b2931542-1e0d-4f23-bb3d-618736631f17/
[2024-09-29T07:31:20.896+0000] {logging_mixin.py:151} INFO - вторичка
[2024-09-29T07:31:20.896+0000] {logging_mixin.py:151} INFO - https://m2.ru/moskva/nedvizhimost/prodazha-1-komnatnoi-kvartiri-37-5-m-20-24-etazh-6d7b8b8d-b6c3-4134-aab1-e28c1b54896d/
[2024-09-29T07:31:20.896+0000] {logging_mixin.py:151} INFO - новостройка
[2024-09-29T07:31:22.907+0000] {logging_mixin.py:151} INFO - https://m2.ru/moskva/nedvizhimost/prodazha-1-komnatnoi-kvartiri-54-3-m-2-34-etazh-d927eed2-6ae3-4d48-8b92-9601c81298b5/
[2024-09-29T07:31:22.908+0000] {logging_mixin.py:151} INFO - вторичка
[2024-09-29T07:31:22.908+0000] {logging_mixin.py:151} INFO - https://m2.ru/moskva/nedvizhimost/prodazha-1-komnatnoi-kvartiri-37-9-m-6-24-etazh-8289d375-c40f-47e3-8c59-f2455afea290/
[2024-09-29T07:31:22.909+0000] {logging_mixin.py:151} INFO - новостройка
[2024-09-29T07:31:22.909+0000] {logging_mixin.py:151} INFO - https://m2.ru/moskva/nedvizhimost/prodazha-1-komnatnoi-kvartiri-42-3-m-16-16-etazh-20c6b705-6476-413b-8701-7570cb7563c1/
[2024-09-29T07:31:22.910+0000] {logging_mixin.py:151} INFO - вторичка
[2024-09-29T07:31:22.910+0000] {logging_mixin.py:151} INFO - https://m2.ru/moskva/nedvizhimost/prodazha-kvartiri-studii-26-2-m-7-43-etazh-5254bd13-1489-4966-8e10-489b91ce6de4/
[2024-09-29T07:31:22.910+0000] {logging_mixin.py:151} INFO - новостройка
[2024-09-29T07:31:22.911+0000] {logging_mixin.py:151} INFO - https://m2.ru/moskva/nedvizhimost/prodazha-2-komnatnoi-kvartiri-67-3-m-2-15-etazh-28f75c76-c5ef-48b2-8ef5-2a6daa856678/
[2024-09-29T07:31:22.911+0000] {logging_mixin.py:151} INFO - вторичка
[2024-09-29T07:31:22.911+0000] {logging_mixin.py:151} INFO - https://m2.ru/moskva/nedvizhimost/prodazha-2-komnatnoi-kvartiri-61-7-m-41-47-etazh-0639c2aa-6c77-4445-8c40-c69c762283ef/
[2024-09-29T07:31:22.912+0000] {logging_mixin.py:151} INFO - новостройка
[2024-09-29T07:31:22.912+0000] {logging_mixin.py:151} INFO - https://m2.ru/moskva/nedvizhimost/prodazha-2-komnatnoi-kvartiri-44-1-m-5-5-etazh-79b51502-270a-4cb4-a698-e54a0479aa46/
[2024-09-29T07:31:22.912+0000] {logging_mixin.py:151} INFO - вторичка
[2024-09-29T07:31:22.913+0000] {logging_mixin.py:151} INFO - https://m2.ru/moskva/nedvizhimost/prodazha-1-komnatnoi-kvartiri-36-6-m-24-24-etazh-7d2459cc-d19e-4da5-bf6c-4f38ff7c1114/
[2024-09-29T07:31:22.913+0000] {logging_mixin.py:151} INFO - новостройка
[2024-09-29T07:31:22.913+0000] {logging_mixin.py:151} INFO - https://m2.ru/moskva/nedvizhimost/prodazha-1-komnatnoi-kvartiri-38-5-m-7-19-etazh-5a1a6c6f-363d-442f-92ed-869e82d652a4/
[2024-09-29T07:31:22.914+0000] {logging_mixin.py:151} INFO - вторичка
[2024-09-29T07:31:22.914+0000] {logging_mixin.py:151} INFO - https://m2.ru/moskva/nedvizhimost/prodazha-3-komnatnoi-kvartiri-71-4-m-43-54-etazh-0cf352cd-5e1e-4c78-96d4-ba6e574ea8ce/
[2024-09-29T07:31:22.914+0000] {logging_mixin.py:151} INFO - новостройка
[2024-09-29T07:31:22.915+0000] {logging_mixin.py:151} INFO - https://m2.ru/moskva/nedvizhimost/prodazha-kvartiri-studii-21-4-m-8-14-etazh-63866f04-b88c-47e0-8baa-cb5fc26d1e53/
[2024-09-29T07:31:22.915+0000] {logging_mixin.py:151} INFO - вторичка
[2024-09-29T07:31:22.915+0000] {logging_mixin.py:151} INFO - https://m2.ru/moskva/nedvizhimost/prodazha-1-komnatnoi-kvartiri-38-9-m-34-57-etazh-7df974d0-f5a9-4ca3-b976-1d2493f8924f/
[2024-09-29T07:31:22.916+0000] {logging_mixin.py:151} INFO - новостройка
[2024-09-29T07:31:22.916+0000] {logging_mixin.py:151} INFO - https://m2.ru/moskva/nedvizhimost/prodazha-1-komnatnoi-kvartiri-39-m-16-25-etazh-a5ba9710-6193-41a4-85bf-41a4defbb46d/
[2024-09-29T07:31:22.916+0000] {logging_mixin.py:151} INFO - вторичка
[2024-09-29T07:31:22.917+0000] {logging_mixin.py:151} INFO - https://m2.ru/moskva/nedvizhimost/prodazha-1-komnatnoi-kvartiri-34-9-m-24-30-etazh-b9e4fea1-d018-4d1f-ad96-af9c30f8fe73/
[2024-09-29T07:31:22.917+0000] {logging_mixin.py:151} INFO - новостройка
[2024-09-29T07:31:22.918+0000] {logging_mixin.py:151} INFO - https://m2.ru/moskva/nedvizhimost/prodazha-2-komnatnoi-kvartiri-37-m-2-9-etazh-5dcb1250-0ea2-4359-96eb-47bb3771808f/
[2024-09-29T07:31:22.918+0000] {logging_mixin.py:151} INFO - вторичка
[2024-09-29T07:31:22.918+0000] {logging_mixin.py:151} INFO - https://m2.ru/moskva/nedvizhimost/prodazha-3-komnatnoi-kvartiri-82-3-m-15-24-etazh-39949163-fe35-4ac9-b845-bc6cf6e2f6da/
[2024-09-29T07:31:22.918+0000] {logging_mixin.py:151} INFO - новостройка
[2024-09-29T07:31:22.919+0000] {logging_mixin.py:151} INFO - https://m2.ru/moskva/nedvizhimost/prodazha-kvartiri-studii-29-m-22-37-etazh-941b437a-5ae7-42f1-a371-4b51f6ad65b5/
[2024-09-29T07:31:22.919+0000] {logging_mixin.py:151} INFO - вторичка
[2024-09-29T07:31:22.919+0000] {logging_mixin.py:151} INFO - https://m2.ru/moskva/nedvizhimost/prodazha-3-komnatnoi-kvartiri-69-7-m-13-16-etazh-b35d8cc8-dbd3-4b46-95fb-474daccd7d45/
[2024-09-29T07:31:22.920+0000] {logging_mixin.py:151} INFO - новостройка
[2024-09-29T07:31:22.920+0000] {logging_mixin.py:151} INFO - https://m2.ru/moskva/nedvizhimost/prodazha-2-komnatnoi-kvartiri-59-m-7-22-etazh-55c06425-66c3-4099-9781-b4bc4304762b/
[2024-09-29T07:31:22.920+0000] {logging_mixin.py:151} INFO - вторичка
[2024-09-29T07:31:22.921+0000] {logging_mixin.py:151} INFO - https://m2.ru/moskva/nedvizhimost/prodazha-1-komnatnoi-kvartiri-33-7-m-5-28-etazh-5612bf8f-8578-4692-b24a-eac80bb554b5/
[2024-09-29T07:31:22.921+0000] {logging_mixin.py:151} INFO - новостройка
[2024-09-29T07:31:25.174+0000] {logging_mixin.py:151} INFO - https://m2.ru/moskva/nedvizhimost/prodazha-kvartiri-studii-21-6-m-11-26-etazh-41f3e50b-55c5-4f6a-85aa-f244348a5ea4/
[2024-09-29T07:31:25.174+0000] {logging_mixin.py:151} INFO - вторичка
[2024-09-29T07:31:25.175+0000] {logging_mixin.py:151} INFO - https://m2.ru/moskva/nedvizhimost/prodazha-1-komnatnoi-kvartiri-26-7-m-21-29-etazh-cd90e6cf-a40f-4ec4-a848-6e97aeb0c586/
[2024-09-29T07:31:25.176+0000] {logging_mixin.py:151} INFO - новостройка
[2024-09-29T07:31:25.176+0000] {logging_mixin.py:151} INFO - https://m2.ru/moskva/nedvizhimost/prodazha-2-komnatnoi-kvartiri-51-1-m-8-14-etazh-541f5353-511d-4d98-8ada-f699ff51b330/
[2024-09-29T07:31:25.177+0000] {logging_mixin.py:151} INFO - вторичка
[2024-09-29T07:31:25.177+0000] {logging_mixin.py:151} INFO - https://m2.ru/moskva/nedvizhimost/prodazha-1-komnatnoi-kvartiri-44-9-m-8-55-etazh-51263e12-04fe-4305-b2a2-8c03e7fae68e/
[2024-09-29T07:31:25.178+0000] {logging_mixin.py:151} INFO - новостройка
[2024-09-29T07:31:25.179+0000] {logging_mixin.py:151} INFO - https://m2.ru/moskva/nedvizhimost/prodazha-1-komnatnoi-kvartiri-54-4-m-25-25-etazh-9d9dd8d7-08c7-44e3-8ef0-0c6d1bcaa38d/
[2024-09-29T07:31:25.179+0000] {logging_mixin.py:151} INFO - вторичка
[2024-09-29T07:31:25.180+0000] {logging_mixin.py:151} INFO - https://m2.ru/moskva/nedvizhimost/prodazha-kvartiri-studii-26-5-m-5-13-etazh-f1f23d7d-1069-4610-8a65-6c7517f6dd8c/
[2024-09-29T07:31:25.180+0000] {logging_mixin.py:151} INFO - новостройка
[2024-09-29T07:31:25.181+0000] {logging_mixin.py:151} INFO - https://m2.ru/moskva/nedvizhimost/prodazha-kvartiri-studii-35-m-6-15-etazh-74274cf6-c820-4dc9-bdaf-92cf79997b9b/
[2024-09-29T07:31:25.181+0000] {logging_mixin.py:151} INFO - вторичка
[2024-09-29T07:31:25.182+0000] {logging_mixin.py:151} INFO - https://m2.ru/moskva/nedvizhimost/prodazha-1-komnatnoi-kvartiri-35-9-m-17-21-etazh-9b7a2927-e0e8-4988-aaa3-134516de8dbd/
[2024-09-29T07:31:25.182+0000] {logging_mixin.py:151} INFO - новостройка
[2024-09-29T07:31:25.183+0000] {logging_mixin.py:151} INFO - https://m2.ru/moskva/nedvizhimost/prodazha-1-komnatnoi-kvartiri-44-2-m-6-25-etazh-e56bc5b0-de3b-4148-ab03-ce8b2398b490/
[2024-09-29T07:31:25.184+0000] {logging_mixin.py:151} INFO - вторичка
[2024-09-29T07:31:25.184+0000] {logging_mixin.py:151} INFO - https://m2.ru/moskva/nedvizhimost/prodazha-1-komnatnoi-kvartiri-36-6-m-14-24-etazh-f3cd55a5-7d4a-4060-b0ff-2e1cbf5a9771/
[2024-09-29T07:31:25.185+0000] {logging_mixin.py:151} INFO - новостройка
[2024-09-29T07:31:25.185+0000] {logging_mixin.py:151} INFO - https://m2.ru/moskva/nedvizhimost/prodazha-1-komnatnoi-kvartiri-36-2-m-8-16-etazh-fa1b908e-b20a-4735-9497-9c19209c6550/
[2024-09-29T07:31:25.186+0000] {logging_mixin.py:151} INFO - вторичка
[2024-09-29T07:31:25.186+0000] {logging_mixin.py:151} INFO - https://m2.ru/moskva/nedvizhimost/prodazha-2-komnatnoi-kvartiri-63-9-m-1-9-etazh-a00cad37-d084-4d2a-9631-a001abc2a8ed/
[2024-09-29T07:31:25.187+0000] {logging_mixin.py:151} INFO - новостройка
[2024-09-29T07:31:25.188+0000] {logging_mixin.py:151} INFO - https://m2.ru/moskva/nedvizhimost/prodazha-2-komnatnoi-kvartiri-52-m-4-33-etazh-9dcf467e-721e-4337-9cb6-d5edec4f82c8/
[2024-09-29T07:31:25.188+0000] {logging_mixin.py:151} INFO - вторичка
[2024-09-29T07:31:25.189+0000] {logging_mixin.py:151} INFO - https://m2.ru/moskva/nedvizhimost/prodazha-2-komnatnoi-kvartiri-52-3-m-24-24-etazh-5f484188-c7e6-4109-bd06-f3abe50935df/
[2024-09-29T07:31:25.189+0000] {logging_mixin.py:151} INFO - новостройка
[2024-09-29T07:31:25.190+0000] {logging_mixin.py:151} INFO - https://m2.ru/moskva/nedvizhimost/prodazha-3-komnatnoi-kvartiri-93-4-m-18-22-etazh-b070d0d6-85a2-4e6b-9f39-3c16c1a3f221/
[2024-09-29T07:31:25.191+0000] {logging_mixin.py:151} INFO - вторичка
[2024-09-29T07:31:25.191+0000] {logging_mixin.py:151} INFO - https://m2.ru/moskva/nedvizhimost/prodazha-1-komnatnoi-kvartiri-39-5-m-20-24-etazh-08c19ed4-3f6c-409f-8132-85831c80929d/
[2024-09-29T07:31:25.192+0000] {logging_mixin.py:151} INFO - новостройка
[2024-09-29T07:31:25.192+0000] {logging_mixin.py:151} INFO - https://m2.ru/moskva/nedvizhimost/prodazha-3-komnatnoi-kvartiri-55-m-4-5-etazh-6473ee30-6dd0-473f-822e-e084a9bc4342/
[2024-09-29T07:31:25.193+0000] {logging_mixin.py:151} INFO - вторичка
[2024-09-29T07:31:25.194+0000] {logging_mixin.py:151} INFO - https://m2.ru/moskva/nedvizhimost/prodazha-3-komnatnoi-kvartiri-59-6-m-2-31-etazh-55d714ba-a38d-4602-8e14-941c9f9d64a2/
[2024-09-29T07:31:25.194+0000] {logging_mixin.py:151} INFO - новостройка
[2024-09-29T07:31:25.195+0000] {logging_mixin.py:151} INFO - https://m2.ru/moskva/nedvizhimost/prodazha-1-komnatnoi-kvartiri-27-m-17-26-etazh-d4c020c2-7cde-402c-b06d-1f7755b41228/
[2024-09-29T07:31:25.195+0000] {logging_mixin.py:151} INFO - вторичка
[2024-09-29T07:31:25.196+0000] {logging_mixin.py:151} INFO - https://m2.ru/moskva/nedvizhimost/prodazha-2-komnatnoi-kvartiri-41-9-m-18-24-etazh-3c45c801-48f4-4d9c-ba9f-afb7247fcd8b/
[2024-09-29T07:31:25.196+0000] {logging_mixin.py:151} INFO - новостройка
[2024-09-29T07:31:27.473+0000] {logging_mixin.py:151} INFO - https://m2.ru/moskva/nedvizhimost/prodazha-kvartiri-studii-26-2-m-2-8-etazh-524c6062-54fc-464b-b4d3-2e305f1b2a56/
[2024-09-29T07:31:27.473+0000] {logging_mixin.py:151} INFO - вторичка
[2024-09-29T07:31:27.474+0000] {logging_mixin.py:151} INFO - https://m2.ru/moskva/nedvizhimost/prodazha-kvartiri-studii-25-4-m-16-25-etazh-ac42d608-b197-44a5-8ebf-ffeab2098bc3/
[2024-09-29T07:31:27.474+0000] {logging_mixin.py:151} INFO - новостройка
[2024-09-29T07:31:27.475+0000] {logging_mixin.py:151} INFO - https://m2.ru/moskva/nedvizhimost/prodazha-kvartiri-studii-25-m-16-22-etazh-802a97a0-d4d1-4a5e-9f70-3bc9ccc92abe/
[2024-09-29T07:31:27.475+0000] {logging_mixin.py:151} INFO - вторичка
[2024-09-29T07:31:27.475+0000] {logging_mixin.py:151} INFO - https://m2.ru/moskva/nedvizhimost/prodazha-2-komnatnoi-kvartiri-52-3-m-24-24-etazh-c59ff68a-87fc-4db9-8205-bef572e8f9cc/
[2024-09-29T07:31:27.476+0000] {logging_mixin.py:151} INFO - новостройка
[2024-09-29T07:31:27.476+0000] {logging_mixin.py:151} INFO - https://m2.ru/moskva/nedvizhimost/prodazha-2-komnatnoi-kvartiri-40-m-5-16-etazh-a9ef854c-e0e1-4389-860d-b3d9b4dfdcfe/
[2024-09-29T07:31:27.476+0000] {logging_mixin.py:151} INFO - вторичка
[2024-09-29T07:31:27.477+0000] {logging_mixin.py:151} INFO - https://m2.ru/moskva/nedvizhimost/prodazha-1-komnatnoi-kvartiri-36-7-m-11-24-etazh-bd059fc3-a770-407e-9ea0-05796abd8126/
[2024-09-29T07:31:27.477+0000] {logging_mixin.py:151} INFO - новостройка
[2024-09-29T07:31:27.478+0000] {logging_mixin.py:151} INFO - https://m2.ru/moskva/nedvizhimost/prodazha-1-komnatnoi-kvartiri-39-m-9-12-etazh-f1ab5760-0747-45d5-a570-d098aa319530/
[2024-09-29T07:31:27.478+0000] {logging_mixin.py:151} INFO - вторичка
[2024-09-29T07:31:27.478+0000] {logging_mixin.py:151} INFO - https://m2.ru/moskva/nedvizhimost/prodazha-2-komnatnoi-kvartiri-62-5-m-14-25-etazh-19a22be2-ff9b-48a6-8abf-41d28bd0c310/
[2024-09-29T07:31:27.478+0000] {logging_mixin.py:151} INFO - новостройка
[2024-09-29T07:31:27.479+0000] {logging_mixin.py:151} INFO - https://m2.ru/moskva/nedvizhimost/prodazha-1-komnatnoi-kvartiri-35-2-m-29-30-etazh-cefbf041-512b-418e-8fd6-dceeb2d26c82/
[2024-09-29T07:31:27.479+0000] {logging_mixin.py:151} INFO - вторичка
[2024-09-29T07:31:27.480+0000] {logging_mixin.py:151} INFO - https://m2.ru/moskva/nedvizhimost/prodazha-1-komnatnoi-kvartiri-35-4-m-8-24-etazh-e6242298-803d-4c30-b730-6c7db033784e/
[2024-09-29T07:31:27.480+0000] {logging_mixin.py:151} INFO - новостройка
[2024-09-29T07:31:27.480+0000] {logging_mixin.py:151} INFO - https://m2.ru/moskva/nedvizhimost/prodazha-2-komnatnoi-kvartiri-37-m-8-30-etazh-de5128c6-5a69-4b32-bf3a-6306252ac2c9/
[2024-09-29T07:31:27.480+0000] {logging_mixin.py:151} INFO - вторичка
[2024-09-29T07:31:27.481+0000] {logging_mixin.py:151} INFO - https://m2.ru/moskva/nedvizhimost/prodazha-1-komnatnoi-kvartiri-37-1-m-4-8-etazh-6c4c5e54-09c1-4ee1-8756-017fb71b649c/
[2024-09-29T07:31:27.481+0000] {logging_mixin.py:151} INFO - новостройка
[2024-09-29T07:31:27.481+0000] {logging_mixin.py:151} INFO - https://m2.ru/moskva/nedvizhimost/prodazha-1-komnatnoi-kvartiri-32-m-1-9-etazh-b227fe7f-e498-40a2-bffe-0f558c62d25b/
[2024-09-29T07:31:27.482+0000] {logging_mixin.py:151} INFO - вторичка
[2024-09-29T07:31:27.482+0000] {logging_mixin.py:151} INFO - https://m2.ru/moskva/nedvizhimost/prodazha-1-komnatnoi-kvartiri-37-3-m-5-12-etazh-7b95fa38-0256-4056-ac35-42d89eb871c5/
[2024-09-29T07:31:27.482+0000] {logging_mixin.py:151} INFO - новостройка
[2024-09-29T07:31:27.483+0000] {logging_mixin.py:151} INFO - https://m2.ru/moskva/nedvizhimost/prodazha-2-komnatnoi-kvartiri-66-m-7-15-etazh-aa840d54-65cb-40f3-af44-485f09b718c9/
[2024-09-29T07:31:27.483+0000] {logging_mixin.py:151} INFO - вторичка
[2024-09-29T07:31:27.484+0000] {logging_mixin.py:151} INFO - https://m2.ru/moskva/nedvizhimost/prodazha-2-komnatnoi-kvartiri-44-m-2-14-etazh-9d25034d-b432-4312-9408-9b9080e56b12/
[2024-09-29T07:31:27.484+0000] {logging_mixin.py:151} INFO - новостройка
[2024-09-29T07:31:27.485+0000] {logging_mixin.py:151} INFO - https://m2.ru/moskva/nedvizhimost/prodazha-2-komnatnoi-kvartiri-45-m-1-5-etazh-ae2127bc-f5eb-4127-a784-9defbce29fc6/
[2024-09-29T07:31:27.485+0000] {logging_mixin.py:151} INFO - вторичка
[2024-09-29T07:31:27.485+0000] {logging_mixin.py:151} INFO - https://m2.ru/moskva/nedvizhimost/prodazha-2-komnatnoi-kvartiri-54-6-m-8-9-etazh-608e5deb-539e-47fc-a79b-4cae38cf4974/
[2024-09-29T07:31:27.486+0000] {logging_mixin.py:151} INFO - новостройка
[2024-09-29T07:31:27.486+0000] {logging_mixin.py:151} INFO - https://m2.ru/moskva/nedvizhimost/prodazha-1-komnatnoi-kvartiri-34-6-m-18-25-etazh-e5d7c4ca-4d1b-4497-ba97-e02527bead34/
[2024-09-29T07:31:27.486+0000] {logging_mixin.py:151} INFO - вторичка
[2024-09-29T07:31:27.487+0000] {logging_mixin.py:151} INFO - https://m2.ru/moskva/nedvizhimost/prodazha-kvartiri-studii-22-1-m-13-37-etazh-bcfd9dcb-2f65-4757-abfe-58affd5d0449/
[2024-09-29T07:31:27.487+0000] {logging_mixin.py:151} INFO - новостройка
[2024-09-29T07:31:29.332+0000] {logging_mixin.py:151} INFO - https://m2.ru/moskva/nedvizhimost/prodazha-2-komnatnoi-kvartiri-63-m-9-11-etazh-8a1fb77e-40ea-4300-af92-96aa4bcf3a9d/
[2024-09-29T07:31:29.332+0000] {logging_mixin.py:151} INFO - вторичка
[2024-09-29T07:31:29.333+0000] {logging_mixin.py:151} INFO - https://m2.ru/moskva/nedvizhimost/prodazha-1-komnatnoi-kvartiri-42-8-m-11-17-etazh-2e9c5ad7-62d9-4b4b-a2d6-5961b38a3329/
[2024-09-29T07:31:29.333+0000] {logging_mixin.py:151} INFO - новостройка
[2024-09-29T07:31:29.334+0000] {logging_mixin.py:151} INFO - https://m2.ru/moskva/nedvizhimost/prodazha-1-komnatnoi-kvartiri-33-m-3-6-etazh-a5270e8c-b1a8-45a0-b5e5-52e29598365b/
[2024-09-29T07:31:29.334+0000] {logging_mixin.py:151} INFO - вторичка
[2024-09-29T07:31:29.335+0000] {logging_mixin.py:151} INFO - https://m2.ru/moskva/nedvizhimost/prodazha-1-komnatnoi-kvartiri-38-9-m-15-47-etazh-a1e74199-848e-43df-8355-1dec1f726dc4/
[2024-09-29T07:31:29.335+0000] {logging_mixin.py:151} INFO - новостройка
[2024-09-29T07:31:29.336+0000] {logging_mixin.py:151} INFO - https://m2.ru/moskva/nedvizhimost/prodazha-2-komnatnoi-kvartiri-44-6-m-5-9-etazh-004afd43-005b-4f75-bd9b-aa6d301755a3/
[2024-09-29T07:31:29.336+0000] {logging_mixin.py:151} INFO - вторичка
[2024-09-29T07:31:29.336+0000] {logging_mixin.py:151} INFO - https://m2.ru/moskva/nedvizhimost/prodazha-kvartiri-studii-26-3-m-10-43-etazh-cd0d541f-beb0-4cee-b912-b3e96219c06a/
[2024-09-29T07:31:29.336+0000] {logging_mixin.py:151} INFO - новостройка
[2024-09-29T07:31:29.337+0000] {logging_mixin.py:151} INFO - https://m2.ru/moskva/nedvizhimost/prodazha-1-komnatnoi-kvartiri-39-m-14-14-etazh-5920c1a9-5b24-47b8-afed-bfe6f4f619fd/
[2024-09-29T07:31:29.338+0000] {logging_mixin.py:151} INFO - вторичка
[2024-09-29T07:31:29.338+0000] {logging_mixin.py:151} INFO - https://m2.ru/moskva/nedvizhimost/prodazha-1-komnatnoi-kvartiri-39-9-m-4-26-etazh-01320a4a-ac06-4d7c-ba5a-b949e7b64e55/
[2024-09-29T07:31:29.338+0000] {logging_mixin.py:151} INFO - новостройка
[2024-09-29T07:31:29.339+0000] {logging_mixin.py:151} INFO - https://m2.ru/moskva/nedvizhimost/prodazha-1-komnatnoi-kvartiri-36-4-m-27-32-etazh-b56f9448-8a4a-46e5-9227-7e6d87f6fb75/
[2024-09-29T07:31:29.339+0000] {logging_mixin.py:151} INFO - вторичка
[2024-09-29T07:31:29.339+0000] {logging_mixin.py:151} INFO - https://m2.ru/moskva/nedvizhimost/prodazha-2-komnatnoi-kvartiri-60-3-m-2-9-etazh-988e4839-6c72-4517-a773-00e43d7ef5b9/
[2024-09-29T07:31:29.340+0000] {logging_mixin.py:151} INFO - новостройка
[2024-09-29T07:31:29.340+0000] {logging_mixin.py:151} INFO - https://m2.ru/moskva/nedvizhimost/prodazha-2-komnatnoi-kvartiri-44-m-1-5-etazh-de359412-4740-44f8-bacb-254d331b7de1/
[2024-09-29T07:31:29.340+0000] {logging_mixin.py:151} INFO - вторичка
[2024-09-29T07:31:29.341+0000] {logging_mixin.py:151} INFO - https://m2.ru/moskva/nedvizhimost/prodazha-2-komnatnoi-kvartiri-43-m-11-23-etazh-a1320791-9165-4198-8b60-035ad23ee41a/
[2024-09-29T07:31:29.341+0000] {logging_mixin.py:151} INFO - новостройка
[2024-09-29T07:31:29.341+0000] {logging_mixin.py:151} INFO - https://m2.ru/moskva/nedvizhimost/prodazha-2-komnatnoi-kvartiri-47-m-13-25-etazh-3d30c4a3-5e22-4f88-a8a2-bb5ff4b364b3/
[2024-09-29T07:31:29.342+0000] {logging_mixin.py:151} INFO - вторичка
[2024-09-29T07:31:29.342+0000] {logging_mixin.py:151} INFO - https://m2.ru/moskva/nedvizhimost/prodazha-2-komnatnoi-kvartiri-44-6-m-16-21-etazh-a825e67e-841b-48a0-9f9e-ed8519fc6116/
[2024-09-29T07:31:29.342+0000] {logging_mixin.py:151} INFO - новостройка
[2024-09-29T07:31:29.343+0000] {logging_mixin.py:151} INFO - https://m2.ru/moskva/nedvizhimost/prodazha-1-komnatnoi-kvartiri-32-7-m-8-9-etazh-68b6b025-cd03-4930-bcb5-2ad175a05ca8/
[2024-09-29T07:31:29.343+0000] {logging_mixin.py:151} INFO - вторичка
[2024-09-29T07:31:29.343+0000] {logging_mixin.py:151} INFO - https://m2.ru/moskva/nedvizhimost/prodazha-2-komnatnoi-kvartiri-65-5-m-4-27-etazh-788bb1ff-47b3-4632-a5b3-11b5d18b5963/
[2024-09-29T07:31:29.344+0000] {logging_mixin.py:151} INFO - новостройка
[2024-09-29T07:31:29.344+0000] {logging_mixin.py:151} INFO - https://m2.ru/moskva/nedvizhimost/prodazha-kvartiri-studii-25-m-18-22-etazh-7b639d6b-4a0f-4700-81ee-cc5961cf5c15/
[2024-09-29T07:31:29.345+0000] {logging_mixin.py:151} INFO - вторичка
[2024-09-29T07:31:29.345+0000] {logging_mixin.py:151} INFO - https://m2.ru/moskva/nedvizhimost/prodazha-1-komnatnoi-kvartiri-39-9-m-20-25-etazh-feb7ef5e-840d-4734-a942-7d1cc7deaeef/
[2024-09-29T07:31:29.345+0000] {logging_mixin.py:151} INFO - новостройка
[2024-09-29T07:31:29.346+0000] {logging_mixin.py:151} INFO - https://m2.ru/moskva/nedvizhimost/prodazha-3-komnatnoi-kvartiri-49-m-10-12-etazh-dfa578b3-6306-4230-9954-9de28bc0f7a9/
[2024-09-29T07:31:29.346+0000] {logging_mixin.py:151} INFO - вторичка
[2024-09-29T07:31:29.346+0000] {logging_mixin.py:151} INFO - https://m2.ru/moskva/nedvizhimost/prodazha-1-komnatnoi-kvartiri-32-6-m-7-9-etazh-57b7bb59-5c1d-4a01-853c-25a074ae2a1b/
[2024-09-29T07:31:29.347+0000] {logging_mixin.py:151} INFO - новостройка
[2024-09-29T07:31:31.030+0000] {logging_mixin.py:151} INFO - https://m2.ru/moskva/nedvizhimost/prodazha-1-komnatnoi-kvartiri-37-7-m-10-17-etazh-1549090d-0093-4e02-8516-e94fdaa2a172/
[2024-09-29T07:31:31.033+0000] {logging_mixin.py:151} INFO - вторичка
[2024-09-29T07:31:31.033+0000] {logging_mixin.py:151} INFO - https://m2.ru/moskva/nedvizhimost/prodazha-2-komnatnoi-kvartiri-58-1-m-18-28-etazh-6752f0a7-aefe-409d-b6ef-71073db9e9d9/
[2024-09-29T07:31:31.034+0000] {logging_mixin.py:151} INFO - новостройка
[2024-09-29T07:31:31.034+0000] {logging_mixin.py:151} INFO - https://m2.ru/moskva/nedvizhimost/prodazha-kvartiri-studii-26-5-m-11-22-etazh-5546f141-fb81-4574-8bfe-a215095b8b2d/
[2024-09-29T07:31:31.035+0000] {logging_mixin.py:151} INFO - вторичка
[2024-09-29T07:31:31.035+0000] {logging_mixin.py:151} INFO - https://m2.ru/moskva/nedvizhimost/prodazha-1-komnatnoi-kvartiri-38-7-m-8-24-etazh-ee6045bb-9506-41d7-9fa6-3e0dd915a371/
[2024-09-29T07:31:31.035+0000] {logging_mixin.py:151} INFO - новостройка
[2024-09-29T07:31:31.036+0000] {logging_mixin.py:151} INFO - https://m2.ru/moskva/nedvizhimost/prodazha-3-komnatnoi-kvartiri-51-m-12-22-etazh-25453b4d-d2d2-49cb-8aed-061f31454376/
[2024-09-29T07:31:31.036+0000] {logging_mixin.py:151} INFO - вторичка
[2024-09-29T07:31:31.036+0000] {logging_mixin.py:151} INFO - https://m2.ru/moskva/nedvizhimost/prodazha-1-komnatnoi-kvartiri-39-3-m-46-55-etazh-3078eab0-a371-44aa-984a-95c90d9e9818/
[2024-09-29T07:31:31.037+0000] {logging_mixin.py:151} INFO - новостройка
[2024-09-29T07:31:31.037+0000] {logging_mixin.py:151} INFO - https://m2.ru/moskva/nedvizhimost/prodazha-kvartiri-studii-35-6-m-5-23-etazh-5c79c484-4e00-436a-9b62-e0ccbde9318c/
[2024-09-29T07:31:31.037+0000] {logging_mixin.py:151} INFO - вторичка
[2024-09-29T07:31:31.038+0000] {logging_mixin.py:151} INFO - https://m2.ru/moskva/nedvizhimost/prodazha-3-komnatnoi-kvartiri-60-5-m-17-24-etazh-f1acf0a6-8018-4ce7-9bd5-b7c66ac51c34/
[2024-09-29T07:31:31.038+0000] {logging_mixin.py:151} INFO - новостройка
[2024-09-29T07:31:31.039+0000] {logging_mixin.py:151} INFO - https://m2.ru/moskva/nedvizhimost/prodazha-1-komnatnoi-kvartiri-54-m-1-17-etazh-cfbbd593-9039-4f30-9aff-b0e797f5af6d/
[2024-09-29T07:31:31.039+0000] {logging_mixin.py:151} INFO - вторичка
[2024-09-29T07:31:31.039+0000] {logging_mixin.py:151} INFO - https://m2.ru/moskva/nedvizhimost/prodazha-1-komnatnoi-kvartiri-42-6-m-7-29-etazh-2903dc1f-8035-4da1-832a-2c296c56c3ad/
[2024-09-29T07:31:31.039+0000] {logging_mixin.py:151} INFO - новостройка
[2024-09-29T07:31:31.040+0000] {logging_mixin.py:151} INFO - https://m2.ru/moskva/nedvizhimost/prodazha-1-komnatnoi-kvartiri-37-7-m-13-17-etazh-f2515f9f-42f6-429b-b479-714663f9460d/
[2024-09-29T07:31:31.040+0000] {logging_mixin.py:151} INFO - вторичка
[2024-09-29T07:31:31.040+0000] {logging_mixin.py:151} INFO - https://m2.ru/moskva/nedvizhimost/prodazha-2-komnatnoi-kvartiri-56-7-m-9-29-etazh-3707728e-f43f-4e2c-9747-dbbdf864360a/
[2024-09-29T07:31:31.041+0000] {logging_mixin.py:151} INFO - новостройка
[2024-09-29T07:31:31.041+0000] {logging_mixin.py:151} INFO - https://m2.ru/moskva/nedvizhimost/prodazha-1-komnatnoi-kvartiri-33-4-m-6-9-etazh-ff32b06f-3114-425a-8ddf-d646102c38d8/
[2024-09-29T07:31:31.041+0000] {logging_mixin.py:151} INFO - вторичка
[2024-09-29T07:31:31.042+0000] {logging_mixin.py:151} INFO - https://m2.ru/moskva/nedvizhimost/prodazha-1-komnatnoi-kvartiri-40-3-m-16-19-etazh-7f2ce0b7-9323-436a-8d46-5dac6d012d73/
[2024-09-29T07:31:31.042+0000] {logging_mixin.py:151} INFO - новостройка
[2024-09-29T07:31:31.042+0000] {logging_mixin.py:151} INFO - https://m2.ru/moskva/nedvizhimost/prodazha-1-komnatnoi-kvartiri-37-6-m-2-17-etazh-cb318b52-114e-4b4a-9839-9d2938cf1625/
[2024-09-29T07:31:31.043+0000] {logging_mixin.py:151} INFO - вторичка
[2024-09-29T07:31:31.043+0000] {logging_mixin.py:151} INFO - https://m2.ru/moskva/nedvizhimost/prodazha-2-komnatnoi-kvartiri-53-3-m-36-48-etazh-661cb0dc-3dc7-4668-a5ca-e1a79311e178/
[2024-09-29T07:31:31.043+0000] {logging_mixin.py:151} INFO - новостройка
[2024-09-29T07:31:31.044+0000] {logging_mixin.py:151} INFO - https://m2.ru/moskva/nedvizhimost/prodazha-1-komnatnoi-kvartiri-37-m-6-16-etazh-a1498046-af3d-43b2-a680-c947feaf99a0/
[2024-09-29T07:31:31.044+0000] {logging_mixin.py:151} INFO - вторичка
[2024-09-29T07:31:31.044+0000] {logging_mixin.py:151} INFO - https://m2.ru/moskva/nedvizhimost/prodazha-2-komnatnoi-kvartiri-54-9-m-17-53-etazh-ad8382e3-70d5-4147-bd28-d541aac70fd5/
[2024-09-29T07:31:31.044+0000] {logging_mixin.py:151} INFO - новостройка
[2024-09-29T07:31:31.045+0000] {logging_mixin.py:151} INFO - https://m2.ru/moskva/nedvizhimost/prodazha-2-komnatnoi-kvartiri-59-1-m-10-24-etazh-3d86ae59-cbec-45c6-8eb2-f32f8ff2adb4/
[2024-09-29T07:31:31.045+0000] {logging_mixin.py:151} INFO - вторичка
[2024-09-29T07:31:31.045+0000] {logging_mixin.py:151} INFO - https://m2.ru/moskva/nedvizhimost/prodazha-1-komnatnoi-kvartiri-29-6-m-9-16-etazh-68718fbf-cd7c-406e-9349-f02f393706b1/
[2024-09-29T07:31:31.046+0000] {logging_mixin.py:151} INFO - новостройка
[2024-09-29T07:31:33.053+0000] {logging_mixin.py:151} INFO - https://m2.ru/moskva/nedvizhimost/prodazha-1-komnatnoi-kvartiri-35-8-m-6-22-etazh-e1b06112-2da0-4aca-99db-202c16c33dea/
[2024-09-29T07:31:33.059+0000] {logging_mixin.py:151} INFO - вторичка
[2024-09-29T07:31:33.060+0000] {logging_mixin.py:151} INFO - https://m2.ru/moskva/nedvizhimost/prodazha-2-komnatnoi-kvartiri-55-9-m-14-23-etazh-e6f3396f-0823-4e00-ab4f-d301d42fbd5d/
[2024-09-29T07:31:33.061+0000] {logging_mixin.py:151} INFO - новостройка
[2024-09-29T07:31:33.062+0000] {logging_mixin.py:151} INFO - https://m2.ru/moskva/nedvizhimost/prodazha-1-komnatnoi-kvartiri-32-6-m-1-9-etazh-5e84dafa-6f53-4f4e-8b41-a7bbe10fc8b1/
[2024-09-29T07:31:33.063+0000] {logging_mixin.py:151} INFO - вторичка
[2024-09-29T07:31:33.065+0000] {logging_mixin.py:151} INFO - https://m2.ru/moskva/nedvizhimost/prodazha-2-komnatnoi-kvartiri-71-9-m-7-7-etazh-e79121b7-9f42-4107-af69-3ffedbb549a3/
[2024-09-29T07:31:33.066+0000] {logging_mixin.py:151} INFO - новостройка
[2024-09-29T07:31:33.068+0000] {logging_mixin.py:151} INFO - https://m2.ru/moskva/nedvizhimost/prodazha-1-komnatnoi-kvartiri-37-5-m-3-5-etazh-081ca0aa-7d29-4d77-a7a2-1a530f1250c5/
[2024-09-29T07:31:33.070+0000] {logging_mixin.py:151} INFO - вторичка
[2024-09-29T07:31:33.072+0000] {logging_mixin.py:151} INFO - https://m2.ru/moskva/nedvizhimost/prodazha-1-komnatnoi-kvartiri-52-7-m-23-29-etazh-f828f90e-825f-443f-9fbb-9a65b648e7f1/
[2024-09-29T07:31:33.074+0000] {logging_mixin.py:151} INFO - новостройка
[2024-09-29T07:31:33.075+0000] {logging_mixin.py:151} INFO - https://m2.ru/moskva/nedvizhimost/prodazha-kvartiri-studii-24-m-3-5-etazh-67784897-5be4-421d-a28f-7d4a5b8df01a/
[2024-09-29T07:31:33.075+0000] {logging_mixin.py:151} INFO - вторичка
[2024-09-29T07:31:33.076+0000] {logging_mixin.py:151} INFO - https://m2.ru/moskva/nedvizhimost/prodazha-2-komnatnoi-kvartiri-39-7-m-9-12-etazh-55e50710-f935-4d4f-ac8c-977e78ee624f/
[2024-09-29T07:31:33.076+0000] {logging_mixin.py:151} INFO - новостройка
[2024-09-29T07:31:33.078+0000] {logging_mixin.py:151} INFO - https://m2.ru/moskva/nedvizhimost/prodazha-1-komnatnoi-kvartiri-38-4-m-23-27-etazh-7f224bff-c551-4099-9f8b-e669e7804682/
[2024-09-29T07:31:33.078+0000] {logging_mixin.py:151} INFO - вторичка
[2024-09-29T07:31:33.080+0000] {logging_mixin.py:151} INFO - https://m2.ru/moskva/nedvizhimost/prodazha-1-komnatnoi-kvartiri-41-7-m-28-53-etazh-53bf53f2-ea10-4a1d-a8de-bce27bf810c8/
[2024-09-29T07:31:33.080+0000] {logging_mixin.py:151} INFO - новостройка
[2024-09-29T07:31:33.081+0000] {logging_mixin.py:151} INFO - https://m2.ru/moskva/nedvizhimost/prodazha-2-komnatnoi-kvartiri-45-m-8-9-etazh-fd83f278-a6a1-4970-80ca-a0abab1f0469/
[2024-09-29T07:31:33.082+0000] {logging_mixin.py:151} INFO - вторичка
[2024-09-29T07:31:33.083+0000] {logging_mixin.py:151} INFO - https://m2.ru/moskva/nedvizhimost/prodazha-2-komnatnoi-kvartiri-43-4-m-23-24-etazh-6e6b7c0d-49a6-487f-8916-72995549657d/
[2024-09-29T07:31:33.084+0000] {logging_mixin.py:151} INFO - новостройка
[2024-09-29T07:31:33.085+0000] {logging_mixin.py:151} INFO - https://m2.ru/moskva/nedvizhimost/prodazha-kvartiri-studii-19-4-m-22-22-etazh-c5bb2c24-4604-486d-bfa8-d3b9ef1fde51/
[2024-09-29T07:31:33.085+0000] {logging_mixin.py:151} INFO - вторичка
[2024-09-29T07:31:33.086+0000] {logging_mixin.py:151} INFO - https://m2.ru/moskva/nedvizhimost/prodazha-1-komnatnoi-kvartiri-38-1-m-3-24-etazh-9d817478-867d-4ba6-a149-392d91b0e232/
[2024-09-29T07:31:33.087+0000] {logging_mixin.py:151} INFO - новостройка
[2024-09-29T07:31:33.088+0000] {logging_mixin.py:151} INFO - https://m2.ru/moskva/nedvizhimost/prodazha-2-komnatnoi-kvartiri-42-1-m-1-9-etazh-06a21eac-9172-45df-89da-ee6eddbeb5ff/
[2024-09-29T07:31:33.089+0000] {logging_mixin.py:151} INFO - вторичка
[2024-09-29T07:31:33.089+0000] {logging_mixin.py:151} INFO - https://m2.ru/moskva/nedvizhimost/prodazha-1-komnatnoi-kvartiri-44-5-m-4-49-etazh-a355835a-b207-411a-b0c4-af68f31f6848/
[2024-09-29T07:31:33.090+0000] {logging_mixin.py:151} INFO - новостройка
[2024-09-29T07:31:33.091+0000] {logging_mixin.py:151} INFO - https://m2.ru/moskva/nedvizhimost/prodazha-3-komnatnoi-kvartiri-54-5-m-3-5-etazh-4da58877-3a4e-4761-8d1a-6155d6970eb7/
[2024-09-29T07:31:33.092+0000] {logging_mixin.py:151} INFO - вторичка
[2024-09-29T07:31:33.093+0000] {logging_mixin.py:151} INFO - https://m2.ru/moskva/nedvizhimost/prodazha-1-komnatnoi-kvartiri-41-6-m-24-30-etazh-6c66b5b6-3e2b-4c91-b4f2-488af2a1f6fa/
[2024-09-29T07:31:33.093+0000] {logging_mixin.py:151} INFO - новостройка
[2024-09-29T07:31:33.094+0000] {logging_mixin.py:151} INFO - https://m2.ru/moskva/nedvizhimost/prodazha-3-komnatnoi-kvartiri-75-7-m-9-17-etazh-4eebef32-a0b6-4855-819b-6999b663da85/
[2024-09-29T07:31:33.095+0000] {logging_mixin.py:151} INFO - вторичка
[2024-09-29T07:31:33.097+0000] {logging_mixin.py:151} INFO - https://m2.ru/moskva/nedvizhimost/prodazha-2-komnatnoi-kvartiri-48-8-m-23-29-etazh-78b0f5a7-39de-48b5-92be-1e265ea6b792/
[2024-09-29T07:31:33.098+0000] {logging_mixin.py:151} INFO - новостройка
[2024-09-29T07:31:36.504+0000] {logging_mixin.py:151} INFO - https://m2.ru/moskva/nedvizhimost/prodazha-kvartiri-studii-23-1-m-2-25-etazh-dbe0416b-8490-4455-8f85-af2bc6c648d9/
[2024-09-29T07:31:36.549+0000] {logging_mixin.py:151} INFO - вторичка
[2024-09-29T07:31:36.581+0000] {logging_mixin.py:151} INFO - https://m2.ru/moskva/nedvizhimost/prodazha-2-komnatnoi-kvartiri-65-4-m-8-29-etazh-5289405a-6ca9-4d82-91dd-658aad3d1e94/
[2024-09-29T07:31:36.602+0000] {logging_mixin.py:151} INFO - новостройка
[2024-09-29T07:31:36.627+0000] {logging_mixin.py:151} INFO - https://m2.ru/moskva/nedvizhimost/prodazha-1-komnatnoi-kvartiri-38-m-12-17-etazh-0edbea39-df59-437a-bd5f-7c3b332b86bf/
[2024-09-29T07:31:36.629+0000] {logging_mixin.py:151} INFO - вторичка
[2024-09-29T07:31:36.636+0000] {logging_mixin.py:151} INFO - https://m2.ru/moskva/nedvizhimost/prodazha-3-komnatnoi-kvartiri-60-8-m-5-24-etazh-fa6e48cc-8d94-413d-aff8-bd5f4fddd213/
[2024-09-29T07:31:36.644+0000] {logging_mixin.py:151} INFO - новостройка
[2024-09-29T07:31:36.651+0000] {logging_mixin.py:151} INFO - https://m2.ru/moskva/nedvizhimost/prodazha-1-komnatnoi-kvartiri-38-9-m-22-22-etazh-18c7b4e2-f74d-42ac-9f07-de77b8cd0079/
[2024-09-29T07:31:36.670+0000] {logging_mixin.py:151} INFO - вторичка
[2024-09-29T07:31:36.809+0000] {logging_mixin.py:151} INFO - https://m2.ru/moskva/nedvizhimost/prodazha-1-komnatnoi-kvartiri-38-4-m-27-53-etazh-486830d4-cded-4eed-bdb6-6a49fcca6d2e/
[2024-09-29T07:31:36.867+0000] {logging_mixin.py:151} INFO - новостройка
[2024-09-29T07:31:36.884+0000] {logging_mixin.py:151} INFO - https://m2.ru/moskva/nedvizhimost/prodazha-kvartiri-studii-23-m-6-32-etazh-7667818a-c993-4025-947c-304905d1f879/
[2024-09-29T07:31:36.906+0000] {logging_mixin.py:151} INFO - вторичка
[2024-09-29T07:31:36.936+0000] {logging_mixin.py:151} INFO - https://m2.ru/moskva/nedvizhimost/prodazha-1-komnatnoi-kvartiri-38-9-m-16-48-etazh-166354a2-8b8a-4994-8739-19426dac6785/
[2024-09-29T07:31:36.941+0000] {logging_mixin.py:151} INFO - новостройка
[2024-09-29T07:31:36.953+0000] {logging_mixin.py:151} INFO - https://m2.ru/moskva/nedvizhimost/prodazha-kvartiri-studii-14-3-m-22-22-etazh-29691dfe-e3d1-4b6e-b18f-7526ef35c98e/
[2024-09-29T07:31:36.964+0000] {logging_mixin.py:151} INFO - вторичка
[2024-09-29T07:31:36.968+0000] {logging_mixin.py:151} INFO - https://m2.ru/moskva/nedvizhimost/prodazha-1-komnatnoi-kvartiri-38-3-m-21-48-etazh-b001b0b4-91f4-4bab-bfb2-6ac5200b66a2/
[2024-09-29T07:31:36.978+0000] {logging_mixin.py:151} INFO - новостройка
[2024-09-29T07:31:36.987+0000] {logging_mixin.py:151} INFO - https://m2.ru/moskva/nedvizhimost/prodazha-3-komnatnoi-kvartiri-56-2-m-8-9-etazh-a98ea597-34a0-41e2-ba6d-d4558d33a442/
[2024-09-29T07:31:37.000+0000] {logging_mixin.py:151} INFO - вторичка
[2024-09-29T07:31:37.011+0000] {logging_mixin.py:151} INFO - https://m2.ru/moskva/nedvizhimost/prodazha-2-komnatnoi-kvartiri-43-8-m-2-15-etazh-6eef1715-808c-4ccb-ae87-dc6df2913a8a/
[2024-09-29T07:31:37.026+0000] {logging_mixin.py:151} INFO - новостройка
[2024-09-29T07:31:37.041+0000] {logging_mixin.py:151} INFO - https://m2.ru/moskva/nedvizhimost/prodazha-3-komnatnoi-kvartiri-74-8-m-17-17-etazh-bf420a69-0fc3-4f93-8585-a920c5d194ed/
[2024-09-29T07:31:37.044+0000] {logging_mixin.py:151} INFO - вторичка
[2024-09-29T07:31:37.056+0000] {logging_mixin.py:151} INFO - https://m2.ru/moskva/nedvizhimost/prodazha-1-komnatnoi-kvartiri-33-m-7-9-etazh-ab5f3640-1cf0-473c-88c4-a1387dc1099d/
[2024-09-29T07:31:37.063+0000] {logging_mixin.py:151} INFO - новостройка
[2024-09-29T07:31:37.075+0000] {logging_mixin.py:151} INFO - https://m2.ru/moskva/nedvizhimost/prodazha-1-komnatnoi-kvartiri-38-1-m-16-22-etazh-fb511d85-e8c8-4134-9d03-b6409d1d5f43/
[2024-09-29T07:31:37.077+0000] {logging_mixin.py:151} INFO - вторичка
[2024-09-29T07:31:37.082+0000] {logging_mixin.py:151} INFO - https://m2.ru/moskva/nedvizhimost/prodazha-2-komnatnoi-kvartiri-65-8-m-6-17-etazh-22de4b7b-18ab-4aa6-befd-0216398516ae/
[2024-09-29T07:31:37.085+0000] {logging_mixin.py:151} INFO - новостройка
[2024-09-29T07:31:37.089+0000] {logging_mixin.py:151} INFO - https://m2.ru/moskva/nedvizhimost/prodazha-2-komnatnoi-kvartiri-44-5-m-4-5-etazh-2864eece-52d0-42a2-a0fe-ce76c322b0a4/
[2024-09-29T07:31:37.093+0000] {logging_mixin.py:151} INFO - вторичка
[2024-09-29T07:31:37.097+0000] {logging_mixin.py:151} INFO - https://m2.ru/moskva/nedvizhimost/prodazha-2-komnatnoi-kvartiri-37-8-m-10-30-etazh-f7622788-d369-446d-aafa-5cbd0a323a26/
[2024-09-29T07:31:37.106+0000] {logging_mixin.py:151} INFO - новостройка
[2024-09-29T07:31:37.127+0000] {logging_mixin.py:151} INFO - https://m2.ru/moskva/nedvizhimost/prodazha-3-komnatnoi-kvartiri-99-6-m-28-32-etazh-64b1982e-7f98-4fea-ac6d-e57ae122dfc7/
[2024-09-29T07:31:37.131+0000] {logging_mixin.py:151} INFO - вторичка
[2024-09-29T07:31:37.135+0000] {logging_mixin.py:151} INFO - https://m2.ru/moskva/nedvizhimost/prodazha-kvartiri-studii-26-4-m-18-43-etazh-cf331120-edad-4bdb-a937-73db9ed2e8f6/
[2024-09-29T07:31:37.139+0000] {logging_mixin.py:151} INFO - новостройка
[2024-09-29T07:31:39.227+0000] {logging_mixin.py:151} INFO - https://m2.ru/moskva/nedvizhimost/prodazha-1-komnatnoi-kvartiri-35-3-m-17-17-etazh-2160ae2c-9574-415f-b832-a46535b5cc01/
[2024-09-29T07:31:39.232+0000] {logging_mixin.py:151} INFO - вторичка
[2024-09-29T07:31:39.234+0000] {logging_mixin.py:151} INFO - https://m2.ru/moskva/nedvizhimost/prodazha-2-komnatnoi-kvartiri-57-4-m-11-12-etazh-caa9cd7d-fd66-49f4-98a0-81246488b62e/
[2024-09-29T07:31:39.234+0000] {logging_mixin.py:151} INFO - новостройка
[2024-09-29T07:31:39.236+0000] {logging_mixin.py:151} INFO - https://m2.ru/moskva/nedvizhimost/prodazha-1-komnatnoi-kvartiri-32-6-m-8-9-etazh-c3094620-8686-493e-a939-ba9b1d6ee7ac/
[2024-09-29T07:31:39.237+0000] {logging_mixin.py:151} INFO - вторичка
[2024-09-29T07:31:39.238+0000] {logging_mixin.py:151} INFO - https://m2.ru/moskva/nedvizhimost/prodazha-2-komnatnoi-kvartiri-54-2-m-23-24-etazh-6be371d4-6093-4d60-b731-cb829faaf9fa/
[2024-09-29T07:31:39.238+0000] {logging_mixin.py:151} INFO - новостройка
[2024-09-29T07:31:39.239+0000] {logging_mixin.py:151} INFO - https://m2.ru/moskva/nedvizhimost/prodazha-1-komnatnoi-kvartiri-35-7-m-11-13-etazh-656bae37-a516-41b1-a09b-4480f0c330ab/
[2024-09-29T07:31:39.240+0000] {logging_mixin.py:151} INFO - вторичка
[2024-09-29T07:31:39.240+0000] {logging_mixin.py:151} INFO - https://m2.ru/moskva/nedvizhimost/prodazha-2-komnatnoi-kvartiri-64-2-m-11-43-etazh-63e6a1ea-a158-4b1c-a908-93d011be53ab/
[2024-09-29T07:31:39.241+0000] {logging_mixin.py:151} INFO - новостройка
[2024-09-29T07:31:39.241+0000] {logging_mixin.py:151} INFO - https://m2.ru/moskva/nedvizhimost/prodazha-kvartiri-studii-29-4-m-7-53-etazh-c7aa1870-dd79-4362-a4a4-32c9383361f6/
[2024-09-29T07:31:39.242+0000] {logging_mixin.py:151} INFO - вторичка
[2024-09-29T07:31:39.243+0000] {logging_mixin.py:151} INFO - https://m2.ru/moskva/nedvizhimost/prodazha-1-komnatnoi-kvartiri-41-9-m-11-16-etazh-ee281e95-30aa-49a3-ab06-3fa20a2c4013/
[2024-09-29T07:31:39.243+0000] {logging_mixin.py:151} INFO - новостройка
[2024-09-29T07:31:39.244+0000] {logging_mixin.py:151} INFO - https://m2.ru/moskva/nedvizhimost/prodazha-3-komnatnoi-kvartiri-78-m-16-22-etazh-c1bd2bfc-4c69-4358-abe4-21b73e3b9696/
[2024-09-29T07:31:39.244+0000] {logging_mixin.py:151} INFO - вторичка
[2024-09-29T07:31:39.245+0000] {logging_mixin.py:151} INFO - https://m2.ru/moskva/nedvizhimost/prodazha-1-komnatnoi-kvartiri-48-6-m-31-49-etazh-44949d08-fc52-4542-adc2-db122d6ba226/
[2024-09-29T07:31:39.246+0000] {logging_mixin.py:151} INFO - новостройка
[2024-09-29T07:31:39.246+0000] {logging_mixin.py:151} INFO - https://m2.ru/moskva/nedvizhimost/prodazha-1-komnatnoi-kvartiri-31-9-m-9-10-etazh-a17131ca-0b6f-4896-8c50-8cc8cb09785f/
[2024-09-29T07:31:39.247+0000] {logging_mixin.py:151} INFO - вторичка
[2024-09-29T07:31:39.248+0000] {logging_mixin.py:151} INFO - https://m2.ru/moskva/nedvizhimost/prodazha-2-komnatnoi-kvartiri-61-9-m-17-24-etazh-68f4be92-16ea-4944-a72a-7d8bef58c608/
[2024-09-29T07:31:39.248+0000] {logging_mixin.py:151} INFO - новостройка
[2024-09-29T07:31:39.249+0000] {logging_mixin.py:151} INFO - https://m2.ru/moskva/nedvizhimost/prodazha-3-komnatnoi-kvartiri-51-4-m-4-9-etazh-3352e053-4ea4-42bd-9037-0ccc6ad1c95c/
[2024-09-29T07:31:39.249+0000] {logging_mixin.py:151} INFO - вторичка
[2024-09-29T07:31:39.250+0000] {logging_mixin.py:151} INFO - https://m2.ru/moskva/nedvizhimost/prodazha-2-komnatnoi-kvartiri-42-5-m-12-14-etazh-bbb512b6-ecad-490b-ab4f-3d8811f67f50/
[2024-09-29T07:31:39.251+0000] {logging_mixin.py:151} INFO - новостройка
[2024-09-29T07:31:39.251+0000] {logging_mixin.py:151} INFO - https://m2.ru/moskva/nedvizhimost/prodazha-2-komnatnoi-kvartiri-53-m-4-38-etazh-e9cc9c5f-6a86-4c6c-921a-e3adf3aafd02/
[2024-09-29T07:31:39.252+0000] {logging_mixin.py:151} INFO - вторичка
[2024-09-29T07:31:39.252+0000] {logging_mixin.py:151} INFO - https://m2.ru/moskva/nedvizhimost/prodazha-kvartiri-studii-22-7-m-24-24-etazh-7dc722d8-4571-48f5-9d12-5af37ecf5f32/
[2024-09-29T07:31:39.253+0000] {logging_mixin.py:151} INFO - новостройка
[2024-09-29T07:31:39.254+0000] {logging_mixin.py:151} INFO - https://m2.ru/moskva/nedvizhimost/prodazha-2-komnatnoi-kvartiri-37-2-m-9-12-etazh-0d6877ae-0423-4949-95fa-352b302afd2d/
[2024-09-29T07:31:39.254+0000] {logging_mixin.py:151} INFO - вторичка
[2024-09-29T07:31:39.255+0000] {logging_mixin.py:151} INFO - https://m2.ru/moskva/nedvizhimost/prodazha-1-komnatnoi-kvartiri-35-6-m-10-10-etazh-c7e4043a-f855-4a6b-aca6-bc23f0b7fba9/
[2024-09-29T07:31:39.255+0000] {logging_mixin.py:151} INFO - новостройка
[2024-09-29T07:31:39.256+0000] {logging_mixin.py:151} INFO - https://m2.ru/moskva/nedvizhimost/prodazha-1-komnatnoi-kvartiri-21-6-m-33-33-etazh-8a293e6e-a473-4c23-958b-975b97298a28/
[2024-09-29T07:31:39.256+0000] {logging_mixin.py:151} INFO - вторичка
[2024-09-29T07:31:39.257+0000] {logging_mixin.py:151} INFO - https://m2.ru/moskva/nedvizhimost/prodazha-3-komnatnoi-kvartiri-66-9-m-8-19-etazh-167c330f-853c-414e-800b-400a185951e3/
[2024-09-29T07:31:39.257+0000] {logging_mixin.py:151} INFO - новостройка
[2024-09-29T07:31:39.323+0000] {python.py:194} INFO - Done. Returned value was: None
[2024-09-29T07:31:39.363+0000] {taskinstance.py:1398} INFO - Marking task as SUCCESS. dag_id=flats, task_id=get_links, execution_date=20240929T073054, start_date=20240929T073107, end_date=20240929T073139
[2024-09-29T07:31:39.462+0000] {local_task_job_runner.py:228} INFO - Task exited with return code 0
[2024-09-29T07:31:39.572+0000] {taskinstance.py:2776} INFO - 3 downstream tasks scheduled from follow-on schedule check
