[2024-09-29T07:28:59.868+0000] {taskinstance.py:1157} INFO - Dependencies all met for dep_context=non-requeueable deps ti=<TaskInstance: flats.create_dims_table manual__2024-09-29T07:28:28.932700+00:00 [queued]>
[2024-09-29T07:28:59.902+0000] {taskinstance.py:1157} INFO - Dependencies all met for dep_context=requeueable deps ti=<TaskInstance: flats.create_dims_table manual__2024-09-29T07:28:28.932700+00:00 [queued]>
[2024-09-29T07:28:59.903+0000] {taskinstance.py:1359} INFO - Starting attempt 1 of 1
[2024-09-29T07:28:59.943+0000] {taskinstance.py:1380} INFO - Executing <Task(PostgresOperator): create_dims_table> on 2024-09-29 07:28:28.932700+00:00
[2024-09-29T07:28:59.986+0000] {standard_task_runner.py:57} INFO - Started process 6408 to run task
[2024-09-29T07:29:00.076+0000] {standard_task_runner.py:84} INFO - Running: ['***', 'tasks', 'run', 'flats', 'create_dims_table', 'manual__2024-09-29T07:28:28.932700+00:00', '--job-id', '152', '--raw', '--subdir', 'DAGS_FOLDER/flats.py', '--cfg-path', '/tmp/tmpqjku6wjs']
[2024-09-29T07:29:00.085+0000] {standard_task_runner.py:85} INFO - Job 152: Subtask create_dims_table
[2024-09-29T07:29:00.476+0000] {task_command.py:415} INFO - Running <TaskInstance: flats.create_dims_table manual__2024-09-29T07:28:28.932700+00:00 [running]> on host 5096eb060c49
[2024-09-29T07:29:00.845+0000] {taskinstance.py:1660} INFO - Exporting env vars: AIRFLOW_CTX_DAG_OWNER='***' AIRFLOW_CTX_DAG_ID='flats' AIRFLOW_CTX_TASK_ID='create_dims_table' AIRFLOW_CTX_EXECUTION_DATE='2024-09-29T07:28:28.932700+00:00' AIRFLOW_CTX_TRY_NUMBER='1' AIRFLOW_CTX_DAG_RUN_ID='manual__2024-09-29T07:28:28.932700+00:00'
[2024-09-29T07:29:00.854+0000] {sql.py:274} INFO - Executing: 
    CREATE TABLE IF NOT EXISTS dim_district (
        id SERIAL PRIMARY KEY,
        district VARCHAR(20),
        processed_dttm DATE NOT NULL,
        source VARCHAR(20) NOT NULL
    );

    CREATE TABLE IF NOT EXISTS dim_metro (
        id SERIAL PRIMARY KEY,
        metro_station VARCHAR(100),
        metro_time INTEGER,
        processed_dttm DATE NOT NULL,
        source VARCHAR(20) NOT NULL
    );

    CREATE TABLE IF NOT EXISTS dim_text (
        id SERIAL PRIMARY KEY,
        description TEXT,
        processed_dttm DATE NOT NULL,
        source VARCHAR(20) NOT NULL
    );

    CREATE TABLE IF NOT EXISTS dim_seller (
        id SERIAL PRIMARY KEY,
        seller VARCHAR(100),
        seller_type VARCHAR(100),
        processed_dttm DATE NOT NULL,
        source VARCHAR(20) NOT NULL
    );

    CREATE TABLE IF NOT EXISTS dim_advt (
        id SERIAL PRIMARY KEY,
        active SMALLINT,
        url VARCHAR(255),
        processed_dttm DATE NOT NULL,
        source VARCHAR(20) NOT NULL
    );

    CREATE TABLE IF NOT EXISTS dim_building (
        id SERIAL PRIMARY KEY,
        address VARCHAR(255),
        wall_material VARCHAR(255),
        max_floor INTEGER,
        type VARCHAR(50),
        processed_dttm DATE NOT NULL,
        source VARCHAR(20) NOT NULL
    );

    CREATE TABLE IF NOT EXISTS dim_geo (
        id SERIAL PRIMARY KEY,
        lat DECIMAL,
        lon DECIMAL,
        processed_dttm DATE NOT NULL,
        source VARCHAR(20) NOT NULL
    );

    CREATE TABLE IF NOT EXISTS dim_flat_params (
        id SERIAL PRIMARY KEY,
        floor INTEGER,
        rooms INTEGER,
        area DECIMAL,
        furniture SMALLINT,
        repair VARCHAR(80),
        kitchen_furniture SMALLINT,
        wcs INTEGER,
        washing_machine SMALLINT,
        ceil_height DECIMAL,
        processed_dttm DATE NOT NULL,
        source VARCHAR(20) NOT NULL
    );
[2024-09-29T07:29:00.891+0000] {base.py:73} INFO - Using connection ID 'postgres_conn' for task execution.
[2024-09-29T07:29:01.315+0000] {base.py:73} INFO - Using connection ID 'postgres_conn' for task execution.
[2024-09-29T07:29:01.754+0000] {sql.py:418} INFO - Running statement: 
    CREATE TABLE IF NOT EXISTS dim_district (
        id SERIAL PRIMARY KEY,
        district VARCHAR(20),
        processed_dttm DATE NOT NULL,
        source VARCHAR(20) NOT NULL
    );

    CREATE TABLE IF NOT EXISTS dim_metro (
        id SERIAL PRIMARY KEY,
        metro_station VARCHAR(100),
        metro_time INTEGER,
        processed_dttm DATE NOT NULL,
        source VARCHAR(20) NOT NULL
    );

    CREATE TABLE IF NOT EXISTS dim_text (
        id SERIAL PRIMARY KEY,
        description TEXT,
        processed_dttm DATE NOT NULL,
        source VARCHAR(20) NOT NULL
    );

    CREATE TABLE IF NOT EXISTS dim_seller (
        id SERIAL PRIMARY KEY,
        seller VARCHAR(100),
        seller_type VARCHAR(100),
        processed_dttm DATE NOT NULL,
        source VARCHAR(20) NOT NULL
    );

    CREATE TABLE IF NOT EXISTS dim_advt (
        id SERIAL PRIMARY KEY,
        active SMALLINT,
        url VARCHAR(255),
        processed_dttm DATE NOT NULL,
        source VARCHAR(20) NOT NULL
    );

    CREATE TABLE IF NOT EXISTS dim_building (
        id SERIAL PRIMARY KEY,
        address VARCHAR(255),
        wall_material VARCHAR(255),
        max_floor INTEGER,
        type VARCHAR(50),
        processed_dttm DATE NOT NULL,
        source VARCHAR(20) NOT NULL
    );

    CREATE TABLE IF NOT EXISTS dim_geo (
        id SERIAL PRIMARY KEY,
        lat DECIMAL,
        lon DECIMAL,
        processed_dttm DATE NOT NULL,
        source VARCHAR(20) NOT NULL
    );

    CREATE TABLE IF NOT EXISTS dim_flat_params (
        id SERIAL PRIMARY KEY,
        floor INTEGER,
        rooms INTEGER,
        area DECIMAL,
        furniture SMALLINT,
        repair VARCHAR(80),
        kitchen_furniture SMALLINT,
        wcs INTEGER,
        washing_machine SMALLINT,
        ceil_height DECIMAL,
        processed_dttm DATE NOT NULL,
        source VARCHAR(20) NOT NULL
    );, parameters: None
[2024-09-29T07:29:02.018+0000] {taskinstance.py:1398} INFO - Marking task as SUCCESS. dag_id=flats, task_id=create_dims_table, execution_date=20240929T072828, start_date=20240929T072859, end_date=20240929T072902
[2024-09-29T07:29:02.046+0000] {local_task_job_runner.py:228} INFO - Task exited with return code 0
[2024-09-29T07:29:02.089+0000] {taskinstance.py:2776} INFO - 0 downstream tasks scheduled from follow-on schedule check
