[2024-09-29T08:28:06.200+0000] {taskinstance.py:1157} INFO - Dependencies all met for dep_context=non-requeueable deps ti=<TaskInstance: flats.create_fact_table manual__2024-09-29T08:26:53.190628+00:00 [queued]>
[2024-09-29T08:28:06.238+0000] {taskinstance.py:1157} INFO - Dependencies all met for dep_context=requeueable deps ti=<TaskInstance: flats.create_fact_table manual__2024-09-29T08:26:53.190628+00:00 [queued]>
[2024-09-29T08:28:06.239+0000] {taskinstance.py:1359} INFO - Starting attempt 1 of 1
[2024-09-29T08:28:06.284+0000] {taskinstance.py:1380} INFO - Executing <Task(PostgresOperator): create_fact_table> on 2024-09-29 08:26:53.190628+00:00
[2024-09-29T08:28:06.338+0000] {standard_task_runner.py:57} INFO - Started process 7756 to run task
[2024-09-29T08:28:06.351+0000] {standard_task_runner.py:84} INFO - Running: ['***', 'tasks', 'run', 'flats', 'create_fact_table', 'manual__2024-09-29T08:26:53.190628+00:00', '--job-id', '207', '--raw', '--subdir', 'DAGS_FOLDER/flats.py', '--cfg-path', '/tmp/tmpthttc5j3']
[2024-09-29T08:28:06.366+0000] {standard_task_runner.py:85} INFO - Job 207: Subtask create_fact_table
[2024-09-29T08:28:06.801+0000] {task_command.py:415} INFO - Running <TaskInstance: flats.create_fact_table manual__2024-09-29T08:26:53.190628+00:00 [running]> on host 5096eb060c49
[2024-09-29T08:28:07.226+0000] {taskinstance.py:1660} INFO - Exporting env vars: AIRFLOW_CTX_DAG_OWNER='***' AIRFLOW_CTX_DAG_ID='flats' AIRFLOW_CTX_TASK_ID='create_fact_table' AIRFLOW_CTX_EXECUTION_DATE='2024-09-29T08:26:53.190628+00:00' AIRFLOW_CTX_TRY_NUMBER='1' AIRFLOW_CTX_DAG_RUN_ID='manual__2024-09-29T08:26:53.190628+00:00'
[2024-09-29T08:28:07.231+0000] {sql.py:274} INFO - Executing: 
    CREATE TABLE IF NOT EXISTS fact_flat (
        metro_id SERIAL,
        text_id SERIAL,
        seller_id SERIAL,
        advt_id SERIAL,
        building_id SERIAL,
        flat_params_id SERIAL,
        district_id SERIAL,
        geo_id SERIAL,
        price DECIMAL,
        processed_dttm DATE NOT NULL,
        source VARCHAR(20) NOT NULL
    )
[2024-09-29T08:28:07.256+0000] {base.py:73} INFO - Using connection ID 'postgres_conn' for task execution.
[2024-09-29T08:28:07.955+0000] {base.py:73} INFO - Using connection ID 'postgres_conn' for task execution.
[2024-09-29T08:28:08.355+0000] {sql.py:418} INFO - Running statement: 
    CREATE TABLE IF NOT EXISTS fact_flat (
        metro_id SERIAL,
        text_id SERIAL,
        seller_id SERIAL,
        advt_id SERIAL,
        building_id SERIAL,
        flat_params_id SERIAL,
        district_id SERIAL,
        geo_id SERIAL,
        price DECIMAL,
        processed_dttm DATE NOT NULL,
        source VARCHAR(20) NOT NULL
    ), parameters: None
[2024-09-29T08:28:08.544+0000] {taskinstance.py:1398} INFO - Marking task as SUCCESS. dag_id=flats, task_id=create_fact_table, execution_date=20240929T082653, start_date=20240929T082806, end_date=20240929T082808
[2024-09-29T08:28:08.606+0000] {local_task_job_runner.py:228} INFO - Task exited with return code 0
[2024-09-29T08:28:08.684+0000] {taskinstance.py:2776} INFO - 0 downstream tasks scheduled from follow-on schedule check
