[2024-09-22T10:17:38.267+0000] {taskinstance.py:1157} INFO - Dependencies all met for dep_context=non-requeueable deps ti=<TaskInstance: flats.create_fact_table manual__2024-09-22T10:17:18.922906+00:00 [queued]>
[2024-09-22T10:17:38.284+0000] {taskinstance.py:1157} INFO - Dependencies all met for dep_context=requeueable deps ti=<TaskInstance: flats.create_fact_table manual__2024-09-22T10:17:18.922906+00:00 [queued]>
[2024-09-22T10:17:38.285+0000] {taskinstance.py:1359} INFO - Starting attempt 1 of 1
[2024-09-22T10:17:38.308+0000] {taskinstance.py:1380} INFO - Executing <Task(PostgresOperator): create_fact_table> on 2024-09-22 10:17:18.922906+00:00
[2024-09-22T10:17:38.324+0000] {standard_task_runner.py:57} INFO - Started process 929 to run task
[2024-09-22T10:17:38.329+0000] {standard_task_runner.py:84} INFO - Running: ['***', 'tasks', 'run', 'flats', 'create_fact_table', 'manual__2024-09-22T10:17:18.922906+00:00', '--job-id', '1027', '--raw', '--subdir', 'DAGS_FOLDER/flats.py', '--cfg-path', '/tmp/tmp4o9ohb6k']
[2024-09-22T10:17:38.333+0000] {standard_task_runner.py:85} INFO - Job 1027: Subtask create_fact_table
[2024-09-22T10:17:38.445+0000] {task_command.py:415} INFO - Running <TaskInstance: flats.create_fact_table manual__2024-09-22T10:17:18.922906+00:00 [running]> on host 1646e3dc8472
[2024-09-22T10:17:38.553+0000] {taskinstance.py:1660} INFO - Exporting env vars: AIRFLOW_CTX_DAG_OWNER='***' AIRFLOW_CTX_DAG_ID='flats' AIRFLOW_CTX_TASK_ID='create_fact_table' AIRFLOW_CTX_EXECUTION_DATE='2024-09-22T10:17:18.922906+00:00' AIRFLOW_CTX_TRY_NUMBER='1' AIRFLOW_CTX_DAG_RUN_ID='manual__2024-09-22T10:17:18.922906+00:00'
[2024-09-22T10:17:38.554+0000] {sql.py:274} INFO - Executing: 
    CREATE TABLE IF NOT EXISTS fact_flat (
        metro_id SERIAL,
        text_id SERIAL,
        seller_id SERIAL,
        advt_id SERIAL,
        building_id SERIAL,
        flat_params_id SERIAL,
        district_id SERIAL,
        geo_id SERIAL,
        price DECIMAL,
        processed_dttm DATE NOT NULL,
        source VARCHAR(20) NOT NULL
    )
[2024-09-22T10:17:38.566+0000] {base.py:73} INFO - Using connection ID 'postgres_conn' for task execution.
[2024-09-22T10:17:38.841+0000] {base.py:73} INFO - Using connection ID 'postgres_conn' for task execution.
[2024-09-22T10:17:39.180+0000] {sql.py:418} INFO - Running statement: 
    CREATE TABLE IF NOT EXISTS fact_flat (
        metro_id SERIAL,
        text_id SERIAL,
        seller_id SERIAL,
        advt_id SERIAL,
        building_id SERIAL,
        flat_params_id SERIAL,
        district_id SERIAL,
        geo_id SERIAL,
        price DECIMAL,
        processed_dttm DATE NOT NULL,
        source VARCHAR(20) NOT NULL
    ), parameters: None
[2024-09-22T10:17:39.447+0000] {taskinstance.py:1398} INFO - Marking task as SUCCESS. dag_id=flats, task_id=create_fact_table, execution_date=20240922T101718, start_date=20240922T101738, end_date=20240922T101739
[2024-09-22T10:17:39.509+0000] {local_task_job_runner.py:228} INFO - Task exited with return code 0
[2024-09-22T10:17:39.544+0000] {taskinstance.py:2776} INFO - 0 downstream tasks scheduled from follow-on schedule check
